[20150722 10:09:53]当前在线数: 0
[20150722 10:53:36]当前在线数: 0
[20150722 11:01:22]当前在线数: 0
[20150722 11:02:22]当前在线数: 0
[20150722 11:03:22]当前在线数: 0
[20150722 11:04:22]当前在线数: 0
[20150722 11:05:22]当前在线数: 0
[20150722 11:06:22]当前在线数: 0
[20150722 11:07:22]当前在线数: 0
[20150722 11:08:22]当前在线数: 0
[20150722 11:09:22]当前在线数: 0
[20150722 11:10:22]当前在线数: 0
[20150722 11:20:34]当前在线数: 0
[20150722 11:21:34]当前在线数: 0
[20150722 11:22:34]当前在线数: 0
[20150722 11:34:29]当前在线数: 0
[20150722 11:35:29]当前在线数: 1
[20150722 11:36:29]当前在线数: 0
[20150722 11:37:29]当前在线数: 1
[20150722 11:38:29]当前在线数: 0
[20150722 11:39:29]当前在线数: 0
[20150722 11:40:29]当前在线数: 0
[20150722 11:41:29]当前在线数: 0
[20150722 11:42:29]当前在线数: 0
[20150722 11:43:29]当前在线数: 0
[20150722 11:44:29]当前在线数: 0
[20150722 11:45:29]当前在线数: 0
[20150722 11:46:29]当前在线数: 0
[20150722 11:47:29]当前在线数: 0
[20150722 11:48:29]当前在线数: 0
[20150722 11:49:29]当前在线数: 0
[20150722 11:50:29]当前在线数: 0
[20150722 11:51:29]当前在线数: 0
[20150722 11:52:29]当前在线数: 0
[20150722 11:53:29]当前在线数: 0
[20150722 11:54:29]当前在线数: 0
[20150722 11:55:29]当前在线数: 0
[20150722 11:56:29]当前在线数: 0
[20150722 11:57:29]当前在线数: 0
[20150722 13:55:21]当前在线数: 0
[20150722 13:56:21]当前在线数: 0
[20150722 13:57:21]当前在线数: 1
[20150722 13:58:21]当前在线数: 1
[20150722 13:59:21]当前在线数: 0
[20150722 14:00:21]当前在线数: 1
[20150722 14:01:21]当前在线数: 1
[20150722 14:02:21]当前在线数: 1
[20150722 14:03:21]当前在线数: 1
[20150722 14:04:21]当前在线数: 1
[20150722 14:10:30]当前在线数: 0
[20150722 14:11:30]当前在线数: 1
[20150722 14:12:30]当前在线数: 0
