C:\USERS\ADMINISTRATOR\DESKTOP\协达资料\近期代码资料\广州邮政\SSMAPP\RELEASE\SSMAPP.BSC
C:\USERS\ADMINISTRATOR\DESKTOP\协达资料\近期代码资料\广州邮政\SSMAPP\RELEASE\SSMAPP.PCH
C:\USERS\ADMINISTRATOR\DESKTOP\协达资料\近期代码资料\广州邮政\SSMAPP\RELEASE\STDAFX.SBR
C:\USERS\ADMINISTRATOR\DESKTOP\协达资料\近期代码资料\广州邮政\SSMAPP\RELEASE\STDAFX.OBJ
C:\USERS\ADMINISTRATOR\DESKTOP\协达资料\近期代码资料\广州邮政\SSMAPP\RELEASE\VC100.PDB
C:\USERS\ADMINISTRATOR\DESKTOP\协达资料\近期代码资料\广州邮政\SSMAPP\RELEASE\DATABASE.SBR
C:\USERS\ADMINISTRATOR\DESKTOP\协达资料\近期代码资料\广州邮政\SSMAPP\RELEASE\DES.SBR
C:\USERS\ADMINISTRATOR\DESKTOP\协达资料\近期代码资料\广州邮政\SSMAPP\RELEASE\LOG.SBR
C:\USERS\ADMINISTRATOR\DESKTOP\协达资料\近期代码资料\广州邮政\SSMAPP\RELEASE\MARKUP.SBR
C:\USERS\ADMINISTRATOR\DESKTOP\协达资料\近期代码资料\广州邮政\SSMAPP\RELEASE\QUEUE.SBR
C:\USERS\ADMINISTRATOR\DESKTOP\协达资料\近期代码资料\广州邮政\SSMAPP\RELEASE\SHOCKWAVEFLASH.SBR
C:\USERS\ADMINISTRATOR\DESKTOP\协达资料\近期代码资料\广州邮政\SSMAPP\RELEASE\SSMAPP.SBR
C:\USERS\ADMINISTRATOR\DESKTOP\协达资料\近期代码资料\广州邮政\SSMAPP\RELEASE\SSMAPPDLG.SBR
C:\USERS\ADMINISTRATOR\DESKTOP\协达资料\近期代码资料\广州邮政\SSMAPP\RELEASE\TRANPRODLG.SBR
C:\USERS\ADMINISTRATOR\DESKTOP\协达资料\近期代码资料\广州邮政\SSMAPP\RELEASE\TRANPROTHREAD.SBR
C:\USERS\ADMINISTRATOR\DESKTOP\协达资料\近期代码资料\广州邮政\SSMAPP\RELEASE\TRANPROTHREAD.OBJ
C:\USERS\ADMINISTRATOR\DESKTOP\协达资料\近期代码资料\广州邮政\SSMAPP\RELEASE\TRANPRODLG.OBJ
C:\USERS\ADMINISTRATOR\DESKTOP\协达资料\近期代码资料\广州邮政\SSMAPP\RELEASE\SSMAPPDLG.OBJ
C:\USERS\ADMINISTRATOR\DESKTOP\协达资料\近期代码资料\广州邮政\SSMAPP\RELEASE\SSMAPP.OBJ
C:\USERS\ADMINISTRATOR\DESKTOP\协达资料\近期代码资料\广州邮政\SSMAPP\RELEASE\SHOCKWAVEFLASH.OBJ
C:\USERS\ADMINISTRATOR\DESKTOP\协达资料\近期代码资料\广州邮政\SSMAPP\RELEASE\QUEUE.OBJ
C:\USERS\ADMINISTRATOR\DESKTOP\协达资料\近期代码资料\广州邮政\SSMAPP\RELEASE\MARKUP.OBJ
C:\USERS\ADMINISTRATOR\DESKTOP\协达资料\近期代码资料\广州邮政\SSMAPP\RELEASE\LOG.OBJ
C:\USERS\ADMINISTRATOR\DESKTOP\协达资料\近期代码资料\广州邮政\SSMAPP\RELEASE\DES.OBJ
C:\USERS\ADMINISTRATOR\DESKTOP\协达资料\近期代码资料\广州邮政\SSMAPP\RELEASE\DATABASE.OBJ
C:\USERS\ADMINISTRATOR\DESKTOP\协达资料\近期代码资料\广州邮政\SSMAPP\RELEASE\MD5.SBR
C:\USERS\ADMINISTRATOR\DESKTOP\协达资料\近期代码资料\广州邮政\SSMAPP\RELEASE\MD5.OBJ
C:\USERS\ADMINISTRATOR\DESKTOP\协达资料\近期代码资料\广州邮政\SSMAPP\RELEASE\SSMAPP.EXE
C:\USERS\ADMINISTRATOR\DESKTOP\协达资料\近期代码资料\广州邮政\SSMAPP\RELEASE\SSMAPP.EXE.INTERMEDIATE.MANIFEST
C:\USERS\ADMINISTRATOR\DESKTOP\协达资料\近期代码资料\广州邮政\SSMAPP\RELEASE\SSMAPP.RES
C:\Users\Administrator\Desktop\协达资料\近期代码资料\广州邮政\ssmapp\Release\DataBase.obj
C:\Users\Administrator\Desktop\协达资料\近期代码资料\广州邮政\ssmapp\Release\Des.obj
C:\Users\Administrator\Desktop\协达资料\近期代码资料\广州邮政\ssmapp\Release\Log.obj
C:\Users\Administrator\Desktop\协达资料\近期代码资料\广州邮政\ssmapp\Release\Markup.obj
C:\Users\Administrator\Desktop\协达资料\近期代码资料\广州邮政\ssmapp\Release\md5.obj
C:\Users\Administrator\Desktop\协达资料\近期代码资料\广州邮政\ssmapp\Release\Queue.obj
C:\Users\Administrator\Desktop\协达资料\近期代码资料\广州邮政\ssmapp\Release\shockwaveflash.obj
C:\Users\Administrator\Desktop\协达资料\近期代码资料\广州邮政\ssmapp\Release\ssmApp.obj
C:\Users\Administrator\Desktop\协达资料\近期代码资料\广州邮政\ssmapp\Release\ssmAppDlg.obj
C:\Users\Administrator\Desktop\协达资料\近期代码资料\广州邮政\ssmapp\Release\StdAfx.obj
C:\Users\Administrator\Desktop\协达资料\近期代码资料\广州邮政\ssmapp\Release\TranProDlg.obj
C:\Users\Administrator\Desktop\协达资料\近期代码资料\广州邮政\ssmapp\Release\TranProThread.obj
C:\Users\Administrator\Desktop\协达资料\近期代码资料\广州邮政\ssmapp\Release\BscMake.command.1.tlog
C:\Users\Administrator\Desktop\协达资料\近期代码资料\广州邮政\ssmapp\Release\bscmake.read.1.tlog
C:\Users\Administrator\Desktop\协达资料\近期代码资料\广州邮政\ssmapp\Release\bscmake.write.1.tlog
C:\Users\Administrator\Desktop\协达资料\近期代码资料\广州邮政\ssmapp\Release\cl.command.1.tlog
C:\Users\Administrator\Desktop\协达资料\近期代码资料\广州邮政\ssmapp\Release\CL.read.1.tlog
C:\Users\Administrator\Desktop\协达资料\近期代码资料\广州邮政\ssmapp\Release\CL.write.1.tlog
C:\Users\Administrator\Desktop\协达资料\近期代码资料\广州邮政\ssmapp\Release\link-cvtres.read.1.tlog
C:\Users\Administrator\Desktop\协达资料\近期代码资料\广州邮政\ssmapp\Release\link-cvtres.write.1.tlog
C:\Users\Administrator\Desktop\协达资料\近期代码资料\广州邮政\ssmapp\Release\link.command.1.tlog
C:\Users\Administrator\Desktop\协达资料\近期代码资料\广州邮政\ssmapp\Release\link.read.1.tlog
C:\Users\Administrator\Desktop\协达资料\近期代码资料\广州邮政\ssmapp\Release\link.write.1.tlog
C:\Users\Administrator\Desktop\协达资料\近期代码资料\广州邮政\ssmapp\Release\mt.command.1.tlog
C:\Users\Administrator\Desktop\协达资料\近期代码资料\广州邮政\ssmapp\Release\mt.read.1.tlog
C:\Users\Administrator\Desktop\协达资料\近期代码资料\广州邮政\ssmapp\Release\mt.write.1.tlog
C:\Users\Administrator\Desktop\协达资料\近期代码资料\广州邮政\ssmapp\Release\rc.command.1.tlog
C:\Users\Administrator\Desktop\协达资料\近期代码资料\广州邮政\ssmapp\Release\rc.read.1.tlog
C:\Users\Administrator\Desktop\协达资料\近期代码资料\广州邮政\ssmapp\Release\rc.write.1.tlog
C:\Users\Administrator\Desktop\协达资料\近期代码资料\广州邮政\ssmapp\Release\ssmApp.exe.intermediate.manifest
C:\Users\Administrator\Desktop\协达资料\近期代码资料\广州邮政\ssmapp\Release\ssmApp.res
C:\Users\Administrator\Desktop\协达资料\近期代码资料\广州邮政\ssmapp\Release\ssmApp.pch
C:\Users\Administrator\Desktop\协达资料\近期代码资料\广州邮政\ssmapp\Release\vc100.pdb
C:\Users\Administrator\Desktop\协达资料\近期代码资料\广州邮政\ssmapp\Release\ssmApp.bsc
C:\Users\Administrator\Desktop\协达资料\近期代码资料\广州邮政\ssmapp\Release\DataBase.sbr
C:\Users\Administrator\Desktop\协达资料\近期代码资料\广州邮政\ssmapp\Release\Des.sbr
C:\Users\Administrator\Desktop\协达资料\近期代码资料\广州邮政\ssmapp\Release\Log.sbr
C:\Users\Administrator\Desktop\协达资料\近期代码资料\广州邮政\ssmapp\Release\Markup.sbr
C:\Users\Administrator\Desktop\协达资料\近期代码资料\广州邮政\ssmapp\Release\md5.sbr
C:\Users\Administrator\Desktop\协达资料\近期代码资料\广州邮政\ssmapp\Release\Queue.sbr
C:\Users\Administrator\Desktop\协达资料\近期代码资料\广州邮政\ssmapp\Release\shockwaveflash.sbr
C:\Users\Administrator\Desktop\协达资料\近期代码资料\广州邮政\ssmapp\Release\ssmApp.sbr
C:\Users\Administrator\Desktop\协达资料\近期代码资料\广州邮政\ssmapp\Release\ssmAppDlg.sbr
C:\Users\Administrator\Desktop\协达资料\近期代码资料\广州邮政\ssmapp\Release\StdAfx.sbr
C:\Users\Administrator\Desktop\协达资料\近期代码资料\广州邮政\ssmapp\Release\TranProDlg.sbr
C:\Users\Administrator\Desktop\协达资料\近期代码资料\广州邮政\ssmapp\Release\TranProThread.sbr
C:\Users\Administrator\Desktop\协达资料\近期代码资料\广州邮政\ssmapp\Release\ssmApp.exe
