[20150901 16:45:46.811 1488] 【FSK】len: [97]
[20150901 16:45:46.811 1488] 【FSK】cntLen: [95]
[20150901 16:45:46.812 1488] 【FSK】enyFlag: [1]
[20150901 16:45:46.812 1488] 【index=0】
[20150901 16:45:46.824 1488] -------------------------
[20150901 16:45:46.826 1488] USBID[E552B854835A7EF1]
[20150901 16:45:46.827 1488] 电话号码[3074A81CF60A033C]
[20150901 16:45:46.828 1488] 程序MD5[050802C179E82101]
[20150901 16:45:46.828 1488] 终端号[68144572]
[20150901 16:45:46.829 1488] IP[127.0.0.1]
[20150901 16:45:46.829 1488] 请求类型[10]
[20150901 16:45:46.830 1488] 左串口设备[12]
[20150901 16:45:46.830 1488] 右串口设备[0]
[20150901 16:45:46.830 1488] 内置设备[0]
[20150901 16:45:46.831 1488] 程序版本[9020]
[20150901 16:45:46.831 1488] 应用版本[00000000]
[20150901 16:45:46.831 1488] 加密类型[1]
[20150901 16:45:46.832 1488] 用户是否确认[gbl.agreeFlag]:1
[20150901 16:45:46.832 1488] 【getEncryptType】
[20150901 16:45:46.846 1488] 【GetRecordSet】
[20150901 16:45:46.847 1488] ORA-00942: 表或视图不存在
[20150901 16:45:46.847 1488] 数据库中记录的加密类型[0]，iRet[-2]
[20150901 16:45:46.848 1488] 服务器IP:[192.168.95.216]
[20150901 16:45:46.873 1488] DB_CON_STR = [Provider=OraOLEDB.Oracle.1;Data Source=(DESCRIPTION =(ADDRESS_LIST =(ADDRESS = (PROTOCOL = TCP)(HOST = 172.26.7.36)(PORT = 1521)))(CONNECT_DATA =(SERVICE_NAME = testdb) ) );Password=ctsi123;User ID=ctsi;Persist Security Info=True]
[20150901 16:45:46.915 1488] vSQL:[select tgroup, phone, card_no, curworkid,reversal, epos_term.status, epos_term.input_times, epos_term.print_paper, NVL(usbid, 'FFFFFFFFFFFFFFFF') usbid, area.city_no city_no, acc_area.city_no acc_city_no, psamNum, tmk, tpk, tak, tek ,title_flag, pki_card, signin_serial, commission_free,HID_TYPE from epos_term,soft_term,area area, area acc_area, YCTYP_signin where epos_term.term_id = '68144572' and epos_term.area=area.area and epos_term.accarea=acc_area.area and epos_term.term_id=soft_term.term_id(+) and epos_term.term_id=YCTYP_signin.term_id(+) and signin_time(+)>trunc(sysdate)]
[20150901 16:45:46.915 1488] 绑定的e卡[16]: [1088100204004522]
[20150901 16:45:46.916 1488] 发送获取终端信息报文[长度:50]到ACC:[FFFF201509011645466814457200000050PEP000G068144572]
[20150901 16:45:46.916 1488] 连接主机172.26.3.8,20011……
[20150901 16:45:46.922 1488] Connect OK!
[20150901 16:45:46.924 1488] 发出数据[50]
[20150901 16:45:47.269 1488] CTSI收到ACC应答:[FFFF201509011645466814457200000077PEP000G1000004成功000000000000000001000000D]
[20150901 16:45:47.270 1488] 响应码:[0000]:[成功]
[20150901 16:45:47.271 1488] 商户等级为: 1星级 []
[20150901 16:45:47.272 1488] 【核心返回日交易限额:0】
[20150901 16:45:47.273 1488] 【核心返回系统日交易限额:1000000】
[20150901 16:45:47.275 1488] 自设日交易限额：[0]；系统日交易限额：[1000000]；日交易限额: [1000000]
[20150901 16:45:47.276 1488] 东莞清华同方读卡器设备[1]
[20150901 16:45:47.277 1488] 【获取数据库时间】
[20150901 16:45:47.295 1488] 数据库时间为:164404
[20150901 16:45:47.297 1488] 【wrMonitorLog】type[10] stat[0] rspCode[0]
[20150901 16:45:47.338 1488] 【wrMonitorLog】end
[20150901 16:45:47.338 1488] gbl.menu_group_mbl_flag:[2]
[20150901 16:45:47.339 1488] 【getYctNotFinish】
[20150901 16:45:47.339 1488] 查询羊城通不完整交易:select stan, to_char(txn_time, 'yyyymmdd') txn_date, to_char(txn_time, 'hh24miss') txn_time, biz_type, status, term_id, term_serial, bank, card_no, amount, yct_serial, pki_card, ticket_no, ticket_amo_bef, ticket_amo_aft, result_message,yct_ack  from yctyp_txn where term_id='68144572' and (YCT_ACK =0 or status in ('4','9') ) and rownum=1 order by txn_time  desc 
[20150901 16:45:47.364 1488] logon_flag = 0
[20150901 16:45:47.364 1488] 【getCardInfo】card_flag[2] pay_flag[4]
[20150901 16:45:47.365 1488] 【FSK】【TS_SetCardNum】begin
[20150901 16:45:47.365 1488] 【FSK】【TS_SetCardNum】end
[20150901 16:45:47.366 1488] 【gbl.menu_group】【36】
[20150901 16:45:47.366 1488] 【main_group】【36】
[20150901 16:45:47.366 1488] 【main_ver】【13600230】
[20150901 16:45:47.367 1488] 【getGroupMenus】
[20150901 16:45:47.367 1488] 可用连接号：[0]
[20150901 16:45:47.368 1488] [select case parent when 0 then (case currentm when 0 then child else currentm end) else parent end parent,case parent when 0 then (case currentm when 0 then 0 else child end) else currentm end currentm,case parent when 0 then 0 else child end child from (select * from epos_menu_conf where menu_group=36) start with  parent=0 and currentm=0 connect by prior child=currentm order siblings by priority]
[20150901 16:45:47.385 1488] 【FSK】【TS_ClearMenus】
[20150901 16:45:47.387 1488] 【FSK】发出数据[50]
[20150901 16:45:47.387 1488] 【FSK】发送包内容[100]：[210064B5BE9532F93CAC3026C8F263A14ED217337F5107AD0F42B56E187DADA00858BC62737C3D5BA53AC0DB9882FE3392B5]
[20150901 16:45:47.388 1488] 【FSK】接收长度[0]
[20150901 16:45:47.389 1488] 【FSK】返回包内容[0]：[]
[20150901 16:45:47.389 1488] TS_ClearMenus return [-101]
[20150901 16:45:47.390 1488] TS_TradeEncode return [0]
[20150901 16:45:47.390 1488] 第[1]项 位置[1][0][0] 菜单[435][超爽交费易]
[20150901 16:45:47.390 1488] 第[2]项 位置[2][0][0] 目录[1][中国电信]
[20150901 16:45:47.391 1488] 第[3]项 位置[2][1][0] 目录[467][充值卡销售(全国通用)]
[20150901 16:45:47.391 1488] TS_TradeEncode return [0]
[20150901 16:45:47.391 1488] 第[4]项 位置[2][1][1] 菜单[468][30元]
[20150901 16:45:47.392 1488] TS_TradeEncode return [0]
[20150901 16:45:47.392 1488] 第[5]项 位置[2][1][2] 菜单[469][50元]
[20150901 16:45:47.393 1488] TS_TradeEncode return [0]
[20150901 16:45:47.393 1488] 第[6]项 位置[2][1][3] 菜单[470][100元]
[20150901 16:45:47.394 1488] 第[7]项 位置[2][2][0] 目录[422][电信直充]
[20150901 16:45:47.394 1488] TS_TradeEncode return [0]
[20150901 16:45:47.394 1488] 第[8]项 位置[2][2][1] 菜单[654][单个电话号码充值(广东)]
[20150901 16:45:47.395 1488] TS_TradeEncode return [0]
[20150901 16:45:47.395 1488] 第[9]项 位置[2][2][2] 菜单[655][单个ADSL网费(广东省)]
[20150901 16:45:47.395 1488] TS_TradeEncode return [0]
[20150901 16:45:47.396 1488] 第[10]项 位置[2][2][3] 菜单[656][绑定业务(e家套餐)广东]
[20150901 16:45:47.396 1488] TS_TradeEncode return [0]
[20150901 16:45:47.396 1488] 第[11]项 位置[2][2][4] 菜单[809][单个话费充值(全国)]
[20150901 16:45:47.397 1488] 第[12]项 位置[2][3][0] 目录[444][电信综合交费]
[20150901 16:45:47.397 1488] TS_TradeEncode return [0]
[20150901 16:45:47.397 1488] 第[13]项 位置[2][3][1] 菜单[132][交话费（综合）]
[20150901 16:45:47.398 1488] TS_TradeEncode return [0]
[20150901 16:45:47.398 1488] 第[14]项 位置[2][3][2] 菜单[71][固话/小灵通交费]
[20150901 16:45:47.399 1488] TS_TradeEncode return [0]
[20150901 16:45:47.400 1488] 第[15]项 位置[2][3][3] 菜单[75][电信ADSL交费]
[20150901 16:45:47.401 1488] TS_TradeEncode return [0]
[20150901 16:45:47.401 1488] 第[16]项 位置[2][3][4] 菜单[228][电信CDMA交费]
[20150901 16:45:47.401 1488] TS_TradeEncode return [0]
[20150901 16:45:47.402 1488] 第[17]项 位置[2][3][5] 菜单[229][CDMA预付费充值]
[20150901 16:45:47.402 1488] 第[18]项 位置[2][4][0] 目录[657][天翼空中选号]
[20150901 16:45:47.403 1488] TS_TradeEncode return [0]
[20150901 16:45:47.403 1488] 第[19]项 位置[2][4][1] 菜单[658][白卡采购]
[20150901 16:45:47.404 1488] TS_TradeEncode return [0]
[20150901 16:45:47.404 1488] 第[20]项 位置[2][4][2] 菜单[659][白卡到货确认]
[20150901 16:45:47.404 1488] TS_TradeEncode return [0]
[20150901 16:45:47.405 1488] 第[21]项 位置[2][4][3] 菜单[660][号码销售]
[20150901 16:45:47.405 1488] TS_TradeEncode return [0]
[20150901 16:45:47.406 1488] 第[22]项 位置[2][5][0] 菜单[741][翼支付账户充值]
[20150901 16:45:47.406 1488] TS_TradeEncode return [0]
[20150901 16:45:47.407 1488] 第[23]项 位置[2][6][0] 菜单[788][3G流量卡直充]
[20150901 16:45:47.407 1488] TS_TradeEncode return [0]
[20150901 16:45:47.407 1488] 第[24]项 位置[2][7][0] 菜单[800][翼支付卡]
[20150901 16:45:47.408 1488] 第[25]项 位置[3][0][0] 目录[626][公交卡充值（全省岭南通）]
[20150901 16:45:47.408 1488] TS_TradeEncode return [0]
[20150901 16:45:47.409 1488] 第[26]项 位置[3][1][0] 菜单[597][羊城通余额查询]
[20150901 16:45:47.409 1488] TS_TradeEncode return [0]
[20150901 16:45:47.410 1488] 第[27]项 位置[3][2][0] 菜单[776][现金充值]
[20150901 16:45:47.410 1488] TS_TradeEncode return [0]
[20150901 16:45:47.410 1488] 第[28]项 位置[3][3][0] 菜单[777][自动充值(飞充)]
[20150901 16:45:47.411 1488] TS_TradeEncode return [0]
[20150901 16:45:47.411 1488] 第[29]项 位置[3][4][0] 菜单[779][充值撤销]
[20150901 16:45:47.411 1488] TS_TradeEncode return [0]
[20150901 16:45:47.412 1488] 第[30]项 位置[3][5][0] 菜单[780][卡片拓展应用]
[20150901 16:45:47.412 1488] 第[31]项 位置[4][0][0] 目录[3][中国联通]
[20150901 16:45:47.412 1488] 第[32]项 位置[4][1][0] 目录[421][充值卡销售(全国)]
[20150901 16:45:47.413 1488] TS_TradeEncode return [0]
[20150901 16:45:47.413 1488] 第[33]项 位置[4][1][1] 菜单[405][30元(售31元)]
[20150901 16:45:47.414 1488] TS_TradeEncode return [0]
[20150901 16:45:47.414 1488] 第[34]项 位置[4][1][2] 菜单[406][50元]
[20150901 16:45:47.414 1488] TS_TradeEncode return [0]
[20150901 16:45:47.415 1488] 第[35]项 位置[4][1][3] 菜单[407][100元]
[20150901 16:45:47.415 1488] 第[36]项 位置[4][2][0] 目录[474][联通直充(广东省内)]
[20150901 16:45:47.416 1488] TS_TradeEncode return [0]
[20150901 16:45:47.416 1488] 第[37]项 位置[4][2][1] 菜单[599][30元]
[20150901 16:45:47.417 1488] TS_TradeEncode return [0]
[20150901 16:45:47.419 1488] 第[38]项 位置[4][2][2] 菜单[600][50元]
[20150901 16:45:47.420 1488] TS_TradeEncode return [0]
[20150901 16:45:47.421 1488] 第[39]项 位置[4][2][3] 菜单[601][100元]
[20150901 16:45:47.421 1488] TS_TradeEncode return [0]
[20150901 16:45:47.421 1488] 第[40]项 位置[4][2][4] 菜单[612][200元]
[20150901 16:45:47.422 1488] TS_TradeEncode return [0]
[20150901 16:45:47.422 1488] 第[41]项 位置[4][2][5] 菜单[602][300元]
[20150901 16:45:47.423 1488] TS_TradeEncode return [0]
[20150901 16:45:47.423 1488] 第[42]项 位置[4][2][6] 菜单[603][500元]
[20150901 16:45:47.424 1488] 第[43]项 位置[4][3][0] 目录[31][联通交费]
[20150901 16:45:47.424 1488] TS_TradeEncode return [0]
[20150901 16:45:47.425 1488] 第[44]项 位置[4][3][1] 菜单[80][130/131后付费]
[20150901 16:45:47.425 1488] TS_TradeEncode return [0]
[20150901 16:45:47.426 1488] 第[45]项 位置[4][3][2] 菜单[81][130/131预付费]
[20150901 16:45:47.426 1488] TS_TradeEncode return [0]
[20150901 16:45:47.427 1488] 第[46]项 位置[4][3][3] 菜单[84][193/17911后付费]
[20150901 16:45:47.428 1488] TS_TradeEncode return [0]
[20150901 16:45:47.428 1488] 第[47]项 位置[4][3][4] 菜单[85][193/17911预付费]
[20150901 16:45:47.429 1488] TS_TradeEncode return [0]
[20150901 16:45:47.429 1488] 第[48]项 位置[4][4][0] 菜单[789][联通充值（全国）]
[20150901 16:45:47.430 1488] 第[49]项 位置[5][0][0] 目录[377][QQ/游戏/电影/长途汽车]
[20150901 16:45:47.430 1488] 第[50]项 位置[5][1][0] 目录[12][QQ腾讯直充]
[20150901 16:45:47.430 1488] TS_TradeEncode return [0]
[20150901 16:45:47.431 1488] 第[51]项 位置[5][1][1] 菜单[41][Q币充值]
[20150901 16:45:47.431 1488] TS_TradeEncode return [0]
[20150901 16:45:47.432 1488] 第[52]项 位置[5][1][2] 菜单[42][QQ会员包月]
[20150901 16:45:47.434 1488] TS_TradeEncode return [0]
[20150901 16:45:47.435 1488] 第[53]项 位置[5][1][3] 菜单[643][黄钻贵族（QQ空间）]
[20150901 16:45:47.435 1488] TS_TradeEncode return [0]
[20150901 16:45:47.436 1488] 第[54]项 位置[5][1][4] 菜单[644][红钻贵族（QQ秀）]
[20150901 16:45:47.436 1488] TS_TradeEncode return [0]
[20150901 16:45:47.437 1488] 第[55]项 位置[5][1][5] 菜单[645][蓝钻贵族（QQ游戏）]
[20150901 16:45:47.438 1488] TS_TradeEncode return [0]
[20150901 16:45:47.438 1488] 第[56]项 位置[5][1][6] 菜单[646][QQ堂紫钻]
[20150901 16:45:47.439 1488] 第[57]项 位置[5][2][0] 目录[212][游戏点卡（可充QQ等）]
[20150901 16:45:47.440 1488] TS_TradeEncode return [0]
[20150901 16:45:47.441 1488] 第[58]项 位置[5][2][1] 菜单[391][天下通卡]
[20150901 16:45:47.441 1488] 第[59]项 位置[5][3][0] 目录[688][游戏直充（可充QQ/游戏等）]
[20150901 16:45:47.442 1488] TS_TradeEncode return [0]
[20150901 16:45:47.442 1488] 第[60]项 位置[5][3][1] 菜单[694][全部游戏列表]
[20150901 16:45:47.442 1488] TS_TradeEncode return [0]
[20150901 16:45:47.443 1488] 第[61]项 位置[5][3][2] 菜单[695][按关键字搜索]
[20150901 16:45:47.443 1488] TS_TradeEncode return [0]
[20150901 16:45:47.444 1488] 第[62]项 位置[5][4][0] 菜单[783][水电煤气缴费]
[20150901 16:45:47.445 1488] 第[63]项 位置[5][5][0] 目录[9][有线电视]
[20150901 16:45:47.445 1488] TS_TradeEncode return [0]
[20150901 16:45:47.446 1488] 第[64]项 位置[5][5][1] 菜单[34][高清互动电视]
[20150901 16:45:47.446 1488] TS_TradeEncode return [0]
[20150901 16:45:47.447 1488] 第[65]项 位置[5][5][2] 菜单[35][珠江数码（数字电视）]
[20150901 16:45:47.447 1488] TS_TradeEncode return [0]
[20150901 16:45:47.448 1488] 第[66]项 位置[5][5][3] 菜单[36][珠江宽频]
[20150901 16:45:47.448 1488] 第[67]项 位置[5][6][0] 目录[722][长途汽车票]
[20150901 16:45:47.449 1488] TS_TradeEncode return [0]
[20150901 16:45:47.450 1488] 第[68]项 位置[5][6][1] 菜单[712][广州发车]
[20150901 16:45:47.451 1488] 第[69]项 位置[6][0][0] 目录[267][汽车频道（交通罚款）]
[20150901 16:45:47.452 1488] 第[70]项 位置[6][1][0] 目录[218][广州交通罚款]
[20150901 16:45:47.452 1488] TS_TradeEncode return [0]
[20150901 16:45:47.452 1488] 第[71]项 位置[6][1][1] 菜单[237][现场执法罚单交纳]
[20150901 16:45:47.453 1488] TS_TradeEncode return [0]
[20150901 16:45:47.453 1488] 第[72]项 位置[6][1][2] 菜单[383][其他类型罚单交纳]
[20150901 16:45:47.454 1488] TS_TradeEncode return [0]
[20150901 16:45:47.454 1488] 第[73]项 位置[6][2][0] 菜单[5][广州车船税]
[20150901 16:45:47.455 1488] 第[74]项 位置[6][3][0] 目录[555][广州汽车年票]
[20150901 16:45:47.455 1488] TS_TradeEncode return [0]
[20150901 16:45:47.456 1488] 第[75]项 位置[6][3][1] 菜单[551][广州汽车年票]
[20150901 16:45:47.456 1488] 第[76]项 位置[6][4][0] 目录[432][广州车强险]
[20150901 16:45:47.457 1488] TS_TradeEncode return [0]
[20150901 16:45:47.457 1488] 第[77]项 位置[6][4][1] 菜单[10][PICC车强险]
[20150901 16:45:47.457 1488] 第[78]项 位置[6][5][0] 目录[635][全省交通罚款]
[20150901 16:45:47.458 1488] TS_TradeEncode return [0]
[20150901 16:45:47.458 1488] 第[79]项 位置[6][5][1] 菜单[636][小型汽车]
[20150901 16:45:47.459 1488] TS_TradeEncode return [0]
[20150901 16:45:47.459 1488] 第[80]项 位置[6][5][2] 菜单[637][大型汽车]
[20150901 16:45:47.460 1488] TS_TradeEncode return [0]
[20150901 16:45:47.460 1488] 第[81]项 位置[6][5][3] 菜单[638][外籍汽车(黑牌)]
[20150901 16:45:47.461 1488] TS_TradeEncode return [0]
[20150901 16:45:47.461 1488] 第[82]项 位置[6][5][4] 菜单[639][挂车]
[20150901 16:45:47.462 1488] TS_TradeEncode return [0]
[20150901 16:45:47.462 1488] 第[83]项 位置[6][5][5] 菜单[652][违章罚单查询]
[20150901 16:45:47.463 1488] TS_TradeEncode return [0]
[20150901 16:45:47.463 1488] 第[84]项 位置[7][0][0] 菜单[355][信用卡还款]
[20150901 16:45:47.464 1488] 第[85]项 位置[8][0][0] 目录[376][商户服务]
[20150901 16:45:47.465 1488] 第[86]项 位置[8][1][0] 目录[6][资金管理]
[20150901 16:45:47.465 1488] TS_TradeEncode return [0]
[20150901 16:45:47.466 1488] 第[87]项 位置[8][1][1] 菜单[667][银行卡余额查询]
[20150901 16:45:47.467 1488] TS_TradeEncode return [0]
[20150901 16:45:47.468 1488] 第[88]项 位置[8][1][2] 菜单[151][实时转帐到交费易]
[20150901 16:45:47.468 1488] TS_TradeEncode return [0]
[20150901 16:45:47.469 1488] 第[89]项 位置[8][1][3] 菜单[572][酬金结转]
[20150901 16:45:47.469 1488] TS_TradeEncode return [0]
[20150901 16:45:47.470 1488] 第[90]项 位置[8][1][4] 菜单[152][转帐申请(非实时)]
[20150901 16:45:47.470 1488] TS_TradeEncode return [0]
[20150901 16:45:47.471 1488] 第[91]项 位置[8][1][5] 菜单[480][收支明细查询]
[20150901 16:45:47.471 1488] TS_TradeEncode return [0]
[20150901 16:45:47.472 1488] 第[92]项 位置[8][1][6] 菜单[424][商户签约]
[20150901 16:45:47.472 1488] TS_TradeEncode return [0]
[20150901 16:45:47.472 1488] 第[93]项 位置[8][1][7] 菜单[621][资金划拨]
[20150901 16:45:47.473 1488] 第[94]项 位置[8][2][0] 目录[13][交易管理]
[20150901 16:45:47.473 1488] TS_TradeEncode return [0]
[20150901 16:45:47.474 1488] 第[95]项 位置[8][2][1] 菜单[155][最后一笔查询]
[20150901 16:45:47.474 1488] TS_TradeEncode return [0]
[20150901 16:45:47.475 1488] 第[96]项 位置[8][2][2] 菜单[629][酬金余额查询]
[20150901 16:45:47.475 1488] TS_TradeEncode return [0]
[20150901 16:45:47.475 1488] 第[97]项 位置[8][2][3] 菜单[577][账户余额查询]
[20150901 16:45:47.476 1488] TS_TradeEncode return [0]
[20150901 16:45:47.476 1488] 第[98]项 位置[8][2][4] 菜单[483][员工交班日结]
[20150901 16:45:47.476 1488] TS_TradeEncode return [0]
[20150901 16:45:47.477 1488] 第[99]项 位置[8][2][5] 菜单[724][交易查询/冲正]
[20150901 16:45:47.477 1488] TS_TradeEncode return [0]
[20150901 16:45:47.477 1488] 第[100]项 位置[8][2][6] 菜单[585][系统最新提示]
[20150901 16:45:47.478 1488] TS_TradeEncode return [0]
[20150901 16:45:47.478 1488] 第[101]项 位置[8][2][7] 菜单[781][莞市通充值]
[20150901 16:45:47.479 1488] 第[102]项 位置[8][3][0] 目录[7][票据补打]
[20150901 16:45:47.479 1488] TS_TradeEncode return [0]
[20150901 16:45:47.479 1488] 第[103]项 位置[8][3][1] 菜单[112][通讯资费凭证]
[20150901 16:45:47.480 1488] TS_TradeEncode return [0]
[20150901 16:45:47.480 1488] 第[104]项 位置[8][3][2] 菜单[113][车船使用税凭证]
[20150901 16:45:47.481 1488] TS_TradeEncode return [0]
[20150901 16:45:47.481 1488] 第[105]项 位置[8][3][3] 菜单[221][交通罚款凭证]
[20150901 16:45:47.482 1488] TS_TradeEncode return [0]
[20150901 16:45:47.482 1488] 第[106]项 位置[8][3][4] 菜单[653][按系统参考号补打]
[20150901 16:45:47.482 1488] TS_TradeEncode return [0]
[20150901 16:45:47.483 1488] 第[107]项 位置[8][3][5] 菜单[534][打印终端号]
[20150901 16:45:47.483 1488] TS_TradeEncode return [0]
[20150901 16:45:47.484 1488] 第[108]项 位置[8][3][6] 菜单[608][直充票据补打]
[20150901 16:45:47.484 1488] 第[109]项 位置[8][4][0] 目录[580][统计分析]
[20150901 16:45:47.484 1488] TS_TradeEncode return [0]
[20150901 16:45:47.485 1488] 第[110]项 位置[8][4][1] 菜单[630][交易明细查询]
[20150901 16:45:47.485 1488] 第[111]项 位置[8][5][0] 目录[439][系统设置]
[20150901 16:45:47.485 1488] TS_TradeEncode return [0]
[20150901 16:45:47.486 1488] 第[112]项 位置[8][5][1] 菜单[111][修改交易密码]
[20150901 16:45:47.486 1488] TS_TradeEncode return [0]
[20150901 16:45:47.486 1488] 第[113]项 位置[8][5][2] 菜单[430][修改老板密码及手机]
[20150901 16:45:47.487 1488] TS_TradeEncode return [0]
[20150901 16:45:47.487 1488] 第[114]项 位置[8][5][3] 菜单[676][修改转账密码]
[20150901 16:45:47.487 1488] TS_TradeEncode return [0]
[20150901 16:45:47.488 1488] 第[115]项 位置[8][5][4] 菜单[438][修改交易方式]
[20150901 16:45:47.488 1488] TS_TradeEncode return [0]
[20150901 16:45:47.489 1488] 第[116]项 位置[8][5][5] 菜单[443][修改日交易限额]
[20150901 16:45:47.489 1488] TS_TradeEncode return [0]
[20150901 16:45:47.490 1488] 第[117]项 位置[8][5][6] 菜单[583][界面标题设置]
[20150901 16:45:47.490 1488] TS_TradeEncode return [0]
[20150901 16:45:47.491 1488] 第[118]项 位置[8][5][7] 菜单[604][外部设备设置]
[20150901 16:45:47.491 1488] 第[119]项 位置[8][6][0] 目录[640][客服中心]
[20150901 16:45:47.491 1488] TS_TradeEncode return [0]
[20150901 16:45:47.492 1488] 第[120]项 位置[8][6][1] 菜单[641][在线客服]
[20150901 16:45:47.492 1488] TS_TradeEncode return [0]
[20150901 16:45:47.493 1488] 第[121]项 位置[8][6][2] 菜单[642][客服网站]
[20150901 16:45:47.493 1488] TS_TradeEncode return [0]
[20150901 16:45:47.494 1488] 第[122]项 位置[8][6][3] 菜单[651][赠送领取]
[20150901 16:45:47.494 1488] 第[123]项 位置[8][7][0] 目录[677][服务与耗材订购]
[20150901 16:45:47.495 1488] TS_TradeEncode return [0]
[20150901 16:45:47.495 1488] 第[124]项 位置[8][7][1] 菜单[681][现场维护服务]
[20150901 16:45:47.496 1488] TS_TradeEncode return [0]
[20150901 16:45:47.497 1488] 第[125]项 位置[8][7][2] 菜单[346][凭条采购]
[20150901 16:45:47.497 1488] TS_TradeEncode return [0]
[20150901 16:45:47.498 1488] 第[126]项 位置[8][7][3] 菜单[774][羊城通读卡器]
[20150901 16:45:47.498 1488] TS_TradeEncode return [0]
[20150901 16:45:47.499 1488] 第[127]项 位置[8][7][4] 菜单[678][色带(含邮费)]
[20150901 16:45:47.499 1488] TS_TradeEncode return [0]
[20150901 16:45:47.499 1488] 第[128]项 位置[8][7][5] 菜单[679][交费易宣传套装(含邮费)]
[20150901 16:45:47.500 1488] TS_TradeEncode return [0]
[20150901 16:45:47.500 1488] 第[129]项 位置[8][7][6] 菜单[680][交费易标准招牌]
[20150901 16:45:47.501 1488] 【FSK】【TS_UpdateMenus】
[20150901 16:45:47.501 1488] packsize[636]
[20150901 16:45:47.521 1488] 【FSK】发送失败
[20150901 16:45:47.522 1488] TS_UpdateMenus return [-101]
[20150901 16:45:47.522 1488] 更新菜单失败
[20150901 16:45:47.523 1488] 【进入一项本地菜单】【110】
[20150901 16:45:47.523 1488] e卡－>查询余额
[20150901 16:45:47.524 1488] 【东莞所有银行卡走银联】
[20150901 16:45:47.525 1488] 【getCardPwd】
[20150901 16:45:47.525 1488] key num : [4]
[20150901 16:45:47.526 1488] 【FSK】【TS_TradeControl】
[20150901 16:45:47.527 1488] 【FSK】tradeInfoSend
[20150901 16:45:47.527 1488] 【FSK】Contents[0] acTitle[请输入交易密码：] uCommand[4], uCount[0], uDesMode[10], uCardType[0], uKeyIndex[4], uKeyRand[], uTimeOut[30], uMinLen[6], uMaxLen[6]
[20150901 16:45:47.531 1488] 【FSK】发送失败
[20150901 16:45:47.531 1488] #TS_TradeControl返回错误[-101]
[20150901 16:45:47.532 1488] 【wrMonitorLog】type[2] stat[1] rspCode[-101]
[20150901 16:45:47.533 1488] 【wrMonitorLog】end
[20150901 16:45:47.533 1488] 下发挂机命令
[20150901 16:45:47.534 1488] 【时间统计】结束
[20150901 16:45:47.534 1488] 【FSK】【TS_HangUp】
[20150901 16:45:47.535 1488] 【FSK】发送失败
[20150901 16:45:47.536 1488] 【FSK】rt=[-1]
[20150901 16:45:47.536 1488] 【~CMenuHdl】
[20150901 16:46:38.281 1556] 【FSK】len: [97]
[20150901 16:46:38.282 1556] 【FSK】cntLen: [95]
[20150901 16:46:38.283 1556] 【FSK】enyFlag: [1]
[20150901 16:46:38.284 1556] 【index=0】
[20150901 16:46:38.297 1556] -------------------------
[20150901 16:46:38.298 1556] USBID[E552B854835A7EF1]
[20150901 16:46:38.298 1556] 电话号码[3074A81CF60A033C]
[20150901 16:46:38.299 1556] 程序MD5[050802C179E82101]
[20150901 16:46:38.299 1556] 终端号[68144572]
[20150901 16:46:38.300 1556] IP[127.0.0.1]
[20150901 16:46:38.301 1556] 请求类型[10]
[20150901 16:46:38.302 1556] 左串口设备[12]
[20150901 16:46:38.303 1556] 右串口设备[0]
[20150901 16:46:38.306 1556] 内置设备[0]
[20150901 16:46:38.307 1556] 程序版本[9020]
[20150901 16:46:38.308 1556] 应用版本[00000000]
[20150901 16:46:38.308 1556] 加密类型[1]
[20150901 16:46:38.309 1556] 用户是否确认[gbl.agreeFlag]:1
[20150901 16:46:38.309 1556] 【getEncryptType】
[20150901 16:46:38.325 1556] 【GetRecordSet】
[20150901 16:46:38.326 1556] ORA-00942: 表或视图不存在
[20150901 16:46:38.327 1556] 数据库中记录的加密类型[0]，iRet[-2]
[20150901 16:46:38.328 1556] 服务器IP:[192.168.95.216]
[20150901 16:46:38.329 1556] DB_CON_STR = [Provider=OraOLEDB.Oracle.1;Data Source=(DESCRIPTION =(ADDRESS_LIST =(ADDRESS = (PROTOCOL = TCP)(HOST = 172.26.7.36)(PORT = 1521)))(CONNECT_DATA =(SERVICE_NAME = testdb) ) );Password=ctsi123;User ID=ctsi;Persist Security Info=True]
[20150901 16:46:38.343 1556] vSQL:[select tgroup, phone, card_no, curworkid,reversal, epos_term.status, epos_term.input_times, epos_term.print_paper, NVL(usbid, 'FFFFFFFFFFFFFFFF') usbid, area.city_no city_no, acc_area.city_no acc_city_no, psamNum, tmk, tpk, tak, tek ,title_flag, pki_card, signin_serial, commission_free,HID_TYPE from epos_term,soft_term,area area, area acc_area, YCTYP_signin where epos_term.term_id = '68144572' and epos_term.area=area.area and epos_term.accarea=acc_area.area and epos_term.term_id=soft_term.term_id(+) and epos_term.term_id=YCTYP_signin.term_id(+) and signin_time(+)>trunc(sysdate)]
[20150901 16:46:38.343 1556] 绑定的e卡[16]: [1088100204004522]
[20150901 16:46:38.344 1556] 发送获取终端信息报文[长度:50]到ACC:[FFFF201509011646386814457200000050PEP000G068144572]
[20150901 16:46:38.344 1556] 连接主机172.26.3.8,20011……
[20150901 16:46:38.350 1556] Connect OK!
[20150901 16:46:38.353 1556] 发出数据[50]
[20150901 16:46:38.437 1556] CTSI收到ACC应答:[FFFF201509011646386814457200000077PEP000G1000004成功000000000000000001000000D]
[20150901 16:46:38.438 1556] 响应码:[0000]:[成功]
[20150901 16:46:38.439 1556] 商户等级为: 1星级 []
[20150901 16:46:38.440 1556] 【核心返回日交易限额:0】
[20150901 16:46:38.440 1556] 【核心返回系统日交易限额:1000000】
[20150901 16:46:38.441 1556] 自设日交易限额：[0]；系统日交易限额：[1000000]；日交易限额: [1000000]
[20150901 16:46:38.442 1556] 东莞清华同方读卡器设备[1]
[20150901 16:46:38.443 1556] 【获取数据库时间】
[20150901 16:46:38.452 1556] 数据库时间为:164455
[20150901 16:46:38.453 1556] 【wrMonitorLog】type[10] stat[0] rspCode[0]
[20150901 16:46:38.455 1556] 【wrMonitorLog】end
[20150901 16:46:38.456 1556] gbl.menu_group_mbl_flag:[2]
[20150901 16:46:38.457 1556] 【getYctNotFinish】
[20150901 16:46:38.458 1556] 查询羊城通不完整交易:select stan, to_char(txn_time, 'yyyymmdd') txn_date, to_char(txn_time, 'hh24miss') txn_time, biz_type, status, term_id, term_serial, bank, card_no, amount, yct_serial, pki_card, ticket_no, ticket_amo_bef, ticket_amo_aft, result_message,yct_ack  from yctyp_txn where term_id='68144572' and (YCT_ACK =0 or status in ('4','9') ) and rownum=1 order by txn_time  desc 
[20150901 16:46:38.490 1556] logon_flag = 0
[20150901 16:46:38.492 1556] 【getCardInfo】card_flag[2] pay_flag[4]
[20150901 16:46:38.492 1556] 【FSK】【TS_SetCardNum】begin
[20150901 16:46:38.493 1556] 【FSK】【TS_SetCardNum】end
[20150901 16:46:38.494 1556] 【gbl.menu_group】【36】
[20150901 16:46:38.495 1556] 【main_group】【36】
[20150901 16:46:38.496 1556] 【main_ver】【13600230】
[20150901 16:46:38.497 1556] 【getGroupMenus】
[20150901 16:46:38.498 1556] 可用连接号：[0]
[20150901 16:46:38.498 1556] [select case parent when 0 then (case currentm when 0 then child else currentm end) else parent end parent,case parent when 0 then (case currentm when 0 then 0 else child end) else currentm end currentm,case parent when 0 then 0 else child end child from (select * from epos_menu_conf where menu_group=36) start with  parent=0 and currentm=0 connect by prior child=currentm order siblings by priority]
[20150901 16:46:38.519 1556] 【FSK】【TS_ClearMenus】
[20150901 16:46:38.523 1556] 【FSK】发出数据[50]
[20150901 16:46:38.524 1556] 【FSK】发送包内容[100]：[210064B5BE9532F93CAC3026C8F263A14ED217337F5107AD0F42C289BB3CE87DED3BCB339D106FC0B66A879214DFD5E75AE7]
[20150901 16:46:38.525 1556] 【FSK】接收长度[0]
[20150901 16:46:38.526 1556] 【FSK】返回包内容[0]：[]
[20150901 16:46:38.531 1556] TS_ClearMenus return [-101]
[20150901 16:46:38.532 1556] TS_TradeEncode return [0]
[20150901 16:46:38.533 1556] 第[1]项 位置[1][0][0] 菜单[435][超爽交费易]
[20150901 16:46:38.534 1556] 第[2]项 位置[2][0][0] 目录[1][中国电信]
[20150901 16:46:38.535 1556] 第[3]项 位置[2][1][0] 目录[467][充值卡销售(全国通用)]
[20150901 16:46:38.536 1556] TS_TradeEncode return [0]
[20150901 16:46:38.537 1556] 第[4]项 位置[2][1][1] 菜单[468][30元]
[20150901 16:46:38.537 1556] TS_TradeEncode return [0]
[20150901 16:46:38.538 1556] 第[5]项 位置[2][1][2] 菜单[469][50元]
[20150901 16:46:38.538 1556] TS_TradeEncode return [0]
[20150901 16:46:38.538 1556] 第[6]项 位置[2][1][3] 菜单[470][100元]
[20150901 16:46:38.540 1556] 第[7]项 位置[2][2][0] 目录[422][电信直充]
[20150901 16:46:38.540 1556] TS_TradeEncode return [0]
[20150901 16:46:38.540 1556] 第[8]项 位置[2][2][1] 菜单[654][单个电话号码充值(广东)]
[20150901 16:46:38.541 1556] TS_TradeEncode return [0]
[20150901 16:46:38.541 1556] 第[9]项 位置[2][2][2] 菜单[655][单个ADSL网费(广东省)]
[20150901 16:46:38.542 1556] TS_TradeEncode return [0]
[20150901 16:46:38.542 1556] 第[10]项 位置[2][2][3] 菜单[656][绑定业务(e家套餐)广东]
[20150901 16:46:38.543 1556] TS_TradeEncode return [0]
[20150901 16:46:38.543 1556] 第[11]项 位置[2][2][4] 菜单[809][单个话费充值(全国)]
[20150901 16:46:38.543 1556] 第[12]项 位置[2][3][0] 目录[444][电信综合交费]
[20150901 16:46:38.544 1556] TS_TradeEncode return [0]
[20150901 16:46:38.544 1556] 第[13]项 位置[2][3][1] 菜单[132][交话费（综合）]
[20150901 16:46:38.545 1556] TS_TradeEncode return [0]
[20150901 16:46:38.545 1556] 第[14]项 位置[2][3][2] 菜单[71][固话/小灵通交费]
[20150901 16:46:38.545 1556] TS_TradeEncode return [0]
[20150901 16:46:38.546 1556] 第[15]项 位置[2][3][3] 菜单[75][电信ADSL交费]
[20150901 16:46:38.546 1556] TS_TradeEncode return [0]
[20150901 16:46:38.547 1556] 第[16]项 位置[2][3][4] 菜单[228][电信CDMA交费]
[20150901 16:46:38.547 1556] TS_TradeEncode return [0]
[20150901 16:46:38.548 1556] 第[17]项 位置[2][3][5] 菜单[229][CDMA预付费充值]
[20150901 16:46:38.548 1556] 第[18]项 位置[2][4][0] 目录[657][天翼空中选号]
[20150901 16:46:38.549 1556] TS_TradeEncode return [0]
[20150901 16:46:38.549 1556] 第[19]项 位置[2][4][1] 菜单[658][白卡采购]
[20150901 16:46:38.550 1556] TS_TradeEncode return [0]
[20150901 16:46:38.551 1556] 第[20]项 位置[2][4][2] 菜单[659][白卡到货确认]
[20150901 16:46:38.551 1556] TS_TradeEncode return [0]
[20150901 16:46:38.552 1556] 第[21]项 位置[2][4][3] 菜单[660][号码销售]
[20150901 16:46:38.552 1556] TS_TradeEncode return [0]
[20150901 16:46:38.553 1556] 第[22]项 位置[2][5][0] 菜单[741][翼支付账户充值]
[20150901 16:46:38.553 1556] TS_TradeEncode return [0]
[20150901 16:46:38.554 1556] 第[23]项 位置[2][6][0] 菜单[788][3G流量卡直充]
[20150901 16:46:38.554 1556] TS_TradeEncode return [0]
[20150901 16:46:38.554 1556] 第[24]项 位置[2][7][0] 菜单[800][翼支付卡]
[20150901 16:46:38.555 1556] 第[25]项 位置[3][0][0] 目录[626][公交卡充值（全省岭南通）]
[20150901 16:46:38.555 1556] TS_TradeEncode return [0]
[20150901 16:46:38.556 1556] 第[26]项 位置[3][1][0] 菜单[597][羊城通余额查询]
[20150901 16:46:38.556 1556] TS_TradeEncode return [0]
[20150901 16:46:38.557 1556] 第[27]项 位置[3][2][0] 菜单[776][现金充值]
[20150901 16:46:38.557 1556] TS_TradeEncode return [0]
[20150901 16:46:38.558 1556] 第[28]项 位置[3][3][0] 菜单[777][自动充值(飞充)]
[20150901 16:46:38.558 1556] TS_TradeEncode return [0]
[20150901 16:46:38.559 1556] 第[29]项 位置[3][4][0] 菜单[779][充值撤销]
[20150901 16:46:38.559 1556] TS_TradeEncode return [0]
[20150901 16:46:38.560 1556] 第[30]项 位置[3][5][0] 菜单[780][卡片拓展应用]
[20150901 16:46:38.560 1556] 第[31]项 位置[4][0][0] 目录[3][中国联通]
[20150901 16:46:38.560 1556] 第[32]项 位置[4][1][0] 目录[421][充值卡销售(全国)]
[20150901 16:46:38.561 1556] TS_TradeEncode return [0]
[20150901 16:46:38.561 1556] 第[33]项 位置[4][1][1] 菜单[405][30元(售31元)]
[20150901 16:46:38.562 1556] TS_TradeEncode return [0]
[20150901 16:46:38.562 1556] 第[34]项 位置[4][1][2] 菜单[406][50元]
[20150901 16:46:38.562 1556] TS_TradeEncode return [0]
[20150901 16:46:38.563 1556] 第[35]项 位置[4][1][3] 菜单[407][100元]
[20150901 16:46:38.563 1556] 第[36]项 位置[4][2][0] 目录[474][联通直充(广东省内)]
[20150901 16:46:38.564 1556] TS_TradeEncode return [0]
[20150901 16:46:38.564 1556] 第[37]项 位置[4][2][1] 菜单[599][30元]
[20150901 16:46:38.564 1556] TS_TradeEncode return [0]
[20150901 16:46:38.565 1556] 第[38]项 位置[4][2][2] 菜单[600][50元]
[20150901 16:46:38.565 1556] TS_TradeEncode return [0]
[20150901 16:46:38.566 1556] 第[39]项 位置[4][2][3] 菜单[601][100元]
[20150901 16:46:38.566 1556] TS_TradeEncode return [0]
[20150901 16:46:38.566 1556] 第[40]项 位置[4][2][4] 菜单[612][200元]
[20150901 16:46:38.567 1556] TS_TradeEncode return [0]
[20150901 16:46:38.567 1556] 第[41]项 位置[4][2][5] 菜单[602][300元]
[20150901 16:46:38.568 1556] TS_TradeEncode return [0]
[20150901 16:46:38.568 1556] 第[42]项 位置[4][2][6] 菜单[603][500元]
[20150901 16:46:38.568 1556] 第[43]项 位置[4][3][0] 目录[31][联通交费]
[20150901 16:46:38.569 1556] TS_TradeEncode return [0]
[20150901 16:46:38.569 1556] 第[44]项 位置[4][3][1] 菜单[80][130/131后付费]
[20150901 16:46:38.570 1556] TS_TradeEncode return [0]
[20150901 16:46:38.570 1556] 第[45]项 位置[4][3][2] 菜单[81][130/131预付费]
[20150901 16:46:38.571 1556] TS_TradeEncode return [0]
[20150901 16:46:38.571 1556] 第[46]项 位置[4][3][3] 菜单[84][193/17911后付费]
[20150901 16:46:38.572 1556] TS_TradeEncode return [0]
[20150901 16:46:38.572 1556] 第[47]项 位置[4][3][4] 菜单[85][193/17911预付费]
[20150901 16:46:38.573 1556] TS_TradeEncode return [0]
[20150901 16:46:38.573 1556] 第[48]项 位置[4][4][0] 菜单[789][联通充值（全国）]
[20150901 16:46:38.574 1556] 第[49]项 位置[5][0][0] 目录[377][QQ/游戏/电影/长途汽车]
[20150901 16:46:38.574 1556] 第[50]项 位置[5][1][0] 目录[12][QQ腾讯直充]
[20150901 16:46:38.575 1556] TS_TradeEncode return [0]
[20150901 16:46:38.575 1556] 第[51]项 位置[5][1][1] 菜单[41][Q币充值]
[20150901 16:46:38.576 1556] TS_TradeEncode return [0]
[20150901 16:46:38.576 1556] 第[52]项 位置[5][1][2] 菜单[42][QQ会员包月]
[20150901 16:46:38.577 1556] TS_TradeEncode return [0]
[20150901 16:46:38.577 1556] 第[53]项 位置[5][1][3] 菜单[643][黄钻贵族（QQ空间）]
[20150901 16:46:38.577 1556] TS_TradeEncode return [0]
[20150901 16:46:38.578 1556] 第[54]项 位置[5][1][4] 菜单[644][红钻贵族（QQ秀）]
[20150901 16:46:38.578 1556] TS_TradeEncode return [0]
[20150901 16:46:38.579 1556] 第[55]项 位置[5][1][5] 菜单[645][蓝钻贵族（QQ游戏）]
[20150901 16:46:38.579 1556] TS_TradeEncode return [0]
[20150901 16:46:38.579 1556] 第[56]项 位置[5][1][6] 菜单[646][QQ堂紫钻]
[20150901 16:46:38.580 1556] 第[57]项 位置[5][2][0] 目录[212][游戏点卡（可充QQ等）]
[20150901 16:46:38.580 1556] TS_TradeEncode return [0]
[20150901 16:46:38.581 1556] 第[58]项 位置[5][2][1] 菜单[391][天下通卡]
[20150901 16:46:38.581 1556] 第[59]项 位置[5][3][0] 目录[688][游戏直充（可充QQ/游戏等）]
[20150901 16:46:38.582 1556] TS_TradeEncode return [0]
[20150901 16:46:38.582 1556] 第[60]项 位置[5][3][1] 菜单[694][全部游戏列表]
[20150901 16:46:38.583 1556] TS_TradeEncode return [0]
[20150901 16:46:38.583 1556] 第[61]项 位置[5][3][2] 菜单[695][按关键字搜索]
[20150901 16:46:38.583 1556] TS_TradeEncode return [0]
[20150901 16:46:38.584 1556] 第[62]项 位置[5][4][0] 菜单[783][水电煤气缴费]
[20150901 16:46:38.584 1556] 第[63]项 位置[5][5][0] 目录[9][有线电视]
[20150901 16:46:38.585 1556] TS_TradeEncode return [0]
[20150901 16:46:38.585 1556] 第[64]项 位置[5][5][1] 菜单[34][高清互动电视]
[20150901 16:46:38.586 1556] TS_TradeEncode return [0]
[20150901 16:46:38.586 1556] 第[65]项 位置[5][5][2] 菜单[35][珠江数码（数字电视）]
[20150901 16:46:38.586 1556] TS_TradeEncode return [0]
[20150901 16:46:38.587 1556] 第[66]项 位置[5][5][3] 菜单[36][珠江宽频]
[20150901 16:46:38.587 1556] 第[67]项 位置[5][6][0] 目录[722][长途汽车票]
[20150901 16:46:38.588 1556] TS_TradeEncode return [0]
[20150901 16:46:38.588 1556] 第[68]项 位置[5][6][1] 菜单[712][广州发车]
[20150901 16:46:38.589 1556] 第[69]项 位置[6][0][0] 目录[267][汽车频道（交通罚款）]
[20150901 16:46:38.589 1556] 第[70]项 位置[6][1][0] 目录[218][广州交通罚款]
[20150901 16:46:38.589 1556] TS_TradeEncode return [0]
[20150901 16:46:38.590 1556] 第[71]项 位置[6][1][1] 菜单[237][现场执法罚单交纳]
[20150901 16:46:38.590 1556] TS_TradeEncode return [0]
[20150901 16:46:38.591 1556] 第[72]项 位置[6][1][2] 菜单[383][其他类型罚单交纳]
[20150901 16:46:38.591 1556] TS_TradeEncode return [0]
[20150901 16:46:38.592 1556] 第[73]项 位置[6][2][0] 菜单[5][广州车船税]
[20150901 16:46:38.592 1556] 第[74]项 位置[6][3][0] 目录[555][广州汽车年票]
[20150901 16:46:38.593 1556] TS_TradeEncode return [0]
[20150901 16:46:38.593 1556] 第[75]项 位置[6][3][1] 菜单[551][广州汽车年票]
[20150901 16:46:38.593 1556] 第[76]项 位置[6][4][0] 目录[432][广州车强险]
[20150901 16:46:38.594 1556] TS_TradeEncode return [0]
[20150901 16:46:38.594 1556] 第[77]项 位置[6][4][1] 菜单[10][PICC车强险]
[20150901 16:46:38.595 1556] 第[78]项 位置[6][5][0] 目录[635][全省交通罚款]
[20150901 16:46:38.595 1556] TS_TradeEncode return [0]
[20150901 16:46:38.596 1556] 第[79]项 位置[6][5][1] 菜单[636][小型汽车]
[20150901 16:46:38.596 1556] TS_TradeEncode return [0]
[20150901 16:46:38.596 1556] 第[80]项 位置[6][5][2] 菜单[637][大型汽车]
[20150901 16:46:38.597 1556] TS_TradeEncode return [0]
[20150901 16:46:38.597 1556] 第[81]项 位置[6][5][3] 菜单[638][外籍汽车(黑牌)]
[20150901 16:46:38.598 1556] TS_TradeEncode return [0]
[20150901 16:46:38.598 1556] 第[82]项 位置[6][5][4] 菜单[639][挂车]
[20150901 16:46:38.598 1556] TS_TradeEncode return [0]
[20150901 16:46:38.599 1556] 第[83]项 位置[6][5][5] 菜单[652][违章罚单查询]
[20150901 16:46:38.599 1556] TS_TradeEncode return [0]
[20150901 16:46:38.600 1556] 第[84]项 位置[7][0][0] 菜单[355][信用卡还款]
[20150901 16:46:38.600 1556] 第[85]项 位置[8][0][0] 目录[376][商户服务]
[20150901 16:46:38.600 1556] 第[86]项 位置[8][1][0] 目录[6][资金管理]
[20150901 16:46:38.601 1556] TS_TradeEncode return [0]
[20150901 16:46:38.601 1556] 第[87]项 位置[8][1][1] 菜单[667][银行卡余额查询]
[20150901 16:46:38.601 1556] TS_TradeEncode return [0]
[20150901 16:46:38.602 1556] 第[88]项 位置[8][1][2] 菜单[151][实时转帐到交费易]
[20150901 16:46:38.602 1556] TS_TradeEncode return [0]
[20150901 16:46:38.603 1556] 第[89]项 位置[8][1][3] 菜单[572][酬金结转]
[20150901 16:46:38.603 1556] TS_TradeEncode return [0]
[20150901 16:46:38.603 1556] 第[90]项 位置[8][1][4] 菜单[152][转帐申请(非实时)]
[20150901 16:46:38.604 1556] TS_TradeEncode return [0]
[20150901 16:46:38.604 1556] 第[91]项 位置[8][1][5] 菜单[480][收支明细查询]
[20150901 16:46:38.605 1556] TS_TradeEncode return [0]
[20150901 16:46:38.605 1556] 第[92]项 位置[8][1][6] 菜单[424][商户签约]
[20150901 16:46:38.606 1556] TS_TradeEncode return [0]
[20150901 16:46:38.606 1556] 第[93]项 位置[8][1][7] 菜单[621][资金划拨]
[20150901 16:46:38.606 1556] 第[94]项 位置[8][2][0] 目录[13][交易管理]
[20150901 16:46:38.607 1556] TS_TradeEncode return [0]
[20150901 16:46:38.607 1556] 第[95]项 位置[8][2][1] 菜单[155][最后一笔查询]
[20150901 16:46:38.608 1556] TS_TradeEncode return [0]
[20150901 16:46:38.608 1556] 第[96]项 位置[8][2][2] 菜单[629][酬金余额查询]
[20150901 16:46:38.608 1556] TS_TradeEncode return [0]
[20150901 16:46:38.609 1556] 第[97]项 位置[8][2][3] 菜单[577][账户余额查询]
[20150901 16:46:38.609 1556] TS_TradeEncode return [0]
[20150901 16:46:38.610 1556] 第[98]项 位置[8][2][4] 菜单[483][员工交班日结]
[20150901 16:46:38.610 1556] TS_TradeEncode return [0]
[20150901 16:46:38.610 1556] 第[99]项 位置[8][2][5] 菜单[724][交易查询/冲正]
[20150901 16:46:38.611 1556] TS_TradeEncode return [0]
[20150901 16:46:38.611 1556] 第[100]项 位置[8][2][6] 菜单[585][系统最新提示]
[20150901 16:46:38.612 1556] TS_TradeEncode return [0]
[20150901 16:46:38.612 1556] 第[101]项 位置[8][2][7] 菜单[781][莞市通充值]
[20150901 16:46:38.612 1556] 第[102]项 位置[8][3][0] 目录[7][票据补打]
[20150901 16:46:38.613 1556] TS_TradeEncode return [0]
[20150901 16:46:38.613 1556] 第[103]项 位置[8][3][1] 菜单[112][通讯资费凭证]
[20150901 16:46:38.613 1556] TS_TradeEncode return [0]
[20150901 16:46:38.614 1556] 第[104]项 位置[8][3][2] 菜单[113][车船使用税凭证]
[20150901 16:46:38.614 1556] TS_TradeEncode return [0]
[20150901 16:46:38.614 1556] 第[105]项 位置[8][3][3] 菜单[221][交通罚款凭证]
[20150901 16:46:38.615 1556] TS_TradeEncode return [0]
[20150901 16:46:38.615 1556] 第[106]项 位置[8][3][4] 菜单[653][按系统参考号补打]
[20150901 16:46:38.615 1556] TS_TradeEncode return [0]
[20150901 16:46:38.616 1556] 第[107]项 位置[8][3][5] 菜单[534][打印终端号]
[20150901 16:46:38.616 1556] TS_TradeEncode return [0]
[20150901 16:46:38.617 1556] 第[108]项 位置[8][3][6] 菜单[608][直充票据补打]
[20150901 16:46:38.617 1556] 第[109]项 位置[8][4][0] 目录[580][统计分析]
[20150901 16:46:38.618 1556] TS_TradeEncode return [0]
[20150901 16:46:38.618 1556] 第[110]项 位置[8][4][1] 菜单[630][交易明细查询]
[20150901 16:46:38.618 1556] 第[111]项 位置[8][5][0] 目录[439][系统设置]
[20150901 16:46:38.619 1556] TS_TradeEncode return [0]
[20150901 16:46:38.619 1556] 第[112]项 位置[8][5][1] 菜单[111][修改交易密码]
[20150901 16:46:38.619 1556] TS_TradeEncode return [0]
[20150901 16:46:38.620 1556] 第[113]项 位置[8][5][2] 菜单[430][修改老板密码及手机]
[20150901 16:46:38.620 1556] TS_TradeEncode return [0]
[20150901 16:46:38.620 1556] 第[114]项 位置[8][5][3] 菜单[676][修改转账密码]
[20150901 16:46:38.621 1556] TS_TradeEncode return [0]
[20150901 16:46:38.622 1556] 第[115]项 位置[8][5][4] 菜单[438][修改交易方式]
[20150901 16:46:38.622 1556] TS_TradeEncode return [0]
[20150901 16:46:38.623 1556] 第[116]项 位置[8][5][5] 菜单[443][修改日交易限额]
[20150901 16:46:38.623 1556] TS_TradeEncode return [0]
[20150901 16:46:38.623 1556] 第[117]项 位置[8][5][6] 菜单[583][界面标题设置]
[20150901 16:46:38.624 1556] TS_TradeEncode return [0]
[20150901 16:46:38.624 1556] 第[118]项 位置[8][5][7] 菜单[604][外部设备设置]
[20150901 16:46:38.625 1556] 第[119]项 位置[8][6][0] 目录[640][客服中心]
[20150901 16:46:38.625 1556] TS_TradeEncode return [0]
[20150901 16:46:38.625 1556] 第[120]项 位置[8][6][1] 菜单[641][在线客服]
[20150901 16:46:38.626 1556] TS_TradeEncode return [0]
[20150901 16:46:38.626 1556] 第[121]项 位置[8][6][2] 菜单[642][客服网站]
[20150901 16:46:38.626 1556] TS_TradeEncode return [0]
[20150901 16:46:38.627 1556] 第[122]项 位置[8][6][3] 菜单[651][赠送领取]
[20150901 16:46:38.627 1556] 第[123]项 位置[8][7][0] 目录[677][服务与耗材订购]
[20150901 16:46:38.627 1556] TS_TradeEncode return [0]
[20150901 16:46:38.628 1556] 第[124]项 位置[8][7][1] 菜单[681][现场维护服务]
[20150901 16:46:38.628 1556] TS_TradeEncode return [0]
[20150901 16:46:38.629 1556] 第[125]项 位置[8][7][2] 菜单[346][凭条采购]
[20150901 16:46:38.629 1556] TS_TradeEncode return [0]
[20150901 16:46:38.629 1556] 第[126]项 位置[8][7][3] 菜单[774][羊城通读卡器]
[20150901 16:46:38.630 1556] TS_TradeEncode return [0]
[20150901 16:46:38.631 1556] 第[127]项 位置[8][7][4] 菜单[678][色带(含邮费)]
[20150901 16:46:38.632 1556] TS_TradeEncode return [0]
[20150901 16:46:38.632 1556] 第[128]项 位置[8][7][5] 菜单[679][交费易宣传套装(含邮费)]
[20150901 16:46:38.633 1556] TS_TradeEncode return [0]
[20150901 16:46:38.633 1556] 第[129]项 位置[8][7][6] 菜单[680][交费易标准招牌]
[20150901 16:46:38.634 1556] 【FSK】【TS_UpdateMenus】
[20150901 16:46:38.634 1556] packsize[636]
[20150901 16:46:38.654 1556] 【FSK】发送失败
[20150901 16:46:38.655 1556] TS_UpdateMenus return [-101]
[20150901 16:46:38.655 1556] 更新菜单失败
[20150901 16:46:38.656 1556] 【进入一项本地菜单】【110】
[20150901 16:46:38.656 1556] e卡－>查询余额
[20150901 16:46:38.657 1556] 【东莞所有银行卡走银联】
[20150901 16:46:38.657 1556] 【getCardPwd】
[20150901 16:46:38.658 1556] key num : [4]
[20150901 16:46:38.658 1556] 【FSK】【TS_TradeControl】
[20150901 16:46:38.659 1556] 【FSK】tradeInfoSend
[20150901 16:46:38.659 1556] 【FSK】Contents[0] acTitle[请输入交易密码：] uCommand[4], uCount[0], uDesMode[10], uCardType[0], uKeyIndex[4], uKeyRand[], uTimeOut[30], uMinLen[6], uMaxLen[6]
[20150901 16:46:38.662 1556] 【FSK】发送失败
[20150901 16:46:38.663 1556] #TS_TradeControl返回错误[-101]
[20150901 16:46:38.663 1556] 【wrMonitorLog】type[2] stat[1] rspCode[-101]
[20150901 16:46:38.664 1556] 【wrMonitorLog】end
[20150901 16:46:38.664 1556] 下发挂机命令
[20150901 16:46:38.665 1556] 【时间统计】结束
[20150901 16:46:38.665 1556] 【FSK】【TS_HangUp】
[20150901 16:46:38.666 1556] 【FSK】发送失败
[20150901 16:46:38.667 1556] 【FSK】rt=[-1]
[20150901 16:46:38.667 1556] 【~CMenuHdl】
[20150901 16:46:39.875 1580] 【FSK】len: [97]
[20150901 16:46:39.876 1580] 【FSK】cntLen: [95]
[20150901 16:46:39.877 1580] 【FSK】enyFlag: [1]
[20150901 16:46:39.877 1580] 【index=0】
[20150901 16:46:39.887 1580] -------------------------
[20150901 16:46:39.888 1580] USBID[E552B854835A7EF1]
[20150901 16:46:39.888 1580] 电话号码[3074A81CF60A033C]
[20150901 16:46:39.889 1580] 程序MD5[050802C179E82101]
[20150901 16:46:39.889 1580] 终端号[68144572]
[20150901 16:46:39.890 1580] IP[127.0.0.1]
[20150901 16:46:39.890 1580] 请求类型[10]
[20150901 16:46:39.890 1580] 左串口设备[12]
[20150901 16:46:39.891 1580] 右串口设备[0]
[20150901 16:46:39.891 1580] 内置设备[0]
[20150901 16:46:39.891 1580] 程序版本[9020]
[20150901 16:46:39.892 1580] 应用版本[00000000]
[20150901 16:46:39.892 1580] 加密类型[1]
[20150901 16:46:39.893 1580] 用户是否确认[gbl.agreeFlag]:1
[20150901 16:46:39.893 1580] 【getEncryptType】
[20150901 16:46:39.906 1580] 【GetRecordSet】
[20150901 16:46:39.907 1580] ORA-00942: 表或视图不存在
[20150901 16:46:39.907 1580] 数据库中记录的加密类型[0]，iRet[-2]
[20150901 16:46:39.909 1580] 服务器IP:[192.168.95.216]
[20150901 16:46:39.909 1580] DB_CON_STR = [Provider=OraOLEDB.Oracle.1;Data Source=(DESCRIPTION =(ADDRESS_LIST =(ADDRESS = (PROTOCOL = TCP)(HOST = 172.26.7.36)(PORT = 1521)))(CONNECT_DATA =(SERVICE_NAME = testdb) ) );Password=ctsi123;User ID=ctsi;Persist Security Info=True]
[20150901 16:46:39.920 1580] vSQL:[select tgroup, phone, card_no, curworkid,reversal, epos_term.status, epos_term.input_times, epos_term.print_paper, NVL(usbid, 'FFFFFFFFFFFFFFFF') usbid, area.city_no city_no, acc_area.city_no acc_city_no, psamNum, tmk, tpk, tak, tek ,title_flag, pki_card, signin_serial, commission_free,HID_TYPE from epos_term,soft_term,area area, area acc_area, YCTYP_signin where epos_term.term_id = '68144572' and epos_term.area=area.area and epos_term.accarea=acc_area.area and epos_term.term_id=soft_term.term_id(+) and epos_term.term_id=YCTYP_signin.term_id(+) and signin_time(+)>trunc(sysdate)]
[20150901 16:46:39.920 1580] 绑定的e卡[16]: [1088100204004522]
[20150901 16:46:39.921 1580] 发送获取终端信息报文[长度:50]到ACC:[FFFF201509011646396814457200000050PEP000G068144572]
[20150901 16:46:39.921 1580] 连接主机172.26.3.8,20011……
[20150901 16:46:39.927 1580] Connect OK!
[20150901 16:46:39.928 1580] 发出数据[50]
[20150901 16:46:40.010 1580] CTSI收到ACC应答:[FFFF201509011646396814457200000077PEP000G1000004成功000000000000000001000000D]
[20150901 16:46:40.011 1580] 响应码:[0000]:[成功]
[20150901 16:46:40.013 1580] 商户等级为: 1星级 []
[20150901 16:46:40.014 1580] 【核心返回日交易限额:0】
[20150901 16:46:40.015 1580] 【核心返回系统日交易限额:1000000】
[20150901 16:46:40.016 1580] 自设日交易限额：[0]；系统日交易限额：[1000000]；日交易限额: [1000000]
[20150901 16:46:40.018 1580] 东莞清华同方读卡器设备[1]
[20150901 16:46:40.019 1580] 【获取数据库时间】
[20150901 16:46:40.032 1580] 数据库时间为:164456
[20150901 16:46:40.033 1580] 【wrMonitorLog】type[10] stat[0] rspCode[0]
[20150901 16:46:40.035 1580] 【wrMonitorLog】end
[20150901 16:46:40.037 1580] gbl.menu_group_mbl_flag:[2]
[20150901 16:46:40.037 1580] 【getYctNotFinish】
[20150901 16:46:40.037 1580] 查询羊城通不完整交易:select stan, to_char(txn_time, 'yyyymmdd') txn_date, to_char(txn_time, 'hh24miss') txn_time, biz_type, status, term_id, term_serial, bank, card_no, amount, yct_serial, pki_card, ticket_no, ticket_amo_bef, ticket_amo_aft, result_message,yct_ack  from yctyp_txn where term_id='68144572' and (YCT_ACK =0 or status in ('4','9') ) and rownum=1 order by txn_time  desc 
[20150901 16:46:40.057 1580] logon_flag = 0
[20150901 16:46:40.057 1580] 【getCardInfo】card_flag[2] pay_flag[4]
[20150901 16:46:40.058 1580] 【FSK】【TS_SetCardNum】begin
[20150901 16:46:40.058 1580] 【FSK】【TS_SetCardNum】end
[20150901 16:46:40.059 1580] 【gbl.menu_group】【36】
[20150901 16:46:40.059 1580] 【main_group】【36】
[20150901 16:46:40.060 1580] 【main_ver】【13600230】
[20150901 16:46:40.060 1580] 【getGroupMenus】
[20150901 16:46:40.061 1580] 可用连接号：[0]
[20150901 16:46:40.061 1580] [select case parent when 0 then (case currentm when 0 then child else currentm end) else parent end parent,case parent when 0 then (case currentm when 0 then 0 else child end) else currentm end currentm,case parent when 0 then 0 else child end child from (select * from epos_menu_conf where menu_group=36) start with  parent=0 and currentm=0 connect by prior child=currentm order siblings by priority]
[20150901 16:46:40.078 1580] 【FSK】【TS_ClearMenus】
[20150901 16:46:40.081 1580] 【FSK】发出数据[50]
[20150901 16:46:40.081 1580] 【FSK】发送包内容[100]：[210064B5BE9532F93CAC3026C8F263A14ED217337F5107AD0F42E43328A335A58D1D228DA1DA3E97903B1FE119B4ADB4B2DF]
[20150901 16:46:40.082 1580] 【FSK】接收长度[0]
[20150901 16:46:40.082 1580] 【FSK】返回包内容[0]：[]
[20150901 16:46:40.083 1580] TS_ClearMenus return [-101]
[20150901 16:46:40.084 1580] TS_TradeEncode return [0]
[20150901 16:46:40.085 1580] 第[1]项 位置[1][0][0] 菜单[435][超爽交费易]
[20150901 16:46:40.085 1580] 第[2]项 位置[2][0][0] 目录[1][中国电信]
[20150901 16:46:40.086 1580] 第[3]项 位置[2][1][0] 目录[467][充值卡销售(全国通用)]
[20150901 16:46:40.087 1580] TS_TradeEncode return [0]
[20150901 16:46:40.087 1580] 第[4]项 位置[2][1][1] 菜单[468][30元]
[20150901 16:46:40.087 1580] TS_TradeEncode return [0]
[20150901 16:46:40.088 1580] 第[5]项 位置[2][1][2] 菜单[469][50元]
[20150901 16:46:40.088 1580] TS_TradeEncode return [0]
[20150901 16:46:40.089 1580] 第[6]项 位置[2][1][3] 菜单[470][100元]
[20150901 16:46:40.089 1580] 第[7]项 位置[2][2][0] 目录[422][电信直充]
[20150901 16:46:40.090 1580] TS_TradeEncode return [0]
[20150901 16:46:40.090 1580] 第[8]项 位置[2][2][1] 菜单[654][单个电话号码充值(广东)]
[20150901 16:46:40.090 1580] TS_TradeEncode return [0]
[20150901 16:46:40.091 1580] 第[9]项 位置[2][2][2] 菜单[655][单个ADSL网费(广东省)]
[20150901 16:46:40.091 1580] TS_TradeEncode return [0]
[20150901 16:46:40.092 1580] 第[10]项 位置[2][2][3] 菜单[656][绑定业务(e家套餐)广东]
[20150901 16:46:40.092 1580] TS_TradeEncode return [0]
[20150901 16:46:40.093 1580] 第[11]项 位置[2][2][4] 菜单[809][单个话费充值(全国)]
[20150901 16:46:40.093 1580] 第[12]项 位置[2][3][0] 目录[444][电信综合交费]
[20150901 16:46:40.093 1580] TS_TradeEncode return [0]
[20150901 16:46:40.094 1580] 第[13]项 位置[2][3][1] 菜单[132][交话费（综合）]
[20150901 16:46:40.094 1580] TS_TradeEncode return [0]
[20150901 16:46:40.095 1580] 第[14]项 位置[2][3][2] 菜单[71][固话/小灵通交费]
[20150901 16:46:40.095 1580] TS_TradeEncode return [0]
[20150901 16:46:40.096 1580] 第[15]项 位置[2][3][3] 菜单[75][电信ADSL交费]
[20150901 16:46:40.096 1580] TS_TradeEncode return [0]
[20150901 16:46:40.096 1580] 第[16]项 位置[2][3][4] 菜单[228][电信CDMA交费]
[20150901 16:46:40.097 1580] TS_TradeEncode return [0]
[20150901 16:46:40.098 1580] 第[17]项 位置[2][3][5] 菜单[229][CDMA预付费充值]
[20150901 16:46:40.099 1580] 第[18]项 位置[2][4][0] 目录[657][天翼空中选号]
[20150901 16:46:40.101 1580] TS_TradeEncode return [0]
[20150901 16:46:40.102 1580] 第[19]项 位置[2][4][1] 菜单[658][白卡采购]
[20150901 16:46:40.103 1580] TS_TradeEncode return [0]
[20150901 16:46:40.103 1580] 第[20]项 位置[2][4][2] 菜单[659][白卡到货确认]
[20150901 16:46:40.104 1580] TS_TradeEncode return [0]
[20150901 16:46:40.105 1580] 第[21]项 位置[2][4][3] 菜单[660][号码销售]
[20150901 16:46:40.106 1580] TS_TradeEncode return [0]
[20150901 16:46:40.106 1580] 第[22]项 位置[2][5][0] 菜单[741][翼支付账户充值]
[20150901 16:46:40.107 1580] TS_TradeEncode return [0]
[20150901 16:46:40.108 1580] 第[23]项 位置[2][6][0] 菜单[788][3G流量卡直充]
[20150901 16:46:40.109 1580] TS_TradeEncode return [0]
[20150901 16:46:40.109 1580] 第[24]项 位置[2][7][0] 菜单[800][翼支付卡]
[20150901 16:46:40.110 1580] 第[25]项 位置[3][0][0] 目录[626][公交卡充值（全省岭南通）]
[20150901 16:46:40.111 1580] TS_TradeEncode return [0]
[20150901 16:46:40.112 1580] 第[26]项 位置[3][1][0] 菜单[597][羊城通余额查询]
[20150901 16:46:40.112 1580] TS_TradeEncode return [0]
[20150901 16:46:40.113 1580] 第[27]项 位置[3][2][0] 菜单[776][现金充值]
[20150901 16:46:40.114 1580] TS_TradeEncode return [0]
[20150901 16:46:40.114 1580] 第[28]项 位置[3][3][0] 菜单[777][自动充值(飞充)]
[20150901 16:46:40.115 1580] TS_TradeEncode return [0]
[20150901 16:46:40.116 1580] 第[29]项 位置[3][4][0] 菜单[779][充值撤销]
[20150901 16:46:40.117 1580] TS_TradeEncode return [0]
[20150901 16:46:40.118 1580] 第[30]项 位置[3][5][0] 菜单[780][卡片拓展应用]
[20150901 16:46:40.118 1580] 第[31]项 位置[4][0][0] 目录[3][中国联通]
[20150901 16:46:40.119 1580] 第[32]项 位置[4][1][0] 目录[421][充值卡销售(全国)]
[20150901 16:46:40.120 1580] TS_TradeEncode return [0]
[20150901 16:46:40.120 1580] 第[33]项 位置[4][1][1] 菜单[405][30元(售31元)]
[20150901 16:46:40.121 1580] TS_TradeEncode return [0]
[20150901 16:46:40.121 1580] 第[34]项 位置[4][1][2] 菜单[406][50元]
[20150901 16:46:40.122 1580] TS_TradeEncode return [0]
[20150901 16:46:40.123 1580] 第[35]项 位置[4][1][3] 菜单[407][100元]
[20150901 16:46:40.123 1580] 第[36]项 位置[4][2][0] 目录[474][联通直充(广东省内)]
[20150901 16:46:40.124 1580] TS_TradeEncode return [0]
[20150901 16:46:40.124 1580] 第[37]项 位置[4][2][1] 菜单[599][30元]
[20150901 16:46:40.125 1580] TS_TradeEncode return [0]
[20150901 16:46:40.126 1580] 第[38]项 位置[4][2][2] 菜单[600][50元]
[20150901 16:46:40.126 1580] TS_TradeEncode return [0]
[20150901 16:46:40.127 1580] 第[39]项 位置[4][2][3] 菜单[601][100元]
[20150901 16:46:40.127 1580] TS_TradeEncode return [0]
[20150901 16:46:40.128 1580] 第[40]项 位置[4][2][4] 菜单[612][200元]
[20150901 16:46:40.128 1580] TS_TradeEncode return [0]
[20150901 16:46:40.129 1580] 第[41]项 位置[4][2][5] 菜单[602][300元]
[20150901 16:46:40.130 1580] TS_TradeEncode return [0]
[20150901 16:46:40.131 1580] 第[42]项 位置[4][2][6] 菜单[603][500元]
[20150901 16:46:40.131 1580] 第[43]项 位置[4][3][0] 目录[31][联通交费]
[20150901 16:46:40.132 1580] TS_TradeEncode return [0]
[20150901 16:46:40.133 1580] 第[44]项 位置[4][3][1] 菜单[80][130/131后付费]
[20150901 16:46:40.133 1580] TS_TradeEncode return [0]
[20150901 16:46:40.133 1580] 第[45]项 位置[4][3][2] 菜单[81][130/131预付费]
[20150901 16:46:40.134 1580] TS_TradeEncode return [0]
[20150901 16:46:40.134 1580] 第[46]项 位置[4][3][3] 菜单[84][193/17911后付费]
[20150901 16:46:40.135 1580] TS_TradeEncode return [0]
[20150901 16:46:40.135 1580] 第[47]项 位置[4][3][4] 菜单[85][193/17911预付费]
[20150901 16:46:40.136 1580] TS_TradeEncode return [0]
[20150901 16:46:40.137 1580] 第[48]项 位置[4][4][0] 菜单[789][联通充值（全国）]
[20150901 16:46:40.137 1580] 第[49]项 位置[5][0][0] 目录[377][QQ/游戏/电影/长途汽车]
[20150901 16:46:40.137 1580] 第[50]项 位置[5][1][0] 目录[12][QQ腾讯直充]
[20150901 16:46:40.138 1580] TS_TradeEncode return [0]
[20150901 16:46:40.138 1580] 第[51]项 位置[5][1][1] 菜单[41][Q币充值]
[20150901 16:46:40.139 1580] TS_TradeEncode return [0]
[20150901 16:46:40.139 1580] 第[52]项 位置[5][1][2] 菜单[42][QQ会员包月]
[20150901 16:46:40.139 1580] TS_TradeEncode return [0]
[20150901 16:46:40.140 1580] 第[53]项 位置[5][1][3] 菜单[643][黄钻贵族（QQ空间）]
[20150901 16:46:40.140 1580] TS_TradeEncode return [0]
[20150901 16:46:40.140 1580] 第[54]项 位置[5][1][4] 菜单[644][红钻贵族（QQ秀）]
[20150901 16:46:40.141 1580] TS_TradeEncode return [0]
[20150901 16:46:40.141 1580] 第[55]项 位置[5][1][5] 菜单[645][蓝钻贵族（QQ游戏）]
[20150901 16:46:40.142 1580] TS_TradeEncode return [0]
[20150901 16:46:40.142 1580] 第[56]项 位置[5][1][6] 菜单[646][QQ堂紫钻]
[20150901 16:46:40.142 1580] 第[57]项 位置[5][2][0] 目录[212][游戏点卡（可充QQ等）]
[20150901 16:46:40.143 1580] TS_TradeEncode return [0]
[20150901 16:46:40.143 1580] 第[58]项 位置[5][2][1] 菜单[391][天下通卡]
[20150901 16:46:40.143 1580] 第[59]项 位置[5][3][0] 目录[688][游戏直充（可充QQ/游戏等）]
[20150901 16:46:40.144 1580] TS_TradeEncode return [0]
[20150901 16:46:40.144 1580] 第[60]项 位置[5][3][1] 菜单[694][全部游戏列表]
[20150901 16:46:40.144 1580] TS_TradeEncode return [0]
[20150901 16:46:40.145 1580] 第[61]项 位置[5][3][2] 菜单[695][按关键字搜索]
[20150901 16:46:40.145 1580] TS_TradeEncode return [0]
[20150901 16:46:40.146 1580] 第[62]项 位置[5][4][0] 菜单[783][水电煤气缴费]
[20150901 16:46:40.146 1580] 第[63]项 位置[5][5][0] 目录[9][有线电视]
[20150901 16:46:40.146 1580] TS_TradeEncode return [0]
[20150901 16:46:40.147 1580] 第[64]项 位置[5][5][1] 菜单[34][高清互动电视]
[20150901 16:46:40.147 1580] TS_TradeEncode return [0]
[20150901 16:46:40.148 1580] 第[65]项 位置[5][5][2] 菜单[35][珠江数码（数字电视）]
[20150901 16:46:40.148 1580] TS_TradeEncode return [0]
[20150901 16:46:40.148 1580] 第[66]项 位置[5][5][3] 菜单[36][珠江宽频]
[20150901 16:46:40.149 1580] 第[67]项 位置[5][6][0] 目录[722][长途汽车票]
[20150901 16:46:40.149 1580] TS_TradeEncode return [0]
[20150901 16:46:40.150 1580] 第[68]项 位置[5][6][1] 菜单[712][广州发车]
[20150901 16:46:40.150 1580] 第[69]项 位置[6][0][0] 目录[267][汽车频道（交通罚款）]
[20150901 16:46:40.150 1580] 第[70]项 位置[6][1][0] 目录[218][广州交通罚款]
[20150901 16:46:40.151 1580] TS_TradeEncode return [0]
[20150901 16:46:40.151 1580] 第[71]项 位置[6][1][1] 菜单[237][现场执法罚单交纳]
[20150901 16:46:40.152 1580] TS_TradeEncode return [0]
[20150901 16:46:40.152 1580] 第[72]项 位置[6][1][2] 菜单[383][其他类型罚单交纳]
[20150901 16:46:40.152 1580] TS_TradeEncode return [0]
[20150901 16:46:40.153 1580] 第[73]项 位置[6][2][0] 菜单[5][广州车船税]
[20150901 16:46:40.153 1580] 第[74]项 位置[6][3][0] 目录[555][广州汽车年票]
[20150901 16:46:40.153 1580] TS_TradeEncode return [0]
[20150901 16:46:40.154 1580] 第[75]项 位置[6][3][1] 菜单[551][广州汽车年票]
[20150901 16:46:40.154 1580] 第[76]项 位置[6][4][0] 目录[432][广州车强险]
[20150901 16:46:40.155 1580] TS_TradeEncode return [0]
[20150901 16:46:40.155 1580] 第[77]项 位置[6][4][1] 菜单[10][PICC车强险]
[20150901 16:46:40.155 1580] 第[78]项 位置[6][5][0] 目录[635][全省交通罚款]
[20150901 16:46:40.156 1580] TS_TradeEncode return [0]
[20150901 16:46:40.156 1580] 第[79]项 位置[6][5][1] 菜单[636][小型汽车]
[20150901 16:46:40.156 1580] TS_TradeEncode return [0]
[20150901 16:46:40.157 1580] 第[80]项 位置[6][5][2] 菜单[637][大型汽车]
[20150901 16:46:40.157 1580] TS_TradeEncode return [0]
[20150901 16:46:40.157 1580] 第[81]项 位置[6][5][3] 菜单[638][外籍汽车(黑牌)]
[20150901 16:46:40.158 1580] TS_TradeEncode return [0]
[20150901 16:46:40.158 1580] 第[82]项 位置[6][5][4] 菜单[639][挂车]
[20150901 16:46:40.158 1580] TS_TradeEncode return [0]
[20150901 16:46:40.159 1580] 第[83]项 位置[6][5][5] 菜单[652][违章罚单查询]
[20150901 16:46:40.159 1580] TS_TradeEncode return [0]
[20150901 16:46:40.160 1580] 第[84]项 位置[7][0][0] 菜单[355][信用卡还款]
[20150901 16:46:40.160 1580] 第[85]项 位置[8][0][0] 目录[376][商户服务]
[20150901 16:46:40.160 1580] 第[86]项 位置[8][1][0] 目录[6][资金管理]
[20150901 16:46:40.161 1580] TS_TradeEncode return [0]
[20150901 16:46:40.161 1580] 第[87]项 位置[8][1][1] 菜单[667][银行卡余额查询]
[20150901 16:46:40.162 1580] TS_TradeEncode return [0]
[20150901 16:46:40.162 1580] 第[88]项 位置[8][1][2] 菜单[151][实时转帐到交费易]
[20150901 16:46:40.163 1580] TS_TradeEncode return [0]
[20150901 16:46:40.163 1580] 第[89]项 位置[8][1][3] 菜单[572][酬金结转]
[20150901 16:46:40.163 1580] TS_TradeEncode return [0]
[20150901 16:46:40.164 1580] 第[90]项 位置[8][1][4] 菜单[152][转帐申请(非实时)]
[20150901 16:46:40.164 1580] TS_TradeEncode return [0]
[20150901 16:46:40.165 1580] 第[91]项 位置[8][1][5] 菜单[480][收支明细查询]
[20150901 16:46:40.165 1580] TS_TradeEncode return [0]
[20150901 16:46:40.165 1580] 第[92]项 位置[8][1][6] 菜单[424][商户签约]
[20150901 16:46:40.166 1580] TS_TradeEncode return [0]
[20150901 16:46:40.166 1580] 第[93]项 位置[8][1][7] 菜单[621][资金划拨]
[20150901 16:46:40.167 1580] 第[94]项 位置[8][2][0] 目录[13][交易管理]
[20150901 16:46:40.167 1580] TS_TradeEncode return [0]
[20150901 16:46:40.168 1580] 第[95]项 位置[8][2][1] 菜单[155][最后一笔查询]
[20150901 16:46:40.168 1580] TS_TradeEncode return [0]
[20150901 16:46:40.168 1580] 第[96]项 位置[8][2][2] 菜单[629][酬金余额查询]
[20150901 16:46:40.169 1580] TS_TradeEncode return [0]
[20150901 16:46:40.169 1580] 第[97]项 位置[8][2][3] 菜单[577][账户余额查询]
[20150901 16:46:40.169 1580] TS_TradeEncode return [0]
[20150901 16:46:40.170 1580] 第[98]项 位置[8][2][4] 菜单[483][员工交班日结]
[20150901 16:46:40.170 1580] TS_TradeEncode return [0]
[20150901 16:46:40.170 1580] 第[99]项 位置[8][2][5] 菜单[724][交易查询/冲正]
[20150901 16:46:40.171 1580] TS_TradeEncode return [0]
[20150901 16:46:40.171 1580] 第[100]项 位置[8][2][6] 菜单[585][系统最新提示]
[20150901 16:46:40.171 1580] TS_TradeEncode return [0]
[20150901 16:46:40.172 1580] 第[101]项 位置[8][2][7] 菜单[781][莞市通充值]
[20150901 16:46:40.172 1580] 第[102]项 位置[8][3][0] 目录[7][票据补打]
[20150901 16:46:40.173 1580] TS_TradeEncode return [0]
[20150901 16:46:40.173 1580] 第[103]项 位置[8][3][1] 菜单[112][通讯资费凭证]
[20150901 16:46:40.173 1580] TS_TradeEncode return [0]
[20150901 16:46:40.174 1580] 第[104]项 位置[8][3][2] 菜单[113][车船使用税凭证]
[20150901 16:46:40.174 1580] TS_TradeEncode return [0]
[20150901 16:46:40.174 1580] 第[105]项 位置[8][3][3] 菜单[221][交通罚款凭证]
[20150901 16:46:40.175 1580] TS_TradeEncode return [0]
[20150901 16:46:40.175 1580] 第[106]项 位置[8][3][4] 菜单[653][按系统参考号补打]
[20150901 16:46:40.175 1580] TS_TradeEncode return [0]
[20150901 16:46:40.176 1580] 第[107]项 位置[8][3][5] 菜单[534][打印终端号]
[20150901 16:46:40.176 1580] TS_TradeEncode return [0]
[20150901 16:46:40.176 1580] 第[108]项 位置[8][3][6] 菜单[608][直充票据补打]
[20150901 16:46:40.177 1580] 第[109]项 位置[8][4][0] 目录[580][统计分析]
[20150901 16:46:40.177 1580] TS_TradeEncode return [0]
[20150901 16:46:40.177 1580] 第[110]项 位置[8][4][1] 菜单[630][交易明细查询]
[20150901 16:46:40.178 1580] 第[111]项 位置[8][5][0] 目录[439][系统设置]
[20150901 16:46:40.178 1580] TS_TradeEncode return [0]
[20150901 16:46:40.179 1580] 第[112]项 位置[8][5][1] 菜单[111][修改交易密码]
[20150901 16:46:40.180 1580] TS_TradeEncode return [0]
[20150901 16:46:40.180 1580] 第[113]项 位置[8][5][2] 菜单[430][修改老板密码及手机]
[20150901 16:46:40.181 1580] TS_TradeEncode return [0]
[20150901 16:46:40.181 1580] 第[114]项 位置[8][5][3] 菜单[676][修改转账密码]
[20150901 16:46:40.182 1580] TS_TradeEncode return [0]
[20150901 16:46:40.182 1580] 第[115]项 位置[8][5][4] 菜单[438][修改交易方式]
[20150901 16:46:40.183 1580] TS_TradeEncode return [0]
[20150901 16:46:40.183 1580] 第[116]项 位置[8][5][5] 菜单[443][修改日交易限额]
[20150901 16:46:40.184 1580] TS_TradeEncode return [0]
[20150901 16:46:40.184 1580] 第[117]项 位置[8][5][6] 菜单[583][界面标题设置]
[20150901 16:46:40.185 1580] TS_TradeEncode return [0]
[20150901 16:46:40.185 1580] 第[118]项 位置[8][5][7] 菜单[604][外部设备设置]
[20150901 16:46:40.185 1580] 第[119]项 位置[8][6][0] 目录[640][客服中心]
[20150901 16:46:40.186 1580] TS_TradeEncode return [0]
[20150901 16:46:40.186 1580] 第[120]项 位置[8][6][1] 菜单[641][在线客服]
[20150901 16:46:40.186 1580] TS_TradeEncode return [0]
[20150901 16:46:40.187 1580] 第[121]项 位置[8][6][2] 菜单[642][客服网站]
[20150901 16:46:40.187 1580] TS_TradeEncode return [0]
[20150901 16:46:40.188 1580] 第[122]项 位置[8][6][3] 菜单[651][赠送领取]
[20150901 16:46:40.188 1580] 第[123]项 位置[8][7][0] 目录[677][服务与耗材订购]
[20150901 16:46:40.188 1580] TS_TradeEncode return [0]
[20150901 16:46:40.189 1580] 第[124]项 位置[8][7][1] 菜单[681][现场维护服务]
[20150901 16:46:40.189 1580] TS_TradeEncode return [0]
[20150901 16:46:40.189 1580] 第[125]项 位置[8][7][2] 菜单[346][凭条采购]
[20150901 16:46:40.190 1580] TS_TradeEncode return [0]
[20150901 16:46:40.190 1580] 第[126]项 位置[8][7][3] 菜单[774][羊城通读卡器]
[20150901 16:46:40.190 1580] TS_TradeEncode return [0]
[20150901 16:46:40.191 1580] 第[127]项 位置[8][7][4] 菜单[678][色带(含邮费)]
[20150901 16:46:40.191 1580] TS_TradeEncode return [0]
[20150901 16:46:40.192 1580] 第[128]项 位置[8][7][5] 菜单[679][交费易宣传套装(含邮费)]
[20150901 16:46:40.192 1580] TS_TradeEncode return [0]
[20150901 16:46:40.193 1580] 第[129]项 位置[8][7][6] 菜单[680][交费易标准招牌]
[20150901 16:46:40.193 1580] 【FSK】【TS_UpdateMenus】
[20150901 16:46:40.194 1580] packsize[636]
[20150901 16:46:40.212 1580] 【FSK】发送失败
[20150901 16:46:40.213 1580] TS_UpdateMenus return [-101]
[20150901 16:46:40.213 1580] 更新菜单失败
[20150901 16:46:40.213 1580] 【进入一项本地菜单】【110】
[20150901 16:46:40.214 1580] e卡－>查询余额
[20150901 16:46:40.214 1580] 【东莞所有银行卡走银联】
[20150901 16:46:40.215 1580] 【getCardPwd】
[20150901 16:46:40.215 1580] key num : [4]
[20150901 16:46:40.216 1580] 【FSK】【TS_TradeControl】
[20150901 16:46:40.216 1580] 【FSK】tradeInfoSend
[20150901 16:46:40.217 1580] 【FSK】Contents[0] acTitle[请输入交易密码：] uCommand[4], uCount[0], uDesMode[10], uCardType[0], uKeyIndex[4], uKeyRand[], uTimeOut[30], uMinLen[6], uMaxLen[6]
[20150901 16:46:40.220 1580] 【FSK】发送失败
[20150901 16:46:40.221 1580] #TS_TradeControl返回错误[-101]
[20150901 16:46:40.221 1580] 【wrMonitorLog】type[2] stat[1] rspCode[-101]
[20150901 16:46:40.222 1580] 【wrMonitorLog】end
[20150901 16:46:40.222 1580] 下发挂机命令
[20150901 16:46:40.222 1580] 【时间统计】结束
[20150901 16:46:40.223 1580] 【FSK】【TS_HangUp】
[20150901 16:46:40.224 1580] 【FSK】发送失败
[20150901 16:46:40.226 1580] 【FSK】rt=[-1]
[20150901 16:46:40.226 1580] 【~CMenuHdl】
[20150901 16:47:34.485 484] 【FSK】len: [97]
[20150901 16:47:34.486 484] 【FSK】cntLen: [95]
[20150901 16:47:34.487 484] 【FSK】enyFlag: [1]
[20150901 16:47:34.488 484] 【index=0】
[20150901 16:47:34.498 484] -------------------------
[20150901 16:47:34.499 484] USBID[E552B854835A7EF1]
[20150901 16:47:34.499 484] 电话号码[3074A81CF60A033C]
[20150901 16:47:34.500 484] 程序MD5[050802C179E82101]
[20150901 16:47:34.500 484] 终端号[68144572]
[20150901 16:47:34.501 484] IP[127.0.0.1]
[20150901 16:47:34.501 484] 请求类型[10]
[20150901 16:47:34.502 484] 左串口设备[12]
[20150901 16:47:34.503 484] 右串口设备[0]
[20150901 16:47:34.504 484] 内置设备[0]
[20150901 16:47:34.505 484] 程序版本[9020]
[20150901 16:47:34.506 484] 应用版本[00000000]
[20150901 16:47:34.506 484] 加密类型[1]
[20150901 16:47:34.507 484] 用户是否确认[gbl.agreeFlag]:1
[20150901 16:47:34.507 484] 【getEncryptType】
[20150901 16:47:34.521 484] 【GetRecordSet】
[20150901 16:47:34.522 484] ORA-00942: 表或视图不存在
[20150901 16:47:34.523 484] 数据库中记录的加密类型[0]，iRet[-2]
[20150901 16:47:34.524 484] 服务器IP:[192.168.95.216]
[20150901 16:47:34.525 484] DB_CON_STR = [Provider=OraOLEDB.Oracle.1;Data Source=(DESCRIPTION =(ADDRESS_LIST =(ADDRESS = (PROTOCOL = TCP)(HOST = 172.26.7.36)(PORT = 1521)))(CONNECT_DATA =(SERVICE_NAME = testdb) ) );Password=ctsi123;User ID=ctsi;Persist Security Info=True]
[20150901 16:47:34.537 484] vSQL:[select tgroup, phone, card_no, curworkid,reversal, epos_term.status, epos_term.input_times, epos_term.print_paper, NVL(usbid, 'FFFFFFFFFFFFFFFF') usbid, area.city_no city_no, acc_area.city_no acc_city_no, psamNum, tmk, tpk, tak, tek ,title_flag, pki_card, signin_serial, commission_free,HID_TYPE from epos_term,soft_term,area area, area acc_area, YCTYP_signin where epos_term.term_id = '68144572' and epos_term.area=area.area and epos_term.accarea=acc_area.area and epos_term.term_id=soft_term.term_id(+) and epos_term.term_id=YCTYP_signin.term_id(+) and signin_time(+)>trunc(sysdate)]
[20150901 16:47:34.539 484] 绑定的e卡[16]: [1088100204004522]
[20150901 16:47:34.539 484] 发送获取终端信息报文[长度:50]到ACC:[FFFF201509011647346814457200000050PEP000G068144572]
[20150901 16:47:34.539 484] 连接主机172.26.3.8,20011……
[20150901 16:47:34.545 484] Connect OK!
[20150901 16:47:34.545 484] 发出数据[50]
[20150901 16:47:34.669 484] CTSI收到ACC应答:[FFFF201509011647346814457200000077PEP000G1000004成功000000000000000001000000D]
[20150901 16:47:34.672 484] 响应码:[0000]:[成功]
[20150901 16:47:34.673 484] 商户等级为: 1星级 []
[20150901 16:47:34.675 484] 【核心返回日交易限额:0】
[20150901 16:47:34.676 484] 【核心返回系统日交易限额:1000000】
[20150901 16:47:34.678 484] 自设日交易限额：[0]；系统日交易限额：[1000000]；日交易限额: [1000000]
[20150901 16:47:34.681 484] 东莞清华同方读卡器设备[1]
[20150901 16:47:34.683 484] 【获取数据库时间】
[20150901 16:47:34.695 484] 数据库时间为:164551
[20150901 16:47:34.696 484] 【wrMonitorLog】type[10] stat[0] rspCode[0]
[20150901 16:47:34.698 484] 【wrMonitorLog】end
[20150901 16:47:34.699 484] gbl.menu_group_mbl_flag:[2]
[20150901 16:47:34.699 484] 【getYctNotFinish】
[20150901 16:47:34.700 484] 查询羊城通不完整交易:select stan, to_char(txn_time, 'yyyymmdd') txn_date, to_char(txn_time, 'hh24miss') txn_time, biz_type, status, term_id, term_serial, bank, card_no, amount, yct_serial, pki_card, ticket_no, ticket_amo_bef, ticket_amo_aft, result_message,yct_ack  from yctyp_txn where term_id='68144572' and (YCT_ACK =0 or status in ('4','9') ) and rownum=1 order by txn_time  desc 
[20150901 16:47:34.721 484] logon_flag = 0
[20150901 16:47:34.722 484] 【getCardInfo】card_flag[2] pay_flag[4]
[20150901 16:47:34.722 484] 【FSK】【TS_SetCardNum】begin
[20150901 16:47:34.723 484] 【FSK】【TS_SetCardNum】end
[20150901 16:47:34.724 484] 【gbl.menu_group】【36】
[20150901 16:47:34.724 484] 【main_group】【36】
[20150901 16:47:34.725 484] 【main_ver】【13600230】
[20150901 16:47:34.726 484] 【getGroupMenus】
[20150901 16:47:34.726 484] 可用连接号：[0]
[20150901 16:47:34.727 484] [select case parent when 0 then (case currentm when 0 then child else currentm end) else parent end parent,case parent when 0 then (case currentm when 0 then 0 else child end) else currentm end currentm,case parent when 0 then 0 else child end child from (select * from epos_menu_conf where menu_group=36) start with  parent=0 and currentm=0 connect by prior child=currentm order siblings by priority]
[20150901 16:47:34.746 484] 【FSK】【TS_ClearMenus】
[20150901 16:47:34.749 484] 【FSK】发出数据[50]
[20150901 16:47:34.751 484] 【FSK】发送包内容[100]：[210064B5BE9532F93CAC3026C8F263A14ED217337F5107AD0F42EA4F300976D565EEBF7E97F63B19000F9241DE17632F5E46]
[20150901 16:47:34.751 484] 【FSK】接收长度[0]
[20150901 16:47:34.752 484] 【FSK】返回包内容[0]：[]
[20150901 16:47:34.753 484] TS_ClearMenus return [-101]
[20150901 16:47:34.754 484] TS_TradeEncode return [0]
[20150901 16:47:34.754 484] 第[1]项 位置[1][0][0] 菜单[435][超爽交费易]
[20150901 16:47:34.755 484] 第[2]项 位置[2][0][0] 目录[1][中国电信]
[20150901 16:47:34.756 484] 第[3]项 位置[2][1][0] 目录[467][充值卡销售(全国通用)]
[20150901 16:47:34.756 484] TS_TradeEncode return [0]
[20150901 16:47:34.757 484] 第[4]项 位置[2][1][1] 菜单[468][30元]
[20150901 16:47:34.758 484] TS_TradeEncode return [0]
[20150901 16:47:34.758 484] 第[5]项 位置[2][1][2] 菜单[469][50元]
[20150901 16:47:34.759 484] TS_TradeEncode return [0]
[20150901 16:47:34.760 484] 第[6]项 位置[2][1][3] 菜单[470][100元]
[20150901 16:47:34.761 484] 第[7]项 位置[2][2][0] 目录[422][电信直充]
[20150901 16:47:34.761 484] TS_TradeEncode return [0]
[20150901 16:47:34.762 484] 第[8]项 位置[2][2][1] 菜单[654][单个电话号码充值(广东)]
[20150901 16:47:34.763 484] TS_TradeEncode return [0]
[20150901 16:47:34.764 484] 第[9]项 位置[2][2][2] 菜单[655][单个ADSL网费(广东省)]
[20150901 16:47:34.765 484] TS_TradeEncode return [0]
[20150901 16:47:34.766 484] 第[10]项 位置[2][2][3] 菜单[656][绑定业务(e家套餐)广东]
[20150901 16:47:34.767 484] TS_TradeEncode return [0]
[20150901 16:47:34.767 484] 第[11]项 位置[2][2][4] 菜单[809][单个话费充值(全国)]
[20150901 16:47:34.768 484] 第[12]项 位置[2][3][0] 目录[444][电信综合交费]
[20150901 16:47:34.769 484] TS_TradeEncode return [0]
[20150901 16:47:34.770 484] 第[13]项 位置[2][3][1] 菜单[132][交话费（综合）]
[20150901 16:47:34.770 484] TS_TradeEncode return [0]
[20150901 16:47:34.771 484] 第[14]项 位置[2][3][2] 菜单[71][固话/小灵通交费]
[20150901 16:47:34.772 484] TS_TradeEncode return [0]
[20150901 16:47:34.772 484] 第[15]项 位置[2][3][3] 菜单[75][电信ADSL交费]
[20150901 16:47:34.773 484] TS_TradeEncode return [0]
[20150901 16:47:34.788 484] 第[16]项 位置[2][3][4] 菜单[228][电信CDMA交费]
[20150901 16:47:34.789 484] TS_TradeEncode return [0]
[20150901 16:47:34.790 484] 第[17]项 位置[2][3][5] 菜单[229][CDMA预付费充值]
[20150901 16:47:34.791 484] 第[18]项 位置[2][4][0] 目录[657][天翼空中选号]
[20150901 16:47:34.791 484] TS_TradeEncode return [0]
[20150901 16:47:34.792 484] 第[19]项 位置[2][4][1] 菜单[658][白卡采购]
[20150901 16:47:34.793 484] TS_TradeEncode return [0]
[20150901 16:47:34.794 484] 第[20]项 位置[2][4][2] 菜单[659][白卡到货确认]
[20150901 16:47:34.795 484] TS_TradeEncode return [0]
[20150901 16:47:34.795 484] 第[21]项 位置[2][4][3] 菜单[660][号码销售]
[20150901 16:47:34.796 484] TS_TradeEncode return [0]
[20150901 16:47:34.797 484] 第[22]项 位置[2][5][0] 菜单[741][翼支付账户充值]
[20150901 16:47:34.797 484] TS_TradeEncode return [0]
[20150901 16:47:34.798 484] 第[23]项 位置[2][6][0] 菜单[788][3G流量卡直充]
[20150901 16:47:34.799 484] TS_TradeEncode return [0]
[20150901 16:47:34.800 484] 第[24]项 位置[2][7][0] 菜单[800][翼支付卡]
[20150901 16:47:34.801 484] 第[25]项 位置[3][0][0] 目录[626][公交卡充值（全省岭南通）]
[20150901 16:47:34.801 484] TS_TradeEncode return [0]
[20150901 16:47:34.802 484] 第[26]项 位置[3][1][0] 菜单[597][羊城通余额查询]
[20150901 16:47:34.803 484] TS_TradeEncode return [0]
[20150901 16:47:34.803 484] 第[27]项 位置[3][2][0] 菜单[776][现金充值]
[20150901 16:47:34.804 484] TS_TradeEncode return [0]
[20150901 16:47:34.805 484] 第[28]项 位置[3][3][0] 菜单[777][自动充值(飞充)]
[20150901 16:47:34.806 484] TS_TradeEncode return [0]
[20150901 16:47:34.806 484] 第[29]项 位置[3][4][0] 菜单[779][充值撤销]
[20150901 16:47:34.807 484] TS_TradeEncode return [0]
[20150901 16:47:34.808 484] 第[30]项 位置[3][5][0] 菜单[780][卡片拓展应用]
[20150901 16:47:34.808 484] 第[31]项 位置[4][0][0] 目录[3][中国联通]
[20150901 16:47:34.809 484] 第[32]项 位置[4][1][0] 目录[421][充值卡销售(全国)]
[20150901 16:47:34.810 484] TS_TradeEncode return [0]
[20150901 16:47:34.810 484] 第[33]项 位置[4][1][1] 菜单[405][30元(售31元)]
[20150901 16:47:34.811 484] TS_TradeEncode return [0]
[20150901 16:47:34.812 484] 第[34]项 位置[4][1][2] 菜单[406][50元]
[20150901 16:47:34.813 484] TS_TradeEncode return [0]
[20150901 16:47:34.813 484] 第[35]项 位置[4][1][3] 菜单[407][100元]
[20150901 16:47:34.814 484] 第[36]项 位置[4][2][0] 目录[474][联通直充(广东省内)]
[20150901 16:47:34.815 484] TS_TradeEncode return [0]
[20150901 16:47:34.815 484] 第[37]项 位置[4][2][1] 菜单[599][30元]
[20150901 16:47:34.816 484] TS_TradeEncode return [0]
[20150901 16:47:34.816 484] 第[38]项 位置[4][2][2] 菜单[600][50元]
[20150901 16:47:34.817 484] TS_TradeEncode return [0]
[20150901 16:47:34.817 484] 第[39]项 位置[4][2][3] 菜单[601][100元]
[20150901 16:47:34.818 484] TS_TradeEncode return [0]
[20150901 16:47:34.818 484] 第[40]项 位置[4][2][4] 菜单[612][200元]
[20150901 16:47:34.819 484] TS_TradeEncode return [0]
[20150901 16:47:34.819 484] 第[41]项 位置[4][2][5] 菜单[602][300元]
[20150901 16:47:34.819 484] TS_TradeEncode return [0]
[20150901 16:47:34.820 484] 第[42]项 位置[4][2][6] 菜单[603][500元]
[20150901 16:47:34.820 484] 第[43]项 位置[4][3][0] 目录[31][联通交费]
[20150901 16:47:34.821 484] TS_TradeEncode return [0]
[20150901 16:47:34.821 484] 第[44]项 位置[4][3][1] 菜单[80][130/131后付费]
[20150901 16:47:34.822 484] TS_TradeEncode return [0]
[20150901 16:47:34.822 484] 第[45]项 位置[4][3][2] 菜单[81][130/131预付费]
[20150901 16:47:34.823 484] TS_TradeEncode return [0]
[20150901 16:47:34.823 484] 第[46]项 位置[4][3][3] 菜单[84][193/17911后付费]
[20150901 16:47:34.823 484] TS_TradeEncode return [0]
[20150901 16:47:34.824 484] 第[47]项 位置[4][3][4] 菜单[85][193/17911预付费]
[20150901 16:47:34.824 484] TS_TradeEncode return [0]
[20150901 16:47:34.825 484] 第[48]项 位置[4][4][0] 菜单[789][联通充值（全国）]
[20150901 16:47:34.825 484] 第[49]项 位置[5][0][0] 目录[377][QQ/游戏/电影/长途汽车]
[20150901 16:47:34.825 484] 第[50]项 位置[5][1][0] 目录[12][QQ腾讯直充]
[20150901 16:47:34.826 484] TS_TradeEncode return [0]
[20150901 16:47:34.826 484] 第[51]项 位置[5][1][1] 菜单[41][Q币充值]
[20150901 16:47:34.826 484] TS_TradeEncode return [0]
[20150901 16:47:34.827 484] 第[52]项 位置[5][1][2] 菜单[42][QQ会员包月]
[20150901 16:47:34.827 484] TS_TradeEncode return [0]
[20150901 16:47:34.828 484] 第[53]项 位置[5][1][3] 菜单[643][黄钻贵族（QQ空间）]
[20150901 16:47:34.828 484] TS_TradeEncode return [0]
[20150901 16:47:34.829 484] 第[54]项 位置[5][1][4] 菜单[644][红钻贵族（QQ秀）]
[20150901 16:47:34.829 484] TS_TradeEncode return [0]
[20150901 16:47:34.829 484] 第[55]项 位置[5][1][5] 菜单[645][蓝钻贵族（QQ游戏）]
[20150901 16:47:34.830 484] TS_TradeEncode return [0]
[20150901 16:47:34.830 484] 第[56]项 位置[5][1][6] 菜单[646][QQ堂紫钻]
[20150901 16:47:34.831 484] 第[57]项 位置[5][2][0] 目录[212][游戏点卡（可充QQ等）]
[20150901 16:47:34.831 484] TS_TradeEncode return [0]
[20150901 16:47:34.832 484] 第[58]项 位置[5][2][1] 菜单[391][天下通卡]
[20150901 16:47:34.832 484] 第[59]项 位置[5][3][0] 目录[688][游戏直充（可充QQ/游戏等）]
[20150901 16:47:34.833 484] TS_TradeEncode return [0]
[20150901 16:47:34.833 484] 第[60]项 位置[5][3][1] 菜单[694][全部游戏列表]
[20150901 16:47:34.833 484] TS_TradeEncode return [0]
[20150901 16:47:34.834 484] 第[61]项 位置[5][3][2] 菜单[695][按关键字搜索]
[20150901 16:47:34.834 484] TS_TradeEncode return [0]
[20150901 16:47:34.835 484] 第[62]项 位置[5][4][0] 菜单[783][水电煤气缴费]
[20150901 16:47:34.835 484] 第[63]项 位置[5][5][0] 目录[9][有线电视]
[20150901 16:47:34.835 484] TS_TradeEncode return [0]
[20150901 16:47:34.836 484] 第[64]项 位置[5][5][1] 菜单[34][高清互动电视]
[20150901 16:47:34.836 484] TS_TradeEncode return [0]
[20150901 16:47:34.836 484] 第[65]项 位置[5][5][2] 菜单[35][珠江数码（数字电视）]
[20150901 16:47:34.837 484] TS_TradeEncode return [0]
[20150901 16:47:34.837 484] 第[66]项 位置[5][5][3] 菜单[36][珠江宽频]
[20150901 16:47:34.838 484] 第[67]项 位置[5][6][0] 目录[722][长途汽车票]
[20150901 16:47:34.838 484] TS_TradeEncode return [0]
[20150901 16:47:34.838 484] 第[68]项 位置[5][6][1] 菜单[712][广州发车]
[20150901 16:47:34.839 484] 第[69]项 位置[6][0][0] 目录[267][汽车频道（交通罚款）]
[20150901 16:47:34.839 484] 第[70]项 位置[6][1][0] 目录[218][广州交通罚款]
[20150901 16:47:34.839 484] TS_TradeEncode return [0]
[20150901 16:47:34.840 484] 第[71]项 位置[6][1][1] 菜单[237][现场执法罚单交纳]
[20150901 16:47:34.840 484] TS_TradeEncode return [0]
[20150901 16:47:34.841 484] 第[72]项 位置[6][1][2] 菜单[383][其他类型罚单交纳]
[20150901 16:47:34.841 484] TS_TradeEncode return [0]
[20150901 16:47:34.841 484] 第[73]项 位置[6][2][0] 菜单[5][广州车船税]
[20150901 16:47:34.842 484] 第[74]项 位置[6][3][0] 目录[555][广州汽车年票]
[20150901 16:47:34.842 484] TS_TradeEncode return [0]
[20150901 16:47:34.842 484] 第[75]项 位置[6][3][1] 菜单[551][广州汽车年票]
[20150901 16:47:34.843 484] 第[76]项 位置[6][4][0] 目录[432][广州车强险]
[20150901 16:47:34.844 484] TS_TradeEncode return [0]
[20150901 16:47:34.844 484] 第[77]项 位置[6][4][1] 菜单[10][PICC车强险]
[20150901 16:47:34.844 484] 第[78]项 位置[6][5][0] 目录[635][全省交通罚款]
[20150901 16:47:34.845 484] TS_TradeEncode return [0]
[20150901 16:47:34.845 484] 第[79]项 位置[6][5][1] 菜单[636][小型汽车]
[20150901 16:47:34.845 484] TS_TradeEncode return [0]
[20150901 16:47:34.846 484] 第[80]项 位置[6][5][2] 菜单[637][大型汽车]
[20150901 16:47:34.846 484] TS_TradeEncode return [0]
[20150901 16:47:34.846 484] 第[81]项 位置[6][5][3] 菜单[638][外籍汽车(黑牌)]
[20150901 16:47:34.847 484] TS_TradeEncode return [0]
[20150901 16:47:34.847 484] 第[82]项 位置[6][5][4] 菜单[639][挂车]
[20150901 16:47:34.848 484] TS_TradeEncode return [0]
[20150901 16:47:34.848 484] 第[83]项 位置[6][5][5] 菜单[652][违章罚单查询]
[20150901 16:47:34.848 484] TS_TradeEncode return [0]
[20150901 16:47:34.849 484] 第[84]项 位置[7][0][0] 菜单[355][信用卡还款]
[20150901 16:47:34.849 484] 第[85]项 位置[8][0][0] 目录[376][商户服务]
[20150901 16:47:34.849 484] 第[86]项 位置[8][1][0] 目录[6][资金管理]
[20150901 16:47:34.850 484] TS_TradeEncode return [0]
[20150901 16:47:34.850 484] 第[87]项 位置[8][1][1] 菜单[667][银行卡余额查询]
[20150901 16:47:34.850 484] TS_TradeEncode return [0]
[20150901 16:47:34.851 484] 第[88]项 位置[8][1][2] 菜单[151][实时转帐到交费易]
[20150901 16:47:34.851 484] TS_TradeEncode return [0]
[20150901 16:47:34.851 484] 第[89]项 位置[8][1][3] 菜单[572][酬金结转]
[20150901 16:47:34.852 484] TS_TradeEncode return [0]
[20150901 16:47:34.852 484] 第[90]项 位置[8][1][4] 菜单[152][转帐申请(非实时)]
[20150901 16:47:34.852 484] TS_TradeEncode return [0]
[20150901 16:47:34.853 484] 第[91]项 位置[8][1][5] 菜单[480][收支明细查询]
[20150901 16:47:34.853 484] TS_TradeEncode return [0]
[20150901 16:47:34.853 484] 第[92]项 位置[8][1][6] 菜单[424][商户签约]
[20150901 16:47:34.854 484] TS_TradeEncode return [0]
[20150901 16:47:34.854 484] 第[93]项 位置[8][1][7] 菜单[621][资金划拨]
[20150901 16:47:34.854 484] 第[94]项 位置[8][2][0] 目录[13][交易管理]
[20150901 16:47:34.855 484] TS_TradeEncode return [0]
[20150901 16:47:34.855 484] 第[95]项 位置[8][2][1] 菜单[155][最后一笔查询]
[20150901 16:47:34.856 484] TS_TradeEncode return [0]
[20150901 16:47:34.856 484] 第[96]项 位置[8][2][2] 菜单[629][酬金余额查询]
[20150901 16:47:34.857 484] TS_TradeEncode return [0]
[20150901 16:47:34.857 484] 第[97]项 位置[8][2][3] 菜单[577][账户余额查询]
[20150901 16:47:34.857 484] TS_TradeEncode return [0]
[20150901 16:47:34.858 484] 第[98]项 位置[8][2][4] 菜单[483][员工交班日结]
[20150901 16:47:34.858 484] TS_TradeEncode return [0]
[20150901 16:47:34.858 484] 第[99]项 位置[8][2][5] 菜单[724][交易查询/冲正]
[20150901 16:47:34.859 484] TS_TradeEncode return [0]
[20150901 16:47:34.859 484] 第[100]项 位置[8][2][6] 菜单[585][系统最新提示]
[20150901 16:47:34.860 484] TS_TradeEncode return [0]
[20150901 16:47:34.860 484] 第[101]项 位置[8][2][7] 菜单[781][莞市通充值]
[20150901 16:47:34.860 484] 第[102]项 位置[8][3][0] 目录[7][票据补打]
[20150901 16:47:34.861 484] TS_TradeEncode return [0]
[20150901 16:47:34.861 484] 第[103]项 位置[8][3][1] 菜单[112][通讯资费凭证]
[20150901 16:47:34.861 484] TS_TradeEncode return [0]
[20150901 16:47:34.862 484] 第[104]项 位置[8][3][2] 菜单[113][车船使用税凭证]
[20150901 16:47:34.862 484] TS_TradeEncode return [0]
[20150901 16:47:34.863 484] 第[105]项 位置[8][3][3] 菜单[221][交通罚款凭证]
[20150901 16:47:34.863 484] TS_TradeEncode return [0]
[20150901 16:47:34.863 484] 第[106]项 位置[8][3][4] 菜单[653][按系统参考号补打]
[20150901 16:47:34.864 484] TS_TradeEncode return [0]
[20150901 16:47:34.864 484] 第[107]项 位置[8][3][5] 菜单[534][打印终端号]
[20150901 16:47:34.864 484] TS_TradeEncode return [0]
[20150901 16:47:34.865 484] 第[108]项 位置[8][3][6] 菜单[608][直充票据补打]
[20150901 16:47:34.865 484] 第[109]项 位置[8][4][0] 目录[580][统计分析]
[20150901 16:47:34.866 484] TS_TradeEncode return [0]
[20150901 16:47:34.866 484] 第[110]项 位置[8][4][1] 菜单[630][交易明细查询]
[20150901 16:47:34.866 484] 第[111]项 位置[8][5][0] 目录[439][系统设置]
[20150901 16:47:34.867 484] TS_TradeEncode return [0]
[20150901 16:47:34.867 484] 第[112]项 位置[8][5][1] 菜单[111][修改交易密码]
[20150901 16:47:34.868 484] TS_TradeEncode return [0]
[20150901 16:47:34.868 484] 第[113]项 位置[8][5][2] 菜单[430][修改老板密码及手机]
[20150901 16:47:34.868 484] TS_TradeEncode return [0]
[20150901 16:47:34.869 484] 第[114]项 位置[8][5][3] 菜单[676][修改转账密码]
[20150901 16:47:34.869 484] TS_TradeEncode return [0]
[20150901 16:47:34.870 484] 第[115]项 位置[8][5][4] 菜单[438][修改交易方式]
[20150901 16:47:34.870 484] TS_TradeEncode return [0]
[20150901 16:47:34.870 484] 第[116]项 位置[8][5][5] 菜单[443][修改日交易限额]
[20150901 16:47:34.871 484] TS_TradeEncode return [0]
[20150901 16:47:34.871 484] 第[117]项 位置[8][5][6] 菜单[583][界面标题设置]
[20150901 16:47:34.871 484] TS_TradeEncode return [0]
[20150901 16:47:34.872 484] 第[118]项 位置[8][5][7] 菜单[604][外部设备设置]
[20150901 16:47:34.872 484] 第[119]项 位置[8][6][0] 目录[640][客服中心]
[20150901 16:47:34.873 484] TS_TradeEncode return [0]
[20150901 16:47:34.873 484] 第[120]项 位置[8][6][1] 菜单[641][在线客服]
[20150901 16:47:34.874 484] TS_TradeEncode return [0]
[20150901 16:47:34.874 484] 第[121]项 位置[8][6][2] 菜单[642][客服网站]
[20150901 16:47:34.874 484] TS_TradeEncode return [0]
[20150901 16:47:34.875 484] 第[122]项 位置[8][6][3] 菜单[651][赠送领取]
[20150901 16:47:34.875 484] 第[123]项 位置[8][7][0] 目录[677][服务与耗材订购]
[20150901 16:47:34.876 484] TS_TradeEncode return [0]
[20150901 16:47:34.876 484] 第[124]项 位置[8][7][1] 菜单[681][现场维护服务]
[20150901 16:47:34.876 484] TS_TradeEncode return [0]
[20150901 16:47:34.877 484] 第[125]项 位置[8][7][2] 菜单[346][凭条采购]
[20150901 16:47:34.877 484] TS_TradeEncode return [0]
[20150901 16:47:34.877 484] 第[126]项 位置[8][7][3] 菜单[774][羊城通读卡器]
[20150901 16:47:34.878 484] TS_TradeEncode return [0]
[20150901 16:47:34.878 484] 第[127]项 位置[8][7][4] 菜单[678][色带(含邮费)]
[20150901 16:47:34.879 484] TS_TradeEncode return [0]
[20150901 16:47:34.879 484] 第[128]项 位置[8][7][5] 菜单[679][交费易宣传套装(含邮费)]
[20150901 16:47:34.879 484] TS_TradeEncode return [0]
[20150901 16:47:34.880 484] 第[129]项 位置[8][7][6] 菜单[680][交费易标准招牌]
[20150901 16:47:34.880 484] 【FSK】【TS_UpdateMenus】
[20150901 16:47:34.880 484] packsize[636]
[20150901 16:47:34.899 484] 【FSK】发送失败
[20150901 16:47:34.900 484] TS_UpdateMenus return [-101]
[20150901 16:47:34.900 484] 更新菜单失败
[20150901 16:47:34.901 484] 【进入一项本地菜单】【110】
[20150901 16:47:34.901 484] e卡－>查询余额
[20150901 16:47:34.902 484] 【东莞所有银行卡走银联】
[20150901 16:47:34.902 484] 【getCardPwd】
[20150901 16:47:34.903 484] key num : [4]
[20150901 16:47:34.903 484] 【FSK】【TS_TradeControl】
[20150901 16:47:34.903 484] 【FSK】tradeInfoSend
[20150901 16:47:34.904 484] 【FSK】Contents[0] acTitle[请输入交易密码：] uCommand[4], uCount[0], uDesMode[10], uCardType[0], uKeyIndex[4], uKeyRand[], uTimeOut[30], uMinLen[6], uMaxLen[6]
[20150901 16:47:34.907 484] 【FSK】发送失败
[20150901 16:47:34.908 484] #TS_TradeControl返回错误[-101]
[20150901 16:47:34.908 484] 【wrMonitorLog】type[2] stat[1] rspCode[-101]
[20150901 16:47:34.909 484] 【wrMonitorLog】end
[20150901 16:47:34.909 484] 下发挂机命令
[20150901 16:47:34.910 484] 【时间统计】结束
[20150901 16:47:34.910 484] 【FSK】【TS_HangUp】
[20150901 16:47:34.911 484] 【FSK】发送失败
[20150901 16:47:34.912 484] 【FSK】rt=[-1]
[20150901 16:47:34.912 484] 【~CMenuHdl】
