C:\USERS\ADMINISTRATOR\DESKTOP\协达资料\近期代码资料\广州邮政\SSMAPP\DEBUG\SSMAPP.BSC
C:\USERS\ADMINISTRATOR\DESKTOP\协达资料\近期代码资料\广州邮政\SSMAPP\DEBUG\SSMAPP.PCH
C:\USERS\ADMINISTRATOR\DESKTOP\协达资料\近期代码资料\广州邮政\SSMAPP\DEBUG\STDAFX.SBR
C:\USERS\ADMINISTRATOR\DESKTOP\协达资料\近期代码资料\广州邮政\SSMAPP\DEBUG\STDAFX.OBJ
C:\USERS\ADMINISTRATOR\DESKTOP\协达资料\近期代码资料\广州邮政\SSMAPP\DEBUG\VC110.PDB
C:\USERS\ADMINISTRATOR\DESKTOP\协达资料\近期代码资料\广州邮政\SSMAPP\DEBUG\TRANPROTHREAD.SBR
C:\USERS\ADMINISTRATOR\DESKTOP\协达资料\近期代码资料\广州邮政\SSMAPP\DEBUG\TRANPRODLG.SBR
C:\USERS\ADMINISTRATOR\DESKTOP\协达资料\近期代码资料\广州邮政\SSMAPP\DEBUG\SSMAPPDLG.SBR
C:\USERS\ADMINISTRATOR\DESKTOP\协达资料\近期代码资料\广州邮政\SSMAPP\DEBUG\SSMAPP.SBR
C:\USERS\ADMINISTRATOR\DESKTOP\协达资料\近期代码资料\广州邮政\SSMAPP\DEBUG\SHOCKWAVEFLASH.SBR
C:\USERS\ADMINISTRATOR\DESKTOP\协达资料\近期代码资料\广州邮政\SSMAPP\DEBUG\QUEUE.SBR
C:\USERS\ADMINISTRATOR\DESKTOP\协达资料\近期代码资料\广州邮政\SSMAPP\DEBUG\MARKUP.SBR
C:\USERS\ADMINISTRATOR\DESKTOP\协达资料\近期代码资料\广州邮政\SSMAPP\DEBUG\LOG.SBR
C:\USERS\ADMINISTRATOR\DESKTOP\协达资料\近期代码资料\广州邮政\SSMAPP\DEBUG\DES.SBR
C:\USERS\ADMINISTRATOR\DESKTOP\协达资料\近期代码资料\广州邮政\SSMAPP\DEBUG\DATABASE.SBR
C:\USERS\ADMINISTRATOR\DESKTOP\协达资料\近期代码资料\广州邮政\SSMAPP\DEBUG\DATABASE.OBJ
C:\USERS\ADMINISTRATOR\DESKTOP\协达资料\近期代码资料\广州邮政\SSMAPP\DEBUG\DES.OBJ
C:\USERS\ADMINISTRATOR\DESKTOP\协达资料\近期代码资料\广州邮政\SSMAPP\DEBUG\LOG.OBJ
C:\USERS\ADMINISTRATOR\DESKTOP\协达资料\近期代码资料\广州邮政\SSMAPP\DEBUG\MARKUP.OBJ
C:\USERS\ADMINISTRATOR\DESKTOP\协达资料\近期代码资料\广州邮政\SSMAPP\DEBUG\QUEUE.OBJ
C:\USERS\ADMINISTRATOR\DESKTOP\协达资料\近期代码资料\广州邮政\SSMAPP\DEBUG\SHOCKWAVEFLASH.OBJ
C:\USERS\ADMINISTRATOR\DESKTOP\协达资料\近期代码资料\广州邮政\SSMAPP\DEBUG\SSMAPP.OBJ
C:\USERS\ADMINISTRATOR\DESKTOP\协达资料\近期代码资料\广州邮政\SSMAPP\DEBUG\SSMAPPDLG.OBJ
C:\USERS\ADMINISTRATOR\DESKTOP\协达资料\近期代码资料\广州邮政\SSMAPP\DEBUG\TRANPRODLG.OBJ
C:\USERS\ADMINISTRATOR\DESKTOP\协达资料\近期代码资料\广州邮政\SSMAPP\DEBUG\TRANPROTHREAD.OBJ
C:\USERS\ADMINISTRATOR\DESKTOP\协达资料\近期代码资料\广州邮政\SSMAPP\DEBUG\MD5.SBR
C:\USERS\ADMINISTRATOR\DESKTOP\协达资料\近期代码资料\广州邮政\SSMAPP\DEBUG\MD5.OBJ
C:\USERS\ADMINISTRATOR\DESKTOP\协达资料\近期代码资料\广州邮政\SSMAPP\DEBUG\SSMAPP.ILK
C:\USERS\ADMINISTRATOR\DESKTOP\协达资料\近期代码资料\广州邮政\SSMAPP\DEBUG\SSMAPP.EXE
C:\USERS\ADMINISTRATOR\DESKTOP\协达资料\近期代码资料\广州邮政\SSMAPP\DEBUG\SSMAPP.EXE.INTERMEDIATE.MANIFEST
C:\USERS\ADMINISTRATOR\DESKTOP\协达资料\近期代码资料\广州邮政\SSMAPP\DEBUG\SSMAPP.PDB
C:\USERS\ADMINISTRATOR\DESKTOP\协达资料\近期代码资料\广州邮政\SSMAPP\DEBUG\SSMAPP.EXE.MANIFEST
C:\USERS\ADMINISTRATOR\DESKTOP\协达资料\近期代码资料\广州邮政\SSMAPP\DEBUG\SSMAPP.RES
C:\Users\Administrator\Desktop\协达资料\近期代码资料\广州邮政\ssmapp\Debug\DataBase.obj
C:\Users\Administrator\Desktop\协达资料\近期代码资料\广州邮政\ssmapp\Debug\Des.obj
C:\Users\Administrator\Desktop\协达资料\近期代码资料\广州邮政\ssmapp\Debug\Log.obj
C:\Users\Administrator\Desktop\协达资料\近期代码资料\广州邮政\ssmapp\Debug\Markup.obj
C:\Users\Administrator\Desktop\协达资料\近期代码资料\广州邮政\ssmapp\Debug\md5.obj
C:\Users\Administrator\Desktop\协达资料\近期代码资料\广州邮政\ssmapp\Debug\Queue.obj
C:\Users\Administrator\Desktop\协达资料\近期代码资料\广州邮政\ssmapp\Debug\shockwaveflash.obj
C:\Users\Administrator\Desktop\协达资料\近期代码资料\广州邮政\ssmapp\Debug\ssmApp.obj
C:\Users\Administrator\Desktop\协达资料\近期代码资料\广州邮政\ssmapp\Debug\ssmAppDlg.obj
C:\Users\Administrator\Desktop\协达资料\近期代码资料\广州邮政\ssmapp\Debug\StdAfx.obj
C:\Users\Administrator\Desktop\协达资料\近期代码资料\广州邮政\ssmapp\Debug\TranProDlg.obj
C:\Users\Administrator\Desktop\协达资料\近期代码资料\广州邮政\ssmapp\Debug\TranProThread.obj
C:\Users\Administrator\Desktop\协达资料\近期代码资料\广州邮政\ssmapp\Debug\ssmApp.ilk
C:\Users\Administrator\Desktop\协达资料\近期代码资料\广州邮政\ssmapp\Debug\BscMake.command.1.tlog
C:\Users\Administrator\Desktop\协达资料\近期代码资料\广州邮政\ssmapp\Debug\bscmake.read.1.tlog
C:\Users\Administrator\Desktop\协达资料\近期代码资料\广州邮政\ssmapp\Debug\bscmake.write.1.tlog
C:\Users\Administrator\Desktop\协达资料\近期代码资料\广州邮政\ssmapp\Debug\cl.command.1.tlog
C:\Users\Administrator\Desktop\协达资料\近期代码资料\广州邮政\ssmapp\Debug\CL.read.1.tlog
C:\Users\Administrator\Desktop\协达资料\近期代码资料\广州邮政\ssmapp\Debug\CL.write.1.tlog
C:\Users\Administrator\Desktop\协达资料\近期代码资料\广州邮政\ssmapp\Debug\link-cvtres.read.1.tlog
C:\Users\Administrator\Desktop\协达资料\近期代码资料\广州邮政\ssmapp\Debug\link-cvtres.write.1.tlog
C:\Users\Administrator\Desktop\协达资料\近期代码资料\广州邮政\ssmapp\Debug\link.command.1.tlog
C:\Users\Administrator\Desktop\协达资料\近期代码资料\广州邮政\ssmapp\Debug\link.read.1.tlog
C:\Users\Administrator\Desktop\协达资料\近期代码资料\广州邮政\ssmapp\Debug\link.write.1.tlog
C:\Users\Administrator\Desktop\协达资料\近期代码资料\广州邮政\ssmapp\Debug\mt.command.1.tlog
C:\Users\Administrator\Desktop\协达资料\近期代码资料\广州邮政\ssmapp\Debug\mt.read.1.tlog
C:\Users\Administrator\Desktop\协达资料\近期代码资料\广州邮政\ssmapp\Debug\mt.write.1.tlog
C:\Users\Administrator\Desktop\协达资料\近期代码资料\广州邮政\ssmapp\Debug\rc.command.1.tlog
C:\Users\Administrator\Desktop\协达资料\近期代码资料\广州邮政\ssmapp\Debug\rc.read.1.tlog
C:\Users\Administrator\Desktop\协达资料\近期代码资料\广州邮政\ssmapp\Debug\rc.write.1.tlog
C:\Users\Administrator\Desktop\协达资料\近期代码资料\广州邮政\ssmapp\Debug\ssmApp.exe.intermediate.manifest
C:\Users\Administrator\Desktop\协达资料\近期代码资料\广州邮政\ssmapp\Debug\ssmApp.exe.manifest
C:\Users\Administrator\Desktop\协达资料\近期代码资料\广州邮政\ssmapp\Debug\ssmApp.res
C:\Users\Administrator\Desktop\协达资料\近期代码资料\广州邮政\ssmapp\Debug\ssmApp.pch
C:\Users\Administrator\Desktop\协达资料\近期代码资料\广州邮政\ssmapp\Debug\vc110.idb
C:\Users\Administrator\Desktop\协达资料\近期代码资料\广州邮政\ssmapp\Debug\ssmApp.pdb
C:\Users\Administrator\Desktop\协达资料\近期代码资料\广州邮政\ssmapp\Debug\vc110.pdb
C:\Users\Administrator\Desktop\协达资料\近期代码资料\广州邮政\ssmapp\Debug\ssmApp.bsc
C:\Users\Administrator\Desktop\协达资料\近期代码资料\广州邮政\ssmapp\Debug\DataBase.sbr
C:\Users\Administrator\Desktop\协达资料\近期代码资料\广州邮政\ssmapp\Debug\Des.sbr
C:\Users\Administrator\Desktop\协达资料\近期代码资料\广州邮政\ssmapp\Debug\Log.sbr
C:\Users\Administrator\Desktop\协达资料\近期代码资料\广州邮政\ssmapp\Debug\Markup.sbr
C:\Users\Administrator\Desktop\协达资料\近期代码资料\广州邮政\ssmapp\Debug\md5.sbr
C:\Users\Administrator\Desktop\协达资料\近期代码资料\广州邮政\ssmapp\Debug\Queue.sbr
C:\Users\Administrator\Desktop\协达资料\近期代码资料\广州邮政\ssmapp\Debug\shockwaveflash.sbr
C:\Users\Administrator\Desktop\协达资料\近期代码资料\广州邮政\ssmapp\Debug\ssmApp.sbr
C:\Users\Administrator\Desktop\协达资料\近期代码资料\广州邮政\ssmapp\Debug\ssmAppDlg.sbr
C:\Users\Administrator\Desktop\协达资料\近期代码资料\广州邮政\ssmapp\Debug\StdAfx.sbr
C:\Users\Administrator\Desktop\协达资料\近期代码资料\广州邮政\ssmapp\Debug\TranProDlg.sbr
C:\Users\Administrator\Desktop\协达资料\近期代码资料\广州邮政\ssmapp\Debug\TranProThread.sbr
C:\Users\Administrator\Desktop\协达资料\近期代码资料\广州邮政\ssmapp\Debug\ssmApp.exe
