[20150831 10:46:42]当前在线数: 0
[20150831 10:47:42]当前在线数: 0
[20150831 10:48:42]当前在线数: 0
[20150831 10:49:42]当前在线数: 1
[20150831 10:50:42]当前在线数: 1
[20150831 10:51:42]当前在线数: 0
[20150831 10:52:42]当前在线数: 0
[20150831 10:53:42]当前在线数: 0
[20150831 10:54:42]当前在线数: 1
[20150831 10:55:42]当前在线数: 0
[20150831 10:56:42]当前在线数: 0
[20150831 10:57:42]当前在线数: 0
[20150831 10:58:42]当前在线数: 0
[20150831 10:59:42]当前在线数: 1
[20150831 11:00:42]当前在线数: 0
[20150831 11:01:42]当前在线数: 0
[20150831 11:02:42]当前在线数: 1
[20150831 11:03:42]当前在线数: 0
[20150831 11:04:42]当前在线数: 0
[20150831 11:05:42]当前在线数: 0
[20150831 11:06:42]当前在线数: 0
[20150831 11:07:42]当前在线数: 0
[20150831 11:08:42]当前在线数: 0
[20150831 11:09:42]当前在线数: 0
[20150831 11:10:42]当前在线数: 0
[20150831 11:11:42]当前在线数: 0
[20150831 11:12:42]当前在线数: 0
[20150831 11:13:42]当前在线数: 0
[20150831 11:14:42]当前在线数: 0
[20150831 11:15:42]当前在线数: 0
[20150831 11:16:42]当前在线数: 0
[20150831 11:17:42]当前在线数: 0
[20150831 11:18:42]当前在线数: 0
[20150831 11:19:42]当前在线数: 0
[20150831 11:20:42]当前在线数: 0
[20150831 11:21:42]当前在线数: 0
[20150831 11:22:42]当前在线数: 0
[20150831 11:23:42]当前在线数: 0
[20150831 11:24:42]当前在线数: 0
[20150831 11:25:42]当前在线数: 0
[20150831 11:26:42]当前在线数: 0
[20150831 11:27:42]当前在线数: 0
[20150831 11:28:42]当前在线数: 0
[20150831 11:29:42]当前在线数: 0
[20150831 11:30:42]当前在线数: 0
[20150831 11:31:42]当前在线数: 0
[20150831 11:32:42]当前在线数: 0
[20150831 11:33:42]当前在线数: 0
[20150831 11:34:42]当前在线数: 0
[20150831 11:35:42]当前在线数: 0
[20150831 11:36:42]当前在线数: 0
[20150831 11:37:42]当前在线数: 0
[20150831 11:38:42]当前在线数: 0
[20150831 11:39:42]当前在线数: 0
[20150831 11:40:42]当前在线数: 0
[20150831 11:41:42]当前在线数: 0
[20150831 11:42:42]当前在线数: 0
[20150831 11:43:42]当前在线数: 0
[20150831 11:44:42]当前在线数: 0
[20150831 11:45:42]当前在线数: 0
[20150831 11:46:42]当前在线数: 0
[20150831 11:47:42]当前在线数: 0
[20150831 11:48:42]当前在线数: 0
[20150831 11:49:43]当前在线数: 0
[20150831 11:50:43]当前在线数: 0
[20150831 11:51:43]当前在线数: 0
[20150831 11:52:43]当前在线数: 0
[20150831 11:53:43]当前在线数: 0
[20150831 11:54:43]当前在线数: 0
[20150831 11:55:43]当前在线数: 0
[20150831 11:56:43]当前在线数: 0
[20150831 11:57:43]当前在线数: 0
[20150831 11:58:43]当前在线数: 0
[20150831 11:59:43]当前在线数: 0
[20150831 12:00:43]当前在线数: 0
[20150831 12:01:43]当前在线数: 0
[20150831 12:02:43]当前在线数: 0
[20150831 12:03:43]当前在线数: 0
[20150831 12:04:43]当前在线数: 0
[20150831 12:05:43]当前在线数: 0
[20150831 12:06:43]当前在线数: 0
[20150831 12:07:43]当前在线数: 0
[20150831 12:08:43]当前在线数: 0
[20150831 12:09:43]当前在线数: 0
[20150831 12:10:43]当前在线数: 0
[20150831 12:11:43]当前在线数: 0
[20150831 12:12:43]当前在线数: 0
[20150831 12:13:43]当前在线数: 0
[20150831 12:14:43]当前在线数: 0
[20150831 12:15:43]当前在线数: 0
[20150831 12:16:43]当前在线数: 0
[20150831 12:17:43]当前在线数: 0
[20150831 12:18:43]当前在线数: 0
[20150831 12:19:43]当前在线数: 0
[20150831 12:20:43]当前在线数: 0
[20150831 12:21:43]当前在线数: 0
[20150831 12:22:43]当前在线数: 0
[20150831 12:23:43]当前在线数: 0
[20150831 12:24:43]当前在线数: 0
[20150831 12:25:43]当前在线数: 0
[20150831 12:26:43]当前在线数: 0
[20150831 12:27:43]当前在线数: 0
[20150831 12:28:43]当前在线数: 0
[20150831 12:29:43]当前在线数: 0
[20150831 13:42:08]当前在线数: 0
[20150831 13:43:08]当前在线数: 0
[20150831 13:44:08]当前在线数: 0
[20150831 13:45:08]当前在线数: 0
[20150831 13:45:39]当前在线数: 0
[20150831 13:46:39]当前在线数: 0
[20150831 13:47:39]当前在线数: 0
[20150831 13:48:39]当前在线数: 0
[20150831 13:49:39]当前在线数: 0
[20150831 13:50:39]当前在线数: 0
[20150831 13:51:58]当前在线数: 0
[20150831 13:59:16]当前在线数: 0
[20150831 14:00:16]当前在线数: 0
[20150831 14:01:16]当前在线数: 0
[20150831 14:02:16]当前在线数: 0
[20150831 14:03:16]当前在线数: 0
[20150831 14:04:16]当前在线数: 0
[20150831 14:05:16]当前在线数: 0
[20150831 14:06:16]当前在线数: 0
[20150831 14:07:16]当前在线数: 0
[20150831 14:08:16]当前在线数: 0
[20150831 14:09:16]当前在线数: 0
[20150831 14:10:16]当前在线数: 0
[20150831 14:11:16]当前在线数: 0
[20150831 14:20:22]当前在线数: 0
[20150831 14:21:22]当前在线数: 0
[20150831 14:22:22]当前在线数: 0
[20150831 14:23:22]当前在线数: 0
[20150831 14:24:22]当前在线数: 0
[20150831 14:25:22]当前在线数: 0
[20150831 14:26:22]当前在线数: 0
[20150831 14:27:22]当前在线数: 0
[20150831 14:28:22]当前在线数: 0
[20150831 14:29:22]当前在线数: 0
[20150831 14:30:22]当前在线数: 0
[20150831 14:31:22]当前在线数: 0
[20150831 14:32:22]当前在线数: 0
[20150831 14:33:22]当前在线数: 0
[20150831 14:34:22]当前在线数: 0
[20150831 14:35:22]当前在线数: 0
[20150831 14:36:22]当前在线数: 0
[20150831 14:37:22]当前在线数: 0
[20150831 14:38:22]当前在线数: 0
[20150831 14:39:22]当前在线数: 0
[20150831 14:40:22]当前在线数: 0
[20150831 14:41:15]当前在线数: 0
[20150831 14:43:54]当前在线数: 0
[20150831 14:44:54]当前在线数: 0
[20150831 14:45:54]当前在线数: 0
[20150831 14:46:54]当前在线数: 0
[20150831 14:47:54]当前在线数: 0
[20150831 14:48:54]当前在线数: 0
[20150831 16:48:38]当前在线数: 0
[20150831 16:49:38]当前在线数: 0
[20150831 16:50:38]当前在线数: 0
[20150831 16:51:38]当前在线数: 0
[20150831 16:52:38]当前在线数: 0
[20150831 16:53:38]当前在线数: 0
[20150831 16:54:38]当前在线数: 0
[20150831 16:55:38]当前在线数: 0
[20150831 16:56:38]当前在线数: 0
[20150831 16:57:38]当前在线数: 0
[20150831 16:58:38]当前在线数: 0
[20150831 16:59:38]当前在线数: 0
[20150831 17:00:38]当前在线数: 0
[20150831 17:01:38]当前在线数: 0
[20150831 17:02:38]当前在线数: 0
[20150831 17:03:38]当前在线数: 0
[20150831 17:04:38]当前在线数: 0
[20150831 17:05:38]当前在线数: 0
[20150831 17:06:38]当前在线数: 0
[20150831 17:07:38]当前在线数: 0
[20150831 17:08:38]当前在线数: 0
[20150831 17:09:38]当前在线数: 0
[20150831 17:10:38]当前在线数: 0
[20150831 17:11:38]当前在线数: 0
[20150831 17:12:38]当前在线数: 0
[20150831 17:13:38]当前在线数: 0
[20150831 17:14:38]当前在线数: 0
[20150831 17:15:38]当前在线数: 0
[20150831 17:16:38]当前在线数: 0
[20150831 17:17:38]当前在线数: 0
[20150831 17:18:38]当前在线数: 0
[20150831 17:19:38]当前在线数: 0
[20150831 17:20:38]当前在线数: 0
[20150831 17:21:38]当前在线数: 0
[20150831 17:22:38]当前在线数: 0
[20150831 17:23:38]当前在线数: 0
[20150831 17:24:38]当前在线数: 0
[20150831 17:25:38]当前在线数: 0
[20150831 17:26:38]当前在线数: 0
[20150831 17:27:38]当前在线数: 0
[20150831 17:28:38]当前在线数: 0
[20150831 17:29:38]当前在线数: 0
[20150831 17:30:38]当前在线数: 0
[20150831 17:31:38]当前在线数: 0
[20150831 17:32:38]当前在线数: 0
[20150831 17:33:38]当前在线数: 0
[20150831 17:34:38]当前在线数: 0
[20150831 17:35:38]当前在线数: 0
[20150831 17:36:38]当前在线数: 0
[20150831 17:37:38]当前在线数: 0
[20150831 17:38:38]当前在线数: 0
[20150831 17:39:38]当前在线数: 0
[20150831 17:40:38]当前在线数: 0
[20150831 17:41:38]当前在线数: 0
[20150831 17:42:38]当前在线数: 0
[20150831 17:43:38]当前在线数: 0
[20150831 17:44:38]当前在线数: 0
[20150831 17:45:38]当前在线数: 0
[20150831 17:46:38]当前在线数: 0
[20150831 17:47:38]当前在线数: 0
[20150831 17:48:38]当前在线数: 0
[20150831 17:49:38]当前在线数: 0
[20150831 17:50:38]当前在线数: 0
[20150831 17:51:38]当前在线数: 0
[20150831 17:52:38]当前在线数: 0
[20150831 17:53:38]当前在线数: 0
[20150831 17:54:38]当前在线数: 0
[20150831 17:55:38]当前在线数: 0
[20150831 17:56:38]当前在线数: 0
[20150831 17:57:38]当前在线数: 0
[20150831 17:58:38]当前在线数: 0
[20150831 17:59:38]当前在线数: 0
[20150831 18:00:38]当前在线数: 0
[20150831 18:01:38]当前在线数: 0
[20150831 18:02:38]当前在线数: 0
[20150831 18:03:38]当前在线数: 0
[20150831 18:04:38]当前在线数: 0
[20150831 18:05:38]当前在线数: 0
[20150831 18:06:38]当前在线数: 0
[20150831 18:07:38]当前在线数: 0
[20150831 18:08:38]当前在线数: 0
[20150831 18:09:38]当前在线数: 0
[20150831 18:10:38]当前在线数: 0
[20150831 18:11:38]当前在线数: 0
[20150831 18:12:38]当前在线数: 0
[20150831 18:13:38]当前在线数: 0
[20150831 18:14:38]当前在线数: 0
[20150831 18:15:38]当前在线数: 0
[20150831 18:16:38]当前在线数: 0
[20150831 18:17:38]当前在线数: 0
[20150831 18:18:38]当前在线数: 0
[20150831 18:19:38]当前在线数: 0
[20150831 18:20:38]当前在线数: 0
[20150831 18:21:38]当前在线数: 0
[20150831 18:22:38]当前在线数: 0
[20150831 18:23:38]当前在线数: 0
[20150831 18:24:38]当前在线数: 0
[20150831 18:25:38]当前在线数: 0
[20150831 18:26:38]当前在线数: 0
[20150831 18:27:38]当前在线数: 0
[20150831 18:28:38]当前在线数: 0
[20150831 18:29:38]当前在线数: 0
[20150831 18:30:38]当前在线数: 0
[20150831 18:31:38]当前在线数: 0
[20150831 18:32:38]当前在线数: 0
[20150831 18:33:38]当前在线数: 0
[20150831 18:34:38]当前在线数: 0
[20150831 18:35:38]当前在线数: 0
[20150831 18:36:38]当前在线数: 0
[20150831 18:37:38]当前在线数: 0
[20150831 18:38:38]当前在线数: 0
[20150831 18:39:38]当前在线数: 0
[20150831 18:40:38]当前在线数: 0
[20150831 18:41:38]当前在线数: 0
[20150831 18:42:38]当前在线数: 0
[20150831 18:43:38]当前在线数: 0
[20150831 18:44:38]当前在线数: 0
[20150831 18:45:38]当前在线数: 0
[20150831 18:46:38]当前在线数: 0
[20150831 18:47:38]当前在线数: 0
[20150831 18:48:38]当前在线数: 0
[20150831 18:49:38]当前在线数: 0
[20150831 18:50:38]当前在线数: 0
[20150831 18:51:38]当前在线数: 0
[20150831 18:52:38]当前在线数: 0
[20150831 18:53:38]当前在线数: 0
[20150831 18:54:38]当前在线数: 0
[20150831 18:55:38]当前在线数: 0
[20150831 18:56:38]当前在线数: 0
[20150831 18:57:38]当前在线数: 0
[20150831 18:58:38]当前在线数: 0
[20150831 18:59:38]当前在线数: 0
[20150831 19:00:38]当前在线数: 0
[20150831 19:01:38]当前在线数: 0
[20150831 19:02:38]当前在线数: 0
[20150831 19:03:38]当前在线数: 0
[20150831 19:04:38]当前在线数: 0
[20150831 19:05:38]当前在线数: 0
[20150831 19:06:38]当前在线数: 0
[20150831 19:07:38]当前在线数: 0
[20150831 19:08:38]当前在线数: 0
[20150831 19:09:38]当前在线数: 0
[20150831 19:10:38]当前在线数: 0
[20150831 19:11:38]当前在线数: 0
[20150831 19:12:38]当前在线数: 0
[20150831 19:13:38]当前在线数: 0
[20150831 19:14:38]当前在线数: 0
[20150831 19:15:38]当前在线数: 0
[20150831 19:16:38]当前在线数: 0
[20150831 19:17:38]当前在线数: 0
[20150831 19:18:38]当前在线数: 0
[20150831 19:19:38]当前在线数: 0
[20150831 19:20:38]当前在线数: 0
[20150831 19:21:38]当前在线数: 0
[20150831 19:22:38]当前在线数: 0
[20150831 19:23:38]当前在线数: 0
[20150831 19:24:38]当前在线数: 0
[20150831 19:25:38]当前在线数: 0
[20150831 19:26:38]当前在线数: 0
[20150831 19:27:38]当前在线数: 0
[20150831 19:28:38]当前在线数: 0
[20150831 19:29:38]当前在线数: 0
[20150831 19:30:38]当前在线数: 0
[20150831 19:31:38]当前在线数: 0
[20150831 19:32:38]当前在线数: 0
[20150831 19:33:38]当前在线数: 0
[20150831 19:34:38]当前在线数: 0
[20150831 19:35:38]当前在线数: 0
[20150831 19:36:38]当前在线数: 0
[20150831 19:37:38]当前在线数: 0
[20150831 19:38:38]当前在线数: 0
[20150831 19:39:38]当前在线数: 0
[20150831 19:40:38]当前在线数: 0
[20150831 19:41:38]当前在线数: 0
[20150831 19:42:38]当前在线数: 0
[20150831 19:43:38]当前在线数: 0
[20150831 19:44:38]当前在线数: 0
[20150831 19:45:38]当前在线数: 0
[20150831 19:46:38]当前在线数: 0
[20150831 19:47:38]当前在线数: 0
[20150831 19:48:38]当前在线数: 0
[20150831 19:49:38]当前在线数: 0
[20150831 19:50:38]当前在线数: 0
[20150831 19:51:38]当前在线数: 0
[20150831 19:52:38]当前在线数: 0
[20150831 19:53:39]当前在线数: 0
[20150831 19:54:39]当前在线数: 0
[20150831 19:55:39]当前在线数: 0
[20150831 19:56:39]当前在线数: 0
[20150831 19:57:39]当前在线数: 0
[20150831 19:58:39]当前在线数: 0
[20150831 19:59:39]当前在线数: 0
[20150831 20:00:39]当前在线数: 0
[20150831 20:01:39]当前在线数: 0
[20150831 20:02:39]当前在线数: 0
[20150831 20:03:39]当前在线数: 0
[20150831 20:04:39]当前在线数: 0
[20150831 20:05:39]当前在线数: 0
[20150831 20:06:39]当前在线数: 0
[20150831 20:07:39]当前在线数: 0
[20150831 20:08:39]当前在线数: 0
[20150831 20:09:39]当前在线数: 0
[20150831 20:10:39]当前在线数: 0
[20150831 20:11:39]当前在线数: 0
[20150831 20:12:39]当前在线数: 0
[20150831 20:13:39]当前在线数: 0
[20150831 20:14:39]当前在线数: 0
[20150831 20:15:39]当前在线数: 0
[20150831 20:16:39]当前在线数: 0
[20150831 20:17:39]当前在线数: 0
[20150831 20:18:39]当前在线数: 0
[20150831 20:19:39]当前在线数: 0
[20150831 20:20:39]当前在线数: 0
[20150831 20:21:39]当前在线数: 0
[20150831 20:22:39]当前在线数: 0
