[20150828 15:21:16]当前在线数: 0
[20150828 15:22:16]当前在线数: 0
[20150828 15:23:16]当前在线数: 0
[20150828 15:24:16]当前在线数: 0
[20150828 16:09:39]当前在线数: 0
[20150828 16:10:39]当前在线数: 0
[20150828 16:11:39]当前在线数: 0
[20150828 16:12:39]当前在线数: 0
[20150828 16:13:39]当前在线数: 0
[20150828 16:14:39]当前在线数: 0
[20150828 16:15:39]当前在线数: 0
[20150828 16:16:39]当前在线数: 0
[20150828 16:17:39]当前在线数: 0
[20150828 16:18:39]当前在线数: 0
[20150828 16:19:39]当前在线数: 0
[20150828 16:20:39]当前在线数: 0
[20150828 16:21:39]当前在线数: 0
[20150828 16:41:11]当前在线数: 0
[20150828 16:47:37]当前在线数: 0
[20150828 16:48:37]当前在线数: 0
[20150828 16:49:34]当前在线数: 0
