20150722 11:01:31;68144572;;0C360814DFAC072A;10;10;07;;;;;;;;
20150722 11:01:32;68144572;;0C360814DFAC072A;10;10;07;;;;;;;;
20150722 11:07:53;68144572;;0C360814DFAC072A;10;00;00;;;;;;;;
20150722 11:07:55;68144572;;0C360814DFAC072A;10;00;00;;;;;;;;
20150722 11:07:55;68144572;;0C360814DFAC072A;02;01;-101;0083;;105810;1088100204004522;;;1;
20150722 11:09:24;68144572;;0C360814DFAC072A;10;00;00;;;;;;;;
20150722 11:09:40;68144572;;0C360814DFAC072A;10;00;00;;;;;;;;
20150722 11:09:57;68144572;;0C360814DFAC072A;10;00;00;;;;;;;;
20150722 11:20:43;68144572;;0C360814DFAC072A;10;00;00;;;;;;;;
20150722 11:34:44;68144572;;0C360814DFAC072A;10;00;00;;;;;;;;
20150722 11:35:22;68144572;;0C360814DFAC072A;10;00;00;;;;;;;;
20150722 11:36:41;68144572;;0C360814DFAC072A;10;00;00;;;;;;;;
20150722 13:57:22;68144572;;F4CEF0EC2754072A;10;00;00;;;;;;;;
20150722 13:58:40;68144572;;F4CEF0EC2754072A;02;01;-101;0083;;105810;1088100204004522;;;1;
20150722 14:00:00;68144572;;F4CEF0EC2754072A;10;00;00;;;;;;;;
20150722 14:00:55;68144572;;F4CEF0EC2754072A;10;00;00;;;;;;;;
20150722 14:00:59;68144572;;F4CEF0EC2754072A;12;00;00;0056;;;;;;;
20150722 14:01:02;68144572;;F4CEF0EC2754072A;10;00;00;;;;;;;;
20150722 14:01:06;68144572;;F4CEF0EC2754072A;12;00;00;0056;;;;;;;
20150722 14:03:03;68144572;;F4CEF0EC2754072A;10;00;00;;;;;;;;
20150722 14:03:07;68144572;;F4CEF0EC2754072A;12;00;00;0056;;;;;;;
20150722 14:03:15;68144572;;F4CEF0EC2754072A;10;00;00;;;;;;;;
20150722 14:03:20;68144572;;F4CEF0EC2754072A;12;00;00;0056;;;;;;;
20150722 14:03:45;68144572;140336;F4CEF0EC2754072A;01;00;00;0083;;;;;072219326027;;
20150722 14:04:21;68144572;;F4CEF0EC2754072A;11;00;00;0056;;;;;;;
20150722 14:10:41;68144572;;F4CEF0EC2754072A;10;00;00;;;;;;;;
20150722 14:10:54;68144572;;F4CEF0EC2754072A;10;00;00;;;;;;;;
20150722 14:11:14;68144572;141104;F4CEF0EC2754072A;02;00;00;0361;000000100000;105810;1088100204004522;;722011524879;;
20150722 14:11:23;68144572;141104;F4CEF0EC2754072A;11;00;00;0361;;;;;;;
20150722 14:11:28;68144572;;F4CEF0EC2754072A;10;00;00;;;;;;;;
20150722 14:11:43;68144572;141140;F4CEF0EC2754072A;02;00;00;0361;000000050000;105810;1088100204004522;;722011524880;;
20150722 14:11:46;68144572;141140;F4CEF0EC2754072A;11;00;00;0361;;;;;;;
20150722 14:11:52;68144572;;F4CEF0EC2754072A;10;00;00;;;;;;;;
20150722 14:12:08;68144572;141201;F4CEF0EC2754072A;02;00;00;0361;000000030000;105810;1088100204004522;;722011524881;;
20150722 14:12:14;68144572;141201;F4CEF0EC2754072A;11;00;00;0361;;;;;;;
20150722 14:12:16;68144572;;F4CEF0EC2754072A;10;00;00;;;;;;;;
