[20150921 16:06:45.234 0]  
[20150921 16:06:45.236 0] ==================
[20150921 16:06:45.236 0] 启动服务...
[20150921 16:06:45.237 0] 【getEposPar】获取参数
[20150921 16:06:45.241 0] DB_CON_STR_EN:Provider=OraOLEDB.Oracle.1;Data Source=(DESCRIPTION =(ADDRESS_LIST =(ADDRESS = (PROTOCOL = TCP)(HOST = 172.26.7.36)(PORT = 1521)))(CONNECT_DATA =(SERVICE_NAME = testdb) ) );Password=CE9C20EED321009E5AACA6B360BF9AD7B58EEC5D6316225D;User ID=C7818CD3057EA7EEE5A5B0AFC6F7584BB58EEC5D6316225D;Persist Security Info=True;
[20150921 16:06:45.244 0] TRADE_FLAG = 0
[20150921 16:06:45.245 0] DB_CON_STR = [Provider=OraOLEDB.Oracle.1;Data Source=(DESCRIPTION =(ADDRESS_LIST =(ADDRESS = (PROTOCOL = TCP)(HOST = 172.26.7.36)(PORT = 1521)))(CONNECT_DATA =(SERVICE_NAME = testdb) ) );Password=ctsi123;User ID=ctsi;Persist Security Info=True]
[20150921 16:06:45.246 0] MAX_CONNECT_NUM = 10
[20150921 16:06:45.246 0] DEBUG_LEVEL = 1
[20150921 16:06:45.246 0] FSK_DEBUG = 1
[20150921 16:06:45.247 0] CONNECT_SENTENCE = [欢迎使用交费易]
[20150921 16:06:45.247 0] PE_IP&PORT = [172.26.3.8][20011]
[20150921 16:06:45.247 0] YCT_IP&PORT = [218.20.156.175][5010]
[20150921 16:06:45.248 0] YCT_VER:3
[20150921 16:06:45.248 0] COACH_TICKET_IP&PORT = [][0]
[20150921 16:06:45.248 0] AIRPAY = [0180]
[20150921 16:06:45.248 0] 机构:8604400000353800
[20150921 16:06:45.249 0] 机构接入终端:440106000121
[20150921 16:06:45.249 0] 机构代码：60
[20150921 16:06:45.249 0] 东莞公交服务器IP:172.18.1.120
[20150921 16:06:45.250 0] 东莞公交端口:6028
[20150921 16:06:45.252 0] DB_CON_STR = [Provider=OraOLEDB.Oracle.1;Data Source=(DESCRIPTION =(ADDRESS_LIST =(ADDRESS = (PROTOCOL = TCP)(HOST = 172.26.7.36)(PORT = 1521)))(CONNECT_DATA =(SERVICE_NAME = testdb) ) );Password=ctsi123;User ID=ctsi;Persist Security Info=True]
[20150921 16:06:55.401 0] DB_CON_STR = [Provider=OraOLEDB.Oracle.1;Data Source=(DESCRIPTION =(ADDRESS_LIST =(ADDRESS = (PROTOCOL = TCP)(HOST = 172.26.7.36)(PORT = 1521)))(CONNECT_DATA =(SERVICE_NAME = testdb) ) );Password=ctsi123;User ID=ctsi;Persist Security Info=True]
[20150921 16:06:55.612 0] DB_CON_STR = [Provider=OraOLEDB.Oracle.1;Data Source=(DESCRIPTION =(ADDRESS_LIST =(ADDRESS = (PROTOCOL = TCP)(HOST = 172.26.7.36)(PORT = 1521)))(CONNECT_DATA =(SERVICE_NAME = testdb) ) );Password=ctsi123;User ID=ctsi;Persist Security Info=True]
[20150921 16:06:55.838 0] DB_CON_STR = [Provider=OraOLEDB.Oracle.1;Data Source=(DESCRIPTION =(ADDRESS_LIST =(ADDRESS = (PROTOCOL = TCP)(HOST = 172.26.7.36)(PORT = 1521)))(CONNECT_DATA =(SERVICE_NAME = testdb) ) );Password=ctsi123;User ID=ctsi;Persist Security Info=True]
[20150921 16:06:56.039 0] DB_CON_STR = [Provider=OraOLEDB.Oracle.1;Data Source=(DESCRIPTION =(ADDRESS_LIST =(ADDRESS = (PROTOCOL = TCP)(HOST = 172.26.7.36)(PORT = 1521)))(CONNECT_DATA =(SERVICE_NAME = testdb) ) );Password=ctsi123;User ID=ctsi;Persist Security Info=True]
[20150921 16:06:56.229 0] DB_CON_STR = [Provider=OraOLEDB.Oracle.1;Data Source=(DESCRIPTION =(ADDRESS_LIST =(ADDRESS = (PROTOCOL = TCP)(HOST = 172.26.7.36)(PORT = 1521)))(CONNECT_DATA =(SERVICE_NAME = testdb) ) );Password=ctsi123;User ID=ctsi;Persist Security Info=True]
[20150921 16:06:56.423 0] DB_CON_STR = [Provider=OraOLEDB.Oracle.1;Data Source=(DESCRIPTION =(ADDRESS_LIST =(ADDRESS = (PROTOCOL = TCP)(HOST = 172.26.7.36)(PORT = 1521)))(CONNECT_DATA =(SERVICE_NAME = testdb) ) );Password=ctsi123;User ID=ctsi;Persist Security Info=True]
[20150921 16:06:56.613 0] DB_CON_STR = [Provider=OraOLEDB.Oracle.1;Data Source=(DESCRIPTION =(ADDRESS_LIST =(ADDRESS = (PROTOCOL = TCP)(HOST = 172.26.7.36)(PORT = 1521)))(CONNECT_DATA =(SERVICE_NAME = testdb) ) );Password=ctsi123;User ID=ctsi;Persist Security Info=True]
[20150921 16:06:56.816 0] DB_CON_STR = [Provider=OraOLEDB.Oracle.1;Data Source=(DESCRIPTION =(ADDRESS_LIST =(ADDRESS = (PROTOCOL = TCP)(HOST = 172.26.7.36)(PORT = 1521)))(CONNECT_DATA =(SERVICE_NAME = testdb) ) );Password=ctsi123;User ID=ctsi;Persist Security Info=True]
[20150921 16:06:57.010 0] DB_CON_STR = [Provider=OraOLEDB.Oracle.1;Data Source=(DESCRIPTION =(ADDRESS_LIST =(ADDRESS = (PROTOCOL = TCP)(HOST = 172.26.7.36)(PORT = 1521)))(CONNECT_DATA =(SERVICE_NAME = testdb) ) );Password=ctsi123;User ID=ctsi;Persist Security Info=True]
[20150921 16:06:57.203 0] 连接数据库[Provider=OraOLEDB.Oracle.1;Data Source=(DESCRIPTION =(ADDRESS_LIST =(ADDRESS = (PROTOCOL = TCP)(HOST = 172.26.7.36)(PORT = 1521)))(CONNECT_DATA =(SERVICE_NAME = testdb) ) );Password=ctsi123;User ID=ctsi;Persist Security Info=True]
[20150921 16:06:57.204 0] 【getEposMenu】
[20150921 16:06:57.534 0] 【getEposMenu】 总数【811】
[20150921 16:06:57.535 0] getEposMenu返回值：[0]
[20150921 16:06:57.535 0] 【getEposGroup】
[20150921 16:06:57.555 0] 【getEposGroup】 总数【56】
[20150921 16:06:57.555 0] getEposGroup返回值：[0]
[20150921 16:06:57.556 0] 【getEposMenuGet】
[20150921 16:06:57.571 0] 【getEposMenuGet】 总数【97】
[20150921 16:06:57.572 0] getEposMenuGet返回值：[0]
[20150921 16:06:57.572 0] 【getEposMenuGroup】
[20150921 16:06:57.585 0] 【getEposMenuGroup】 总数【76】
[20150921 16:06:57.586 0] getEposMenuGroup返回值：[0]
[20150921 16:06:57.586 0] 【getBankInfo】
[20150921 16:06:57.597 0] 【getBankInfo】 总数【13】
[20150921 16:06:57.598 0] getBankInfo返回值：[0]
[20150921 16:06:57.598 0] 【getBankCard】
[20150921 16:06:57.613 0] 【getBankCard】 总数【96】
[20150921 16:06:57.613 0] getBankCard返回值：[0]
[20150921 16:06:57.614 0] 【getBankBusi】
[20150921 16:06:57.751 0] 【getBankBusi】 总数【900】
[20150921 16:06:57.752 0] getBankBusi返回值：[0]
[20150921 16:06:57.752 0] 【getMenuConf】
[20150921 16:06:57.753 0] 可用连接号：[0]
[20150921 16:06:58.119 0] getMenuConf返回值：[0]
[20150921 16:06:58.120 0] 【get_print_adv】
[20150921 16:06:58.142 0] get_print_adv返回值：[0]
[20150921 16:06:58.142 0] 【getEposTips】
[20150921 16:06:58.157 0] 【getEposTips】 总数【19】
[20150921 16:06:58.158 0] getEposTips返回值：[0]
[20150921 16:06:58.158 0] 【getSellCardAmo】
[20150921 16:06:58.170 0] 【getSellCardAmo】 总数【10】
[20150921 16:06:58.171 0] getSellCardAmo返回值：[0]
[20150921 16:06:58.172 0] 【getEposMobile】
[20150921 16:06:58.182 0] 【getEposMobile】 总数【29】
[20150921 16:06:58.182 0] getEposMobile返回值：[0]
[20150921 16:06:58.183 0] 【getEposTurn】
[20150921 16:06:58.193 0] getEposTurn返回值：[0]
[20150921 16:06:58.194 0] 【getEposNewMessage】
[20150921 16:06:58.208 0] 【getEposNewMessage】 总数【8】
[20150921 16:06:58.209 0] getEposNewMessage返回值：[0]
[20150921 16:06:58.209 0] 【getAreaBiz】
[20150921 16:06:58.233 0] 【getAreaBiz】总数【100】
[20150921 16:06:58.234 0] getAreaBiz返回值：[0]
[20150921 16:06:58.235 0] 【getFavorableAirPay】
[20150921 16:06:58.247 0] 【getFavorableAirPay】 总数【0】
[20150921 16:06:58.248 0] getFavorableAirPay返回值：[0]
[20150921 16:06:58.248 0] 【getFailMessage】
[20150921 16:06:58.362 0] 【getFailMessage】 总数【538】
[20150921 16:06:58.362 0] getFailMessage返回值：[0]
[20150921 16:06:58.363 0] 【获取属性信息】
[20150921 16:06:58.375 0] getPosAttr返回值：[0]
[20150921 16:06:58.876 0] 创建监听socket成功
[20150921 16:06:58.878 0] 连接主机172.18.1.120,6028……
[20150921 16:06:58.878 0] 监听端口[9503]成功
[20150921 16:06:58.883 0] g_connInfo[0]: connStat[0], threadID[10804], termId[], connDate[20150921], connTime[160658]
[20150921 16:06:58.884 0] g_connInfo[1]: connStat[0], threadID[0], termId[], connDate[], connTime[]
[20150921 16:06:58.885 0] g_connInfo[2]: connStat[0], threadID[0], termId[], connDate[], connTime[]
[20150921 16:06:58.885 0] g_connInfo[3]: connStat[0], threadID[0], termId[], connDate[], connTime[]
[20150921 16:06:58.886 0] g_connInfo[4]: connStat[0], threadID[0], termId[], connDate[], connTime[]
[20150921 16:06:58.887 0] g_connInfo[5]: connStat[0], threadID[0], termId[], connDate[], connTime[]
[20150921 16:06:58.887 0] g_connInfo[6]: connStat[0], threadID[0], termId[], connDate[], connTime[]
[20150921 16:06:58.888 0] g_connInfo[7]: connStat[0], threadID[0], termId[], connDate[], connTime[]
[20150921 16:06:58.889 0] g_connInfo[8]: connStat[0], threadID[0], termId[], connDate[], connTime[]
[20150921 16:06:58.890 0] g_connInfo[9]: connStat[0], threadID[0], termId[], connDate[], connTime[]
[20150921 16:06:58.890 0] 创建监听socket成功
[20150921 16:06:58.926 0] 监听端口[9500]成功
[20150921 16:06:58.929 0] 【刷新】启动刷新接口，监听端口9500
[20150921 16:07:01.969 0] 手动退出程序
[20150921 16:07:02.001 0] 数据库连接释放开始……
[20150921 16:07:02.001 0] 数据库连接释放完毕……
[20150921 16:07:02.002 0] 数据库连接释放开始……
[20150921 16:07:02.002 0] 数据库连接释放完毕……
[20150921 16:07:02.002 0] 数据库连接释放开始……
[20150921 16:07:02.003 0] 数据库连接释放完毕……
[20150921 16:07:02.003 0] 数据库连接释放开始……
[20150921 16:07:02.004 0] 数据库连接释放完毕……
[20150921 16:07:02.004 0] 数据库连接释放开始……
[20150921 16:07:02.004 0] 数据库连接释放完毕……
[20150921 16:07:02.005 0] 数据库连接释放开始……
[20150921 16:07:02.005 0] 数据库连接释放完毕……
[20150921 16:07:02.006 0] 数据库连接释放开始……
[20150921 16:07:02.006 0] 数据库连接释放完毕……
[20150921 16:07:02.006 0] 数据库连接释放开始……
[20150921 16:07:02.007 0] 数据库连接释放完毕……
[20150921 16:07:02.007 0] 数据库连接释放开始……
[20150921 16:07:02.007 0] 数据库连接释放完毕……
[20150921 16:07:02.008 0] 数据库连接释放开始……
[20150921 16:07:02.030 0] 数据库连接释放完毕……
[20150921 16:07:02.031 0] 数据库连接释放开始……
[20150921 16:07:02.031 0] 数据库连接释放完毕……
[20150921 16:07:02.031 0] 数据库连接释放开始……
[20150921 16:07:02.032 0] 数据库连接释放完毕……
[20150921 16:07:02.032 0] 数据库连接释放开始……
[20150921 16:07:02.032 0] 数据库连接释放完毕……
[20150921 16:07:02.032 0] 数据库连接释放开始……
[20150921 16:07:02.033 0] 数据库连接释放完毕……
[20150921 16:07:02.033 0] 数据库连接释放开始……
[20150921 16:07:02.033 0] 数据库连接释放完毕……
[20150921 16:07:02.034 0] 数据库连接释放开始……
[20150921 16:07:02.034 0] 数据库连接释放完毕……
[20150921 16:07:02.034 0] 数据库连接释放开始……
[20150921 16:07:02.035 0] 数据库连接释放完毕……
[20150921 16:07:02.035 0] 数据库连接释放开始……
[20150921 16:07:02.035 0] 数据库连接释放完毕……
[20150921 16:07:02.036 0] 数据库连接释放开始……
[20150921 16:07:02.036 0] 数据库连接释放完毕……
[20150921 16:07:02.036 0] 数据库连接释放开始……
[20150921 16:07:02.037 0] 数据库连接释放完毕……
[20150921 16:07:02.037 0] 数据库连接释放开始……
[20150921 16:07:02.037 0] 数据库连接释放完毕……
[20150921 16:07:02.038 0] 数据库连接释放开始……
[20150921 16:07:02.038 0] 数据库连接释放完毕……
[20150921 16:07:02.038 0] 数据库连接释放开始……
[20150921 16:07:02.038 0] 数据库连接释放完毕……
[20150921 16:07:02.039 0] 数据库连接释放开始……
[20150921 16:07:02.039 0] 数据库连接释放完毕……
[20150921 16:07:02.039 0] 数据库连接释放开始……
[20150921 16:07:02.040 0] 数据库连接释放完毕……
[20150921 16:07:02.040 0] 数据库连接释放开始……
[20150921 16:07:02.040 0] 数据库连接释放完毕……
[20150921 16:07:02.041 0] 数据库连接释放开始……
[20150921 16:07:02.041 0] 数据库连接释放完毕……
[20150921 16:07:02.041 0] 数据库连接释放开始……
[20150921 16:07:02.042 0] 数据库连接释放完毕……
[20150921 16:07:02.043 0] 数据库连接释放开始……
[20150921 16:07:02.043 0] 数据库连接释放完毕……
[20150921 16:07:02.044 0] 数据库连接释放开始……
[20150921 16:07:02.044 0] 数据库连接释放完毕……
[20150921 16:07:02.045 0] 数据库连接释放开始……
[20150921 16:07:02.045 0] 数据库连接释放完毕……
[20150921 16:07:02.046 0] 数据库连接释放开始……
[20150921 16:07:02.046 0] 数据库连接释放完毕……
[20150921 16:07:02.046 0] 数据库连接释放开始……
[20150921 16:07:02.047 0] 数据库连接释放完毕……
[20150921 16:07:02.047 0] 数据库连接释放开始……
[20150921 16:07:02.047 0] 数据库连接释放完毕……
[20150921 16:07:02.048 0] 数据库连接释放开始……
[20150921 16:07:02.048 0] 数据库连接释放完毕……
[20150921 16:07:02.048 0] 数据库连接释放开始……
[20150921 16:07:02.048 0] 数据库连接释放完毕……
[20150921 16:07:02.049 0] 数据库连接释放开始……
[20150921 16:07:02.049 0] 数据库连接释放完毕……
[20150921 16:07:02.049 0] 数据库连接释放开始……
[20150921 16:07:02.050 0] 数据库连接释放完毕……
[20150921 16:07:02.050 0] 数据库连接释放开始……
[20150921 16:07:02.050 0] 数据库连接释放完毕……
[20150921 16:07:02.051 0] 数据库连接释放开始……
[20150921 16:07:02.051 0] 数据库连接释放完毕……
[20150921 16:07:02.051 0] 数据库连接释放开始……
[20150921 16:07:02.051 0] 数据库连接释放完毕……
[20150921 16:07:02.052 0] 数据库连接释放开始……
[20150921 16:07:02.052 0] 数据库连接释放完毕……
[20150921 16:07:02.052 0] 数据库连接释放开始……
[20150921 16:07:02.053 0] 数据库连接释放完毕……
[20150921 16:07:02.053 0] 数据库连接释放开始……
[20150921 16:07:02.053 0] 数据库连接释放完毕……
[20150921 16:07:02.054 0] 数据库连接释放开始……
[20150921 16:07:02.054 0] 数据库连接释放完毕……
[20150921 16:07:02.054 0] 数据库连接释放开始……
[20150921 16:07:02.055 0] 数据库连接释放完毕……
[20150921 16:07:02.055 0] 数据库连接释放开始……
[20150921 16:07:02.055 0] 数据库连接释放完毕……
[20150921 16:07:02.055 0] 数据库连接释放开始……
[20150921 16:07:02.056 0] 数据库连接释放完毕……
[20150921 16:07:02.056 0] 数据库连接释放开始……
[20150921 16:07:02.056 0] 数据库连接释放完毕……
[20150921 16:07:02.057 0] 数据库连接释放开始……
[20150921 16:07:02.057 0] 数据库连接释放完毕……
[20150921 16:07:02.057 0] 数据库连接释放开始……
[20150921 16:07:02.058 0] 数据库连接释放完毕……
[20150921 16:07:02.058 0] 数据库连接释放开始……
[20150921 16:07:02.058 0] 数据库连接释放完毕……
[20150921 16:07:02.059 0] 数据库连接释放开始……
[20150921 16:07:02.059 0] 数据库连接释放完毕……
[20150921 16:07:02.059 0] 数据库连接释放开始……
[20150921 16:07:02.060 0] 数据库连接释放完毕……
[20150921 16:07:02.061 0] 数据库连接释放开始……
[20150921 16:07:02.062 0] 数据库连接释放完毕……
[20150921 16:07:02.062 0] 数据库连接释放开始……
[20150921 16:07:02.062 0] 数据库连接释放完毕……
[20150921 16:07:02.063 0] 数据库连接释放开始……
[20150921 16:07:02.063 0] 数据库连接释放完毕……
[20150921 16:07:02.063 0] 数据库连接释放开始……
[20150921 16:07:02.064 0] 数据库连接释放完毕……
[20150921 16:07:02.064 0] 数据库连接释放开始……
[20150921 16:07:02.064 0] 数据库连接释放完毕……
[20150921 16:07:02.064 0] 数据库连接释放开始……
[20150921 16:07:02.065 0] 数据库连接释放完毕……
[20150921 16:07:02.065 0] 数据库连接释放开始……
[20150921 16:07:02.065 0] 数据库连接释放完毕……
[20150921 16:07:02.066 0] 数据库连接释放开始……
[20150921 16:07:02.066 0] 数据库连接释放完毕……
[20150921 16:07:02.066 0] 数据库连接释放开始……
[20150921 16:07:02.067 0] 数据库连接释放完毕……
[20150921 16:07:02.067 0] 数据库连接释放开始……
[20150921 16:07:02.067 0] 数据库连接释放完毕……
[20150921 16:07:02.068 0] 数据库连接释放开始……
[20150921 16:07:02.068 0] 数据库连接释放完毕……
[20150921 16:07:02.068 0] 数据库连接释放开始……
[20150921 16:07:02.069 0] 数据库连接释放完毕……
[20150921 16:07:02.069 0] 数据库连接释放开始……
[20150921 16:07:02.069 0] 数据库连接释放完毕……
[20150921 16:07:02.070 0] 数据库连接释放开始……
[20150921 16:07:02.070 0] 数据库连接释放完毕……
[20150921 16:07:02.070 0] 数据库连接释放开始……
[20150921 16:07:02.070 0] 数据库连接释放完毕……
[20150921 16:07:02.071 0] 数据库连接释放开始……
[20150921 16:07:02.071 0] 数据库连接释放完毕……
[20150921 16:07:02.072 0] 数据库连接释放开始……
[20150921 16:07:02.072 0] 数据库连接释放完毕……
[20150921 16:07:02.072 0] 数据库连接释放开始……
[20150921 16:07:02.073 0] 数据库连接释放完毕……
[20150921 16:07:02.073 0] 数据库连接释放开始……
[20150921 16:07:02.073 0] 数据库连接释放完毕……
[20150921 16:07:02.074 0] 数据库连接释放开始……
[20150921 16:07:02.074 0] 数据库连接释放完毕……
[20150921 16:07:02.074 0] 数据库连接释放开始……
[20150921 16:07:02.074 0] 数据库连接释放完毕……
[20150921 16:07:02.075 0] 数据库连接释放开始……
[20150921 16:07:02.075 0] 数据库连接释放完毕……
[20150921 16:07:02.075 0] 数据库连接释放开始……
[20150921 16:07:02.076 0] 数据库连接释放完毕……
[20150921 16:07:02.076 0] 数据库连接释放开始……
[20150921 16:07:02.077 0] 数据库连接释放完毕……
[20150921 16:07:02.077 0] 数据库连接释放开始……
[20150921 16:07:02.078 0] 数据库连接释放完毕……
[20150921 16:07:02.078 0] 数据库连接释放开始……
[20150921 16:07:02.078 0] 数据库连接释放完毕……
[20150921 16:07:02.079 0] 数据库连接释放开始……
[20150921 16:07:02.079 0] 数据库连接释放完毕……
[20150921 16:07:02.079 0] 数据库连接释放开始……
[20150921 16:07:02.079 0] 数据库连接释放完毕……
[20150921 16:07:02.080 0] 数据库连接释放开始……
[20150921 16:07:02.080 0] 数据库连接释放完毕……
[20150921 16:07:02.080 0] 数据库连接释放开始……
[20150921 16:07:02.081 0] 数据库连接释放完毕……
[20150921 16:07:02.081 0] 数据库连接释放开始……
[20150921 16:07:02.081 0] 数据库连接释放完毕……
[20150921 16:07:02.082 0] 数据库连接释放开始……
[20150921 16:07:02.082 0] 数据库连接释放完毕……
[20150921 16:07:02.082 0] 数据库连接释放开始……
[20150921 16:07:02.083 0] 数据库连接释放完毕……
[20150921 16:07:02.083 0] 数据库连接释放开始……
[20150921 16:07:02.083 0] 数据库连接释放完毕……
[20150921 16:07:02.083 0] 数据库连接释放开始……
[20150921 16:07:02.084 0] 数据库连接释放完毕……
[20150921 16:07:02.084 0] 数据库连接释放开始……
[20150921 16:07:02.084 0] 数据库连接释放完毕……
[20150921 16:07:02.085 0] 数据库连接释放开始……
[20150921 16:07:02.085 0] 数据库连接释放完毕……
[20150921 16:07:02.085 0] 数据库连接释放开始……
[20150921 16:07:02.086 0] 数据库连接释放完毕……
[20150921 16:07:02.086 0] 数据库连接释放开始……
[20150921 16:07:02.087 0] 数据库连接释放完毕……
[20150921 16:07:02.087 0] 数据库连接释放开始……
[20150921 16:07:02.088 0] 数据库连接释放完毕……
[20150921 16:07:02.088 0] 数据库连接释放开始……
[20150921 16:07:02.088 0] 数据库连接释放完毕……
[20150921 16:07:02.088 0] 数据库连接释放开始……
[20150921 16:07:02.089 0] 数据库连接释放完毕……
[20150921 16:07:02.089 0] 数据库连接释放开始……
[20150921 16:07:02.089 0] 数据库连接释放完毕……
[20150921 16:07:02.090 0] 数据库连接释放开始……
[20150921 16:07:02.090 0] 数据库连接释放完毕……
[20150921 16:07:02.090 0] 数据库连接释放开始……
[20150921 16:07:02.091 0] 数据库连接释放完毕……
[20150921 16:07:02.091 0] 数据库连接释放开始……
[20150921 16:07:02.091 0] 数据库连接释放完毕……
[20150921 16:07:02.092 0] 数据库连接释放开始……
[20150921 16:07:02.092 0] 数据库连接释放完毕……
[20150921 16:07:02.092 0] 数据库连接释放开始……
[20150921 16:07:02.092 0] 数据库连接释放完毕……
[20150921 16:07:02.093 0] 数据库连接释放开始……
[20150921 16:07:02.093 0] 数据库连接释放完毕……
[20150921 16:07:02.094 0] 数据库连接释放开始……
[20150921 16:07:02.094 0] 数据库连接释放完毕……
[20150921 16:07:02.094 0] 数据库连接释放开始……
[20150921 16:07:02.095 0] 数据库连接释放完毕……
[20150921 16:07:02.095 0] 数据库连接释放开始……
[20150921 16:07:02.095 0] 数据库连接释放完毕……
[20150921 16:07:02.095 0] 数据库连接释放开始……
[20150921 16:07:02.096 0] 数据库连接释放完毕……
[20150921 16:07:02.096 0] 数据库连接释放开始……
[20150921 16:07:02.096 0] 数据库连接释放完毕……
[20150921 16:07:02.097 0] 数据库连接释放开始……
[20150921 16:07:02.097 0] 数据库连接释放完毕……
[20150921 16:07:02.097 0] 数据库连接释放开始……
[20150921 16:07:02.098 0] 数据库连接释放完毕……
[20150921 16:07:02.098 0] 数据库连接释放开始……
[20150921 16:07:02.098 0] 数据库连接释放完毕……
[20150921 16:07:02.099 0] 数据库连接释放开始……
[20150921 16:07:02.099 0] 数据库连接释放完毕……
[20150921 16:07:02.099 0] 数据库连接释放开始……
[20150921 16:07:02.100 0] 数据库连接释放完毕……
[20150921 16:07:02.100 0] 数据库连接释放开始……
[20150921 16:07:02.100 0] 数据库连接释放完毕……
[20150921 16:07:02.100 0] 数据库连接释放开始……
[20150921 16:07:02.101 0] 数据库连接释放完毕……
[20150921 16:07:02.101 0] 数据库连接释放开始……
[20150921 16:07:02.101 0] 数据库连接释放完毕……
[20150921 16:07:02.102 0] 数据库连接释放开始……
[20150921 16:07:02.102 0] 数据库连接释放完毕……
[20150921 16:07:02.102 0] 数据库连接释放开始……
[20150921 16:07:02.103 0] 数据库连接释放完毕……
[20150921 16:07:02.103 0] 数据库连接释放开始……
[20150921 16:07:02.104 0] 数据库连接释放完毕……
[20150921 16:07:02.104 0] 数据库连接释放开始……
[20150921 16:07:02.105 0] 数据库连接释放完毕……
[20150921 16:07:02.105 0] 数据库连接释放开始……
[20150921 16:07:02.105 0] 数据库连接释放完毕……
[20150921 16:07:02.105 0] 数据库连接释放开始……
[20150921 16:07:02.106 0] 数据库连接释放完毕……
[20150921 16:07:02.106 0] 数据库连接释放开始……
[20150921 16:07:02.107 0] 数据库连接释放完毕……
[20150921 16:07:02.107 0] 数据库连接释放开始……
[20150921 16:07:02.107 0] 数据库连接释放完毕……
[20150921 16:07:02.107 0] 数据库连接释放开始……
[20150921 16:07:02.108 0] 数据库连接释放完毕……
[20150921 16:07:02.108 0] 数据库连接释放开始……
[20150921 16:07:02.108 0] 数据库连接释放完毕……
[20150921 16:07:02.109 0] 数据库连接释放开始……
[20150921 16:07:02.109 0] 数据库连接释放完毕……
[20150921 16:07:02.109 0] 数据库连接释放开始……
[20150921 16:07:02.110 0] 数据库连接释放完毕……
[20150921 16:07:02.110 0] 数据库连接释放开始……
[20150921 16:07:02.111 0] 数据库连接释放完毕……
[20150921 16:07:02.111 0] 数据库连接释放开始……
[20150921 16:07:02.111 0] 数据库连接释放完毕……
[20150921 16:07:02.112 0] 数据库连接释放开始……
[20150921 16:07:02.112 0] 数据库连接释放完毕……
[20150921 16:07:02.112 0] 数据库连接释放开始……
[20150921 16:07:02.113 0] 数据库连接释放完毕……
[20150921 16:07:02.113 0] 数据库连接释放开始……
[20150921 16:07:02.113 0] 数据库连接释放完毕……
[20150921 16:07:02.114 0] 数据库连接释放开始……
[20150921 16:07:02.114 0] 数据库连接释放完毕……
[20150921 16:07:02.114 0] 数据库连接释放开始……
[20150921 16:07:02.115 0] 数据库连接释放完毕……
[20150921 16:07:02.115 0] 数据库连接释放开始……
[20150921 16:07:02.115 0] 数据库连接释放完毕……
[20150921 16:07:02.116 0] 数据库连接释放开始……
[20150921 16:07:02.116 0] 数据库连接释放完毕……
[20150921 16:07:02.116 0] 数据库连接释放开始……
[20150921 16:07:02.117 0] 数据库连接释放完毕……
[20150921 16:07:02.117 0] 数据库连接释放开始……
[20150921 16:07:02.117 0] 数据库连接释放完毕……
[20150921 16:07:02.118 0] 数据库连接释放开始……
[20150921 16:07:02.118 0] 数据库连接释放完毕……
[20150921 16:07:02.118 0] 数据库连接释放开始……
[20150921 16:07:02.119 0] 数据库连接释放完毕……
[20150921 16:07:02.119 0] 数据库连接释放开始……
[20150921 16:07:02.119 0] 数据库连接释放完毕……
[20150921 16:07:02.120 0] 数据库连接释放开始……
[20150921 16:07:02.120 0] 数据库连接释放完毕……
[20150921 16:07:02.120 0] 数据库连接释放开始……
[20150921 16:07:02.121 0] 数据库连接释放完毕……
[20150921 16:07:02.121 0] 数据库连接释放开始……
[20150921 16:07:02.121 0] 数据库连接释放完毕……
[20150921 16:07:02.122 0] 数据库连接释放开始……
[20150921 16:07:02.122 0] 数据库连接释放完毕……
[20150921 16:07:02.122 0] 数据库连接释放开始……
[20150921 16:07:02.123 0] 数据库连接释放完毕……
[20150921 16:07:02.123 0] 数据库连接释放开始……
[20150921 16:07:02.123 0] 数据库连接释放完毕……
[20150921 16:07:02.124 0] 数据库连接释放开始……
[20150921 16:07:02.124 0] 数据库连接释放完毕……
[20150921 16:07:02.124 0] 数据库连接释放开始……
[20150921 16:07:02.125 0] 数据库连接释放完毕……
[20150921 16:07:02.125 0] 数据库连接释放开始……
[20150921 16:07:02.125 0] 数据库连接释放完毕……
[20150921 16:07:02.125 0] 数据库连接释放开始……
[20150921 16:07:02.126 0] 数据库连接释放完毕……
[20150921 16:07:02.126 0] 数据库连接释放开始……
[20150921 16:07:02.126 0] 数据库连接释放完毕……
[20150921 16:07:02.127 0] 数据库连接释放开始……
[20150921 16:07:02.128 0] 数据库连接释放完毕……
[20150921 16:07:02.128 0] 数据库连接释放开始……
[20150921 16:07:02.128 0] 数据库连接释放完毕……
[20150921 16:07:02.129 0] 数据库连接释放开始……
[20150921 16:07:02.129 0] 数据库连接释放完毕……
[20150921 16:07:02.129 0] 数据库连接释放开始……
[20150921 16:07:02.130 0] 数据库连接释放完毕……
[20150921 16:07:02.130 0] 数据库连接释放开始……
[20150921 16:07:02.130 0] 数据库连接释放完毕……
[20150921 16:07:02.131 0] 数据库连接释放开始……
[20150921 16:07:02.131 0] 数据库连接释放完毕……
[20150921 16:07:02.131 0] 数据库连接释放开始……
[20150921 16:07:02.132 0] 数据库连接释放完毕……
[20150921 16:07:02.132 0] 数据库连接释放开始……
[20150921 16:07:02.133 0] 数据库连接释放完毕……
[20150921 16:07:02.133 0] 数据库连接释放开始……
[20150921 16:07:02.134 0] 数据库连接释放完毕……
[20150921 16:07:02.134 0] 数据库连接释放开始……
[20150921 16:07:02.134 0] 数据库连接释放完毕……
[20150921 16:07:02.135 0] 数据库连接释放开始……
[20150921 16:07:02.135 0] 数据库连接释放完毕……
[20150921 16:07:02.136 0] 数据库连接释放开始……
[20150921 16:07:02.136 0] 数据库连接释放完毕……
[20150921 16:07:02.136 0] 数据库连接释放开始……
[20150921 16:07:02.137 0] 数据库连接释放完毕……
[20150921 16:07:02.137 0] 数据库连接释放开始……
[20150921 16:07:02.137 0] 数据库连接释放完毕……
[20150921 16:07:02.137 0] 数据库连接释放开始……
[20150921 16:07:02.138 0] 数据库连接释放完毕……
[20150921 16:07:02.138 0] 数据库连接释放开始……
[20150921 16:07:02.138 0] 数据库连接释放完毕……
[20150921 16:07:02.139 0] 数据库连接释放开始……
[20150921 16:07:02.139 0] 数据库连接释放完毕……
[20150921 16:07:02.139 0] 数据库连接释放开始……
[20150921 16:07:02.139 0] 数据库连接释放完毕……
[20150921 16:07:02.140 0] 数据库连接释放开始……
[20150921 16:07:02.140 0] 数据库连接释放完毕……
[20150921 16:07:02.140 0] 数据库连接释放开始……
[20150921 16:07:02.141 0] 数据库连接释放完毕……
[20150921 16:07:02.141 0] 数据库连接释放开始……
[20150921 16:07:02.141 0] 数据库连接释放完毕……
[20150921 16:07:02.141 0] 数据库连接释放开始……
[20150921 16:07:02.142 0] 数据库连接释放完毕……
[20150921 16:07:02.142 0] 数据库连接释放开始……
[20150921 16:07:02.142 0] 数据库连接释放完毕……
[20150921 16:07:02.143 0] 数据库连接释放开始……
[20150921 16:07:02.143 0] 数据库连接释放完毕……
[20150921 16:07:02.144 0] 数据库连接释放开始……
[20150921 16:07:02.144 0] 数据库连接释放完毕……
[20150921 16:07:02.144 0] 数据库连接释放开始……
[20150921 16:07:02.145 0] 数据库连接释放完毕……
[20150921 16:07:02.145 0] 数据库连接释放开始……
[20150921 16:07:02.145 0] 数据库连接释放完毕……
[20150921 16:07:02.145 0] 数据库连接释放开始……
[20150921 16:07:02.146 0] 数据库连接释放完毕……
[20150921 16:07:02.146 0] 数据库连接释放开始……
[20150921 16:07:02.146 0] 数据库连接释放完毕……
[20150921 16:07:02.147 0] 数据库连接释放开始……
[20150921 16:07:02.147 0] 数据库连接释放完毕……
[20150921 16:07:02.147 0] 数据库连接释放开始……
[20150921 16:07:02.148 0] 数据库连接释放完毕……
[20150921 16:07:02.148 0] 数据库连接释放开始……
[20150921 16:07:02.148 0] 数据库连接释放完毕……
[20150921 16:07:02.148 0] 数据库连接释放开始……
[20150921 16:07:02.149 0] 数据库连接释放完毕……
[20150921 16:07:02.149 0] 数据库连接释放开始……
[20150921 16:07:02.149 0] 数据库连接释放完毕……
[20150921 16:07:02.150 0] 数据库连接释放开始……
[20150921 16:07:02.150 0] 数据库连接释放完毕……
[20150921 16:07:02.150 0] 数据库连接释放开始……
[20150921 16:07:02.151 0] 数据库连接释放完毕……
[20150921 16:07:02.151 0] 数据库连接释放开始……
[20150921 16:07:02.151 0] 数据库连接释放完毕……
[20150921 16:07:02.152 0] 数据库连接释放开始……
[20150921 16:07:02.152 0] 数据库连接释放完毕……
[20150921 16:07:02.152 0] 数据库连接释放开始……
[20150921 16:07:02.153 0] 数据库连接释放完毕……
[20150921 16:07:02.153 0] 数据库连接释放开始……
[20150921 16:07:02.153 0] 数据库连接释放完毕……
[20150921 16:07:02.154 0] 数据库连接释放开始……
[20150921 16:07:02.154 0] 数据库连接释放完毕……
[20150921 16:07:02.154 0] 数据库连接释放开始……
[20150921 16:07:02.155 0] 数据库连接释放完毕……
[20150921 16:07:02.155 0] 数据库连接释放开始……
[20150921 16:07:02.155 0] 数据库连接释放完毕……
[20150921 16:07:02.156 0] 数据库连接释放开始……
[20150921 16:07:02.156 0] 数据库连接释放完毕……
[20150921 16:07:02.156 0] 数据库连接释放开始……
[20150921 16:07:02.156 0] 数据库连接释放完毕……
[20150921 16:07:02.157 0] 数据库连接释放开始……
[20150921 16:07:02.157 0] 数据库连接释放完毕……
[20150921 16:07:02.157 0] 数据库连接释放开始……
[20150921 16:07:02.158 0] 数据库连接释放完毕……
[20150921 16:07:02.158 0] 数据库连接释放开始……
[20150921 16:07:02.158 0] 数据库连接释放完毕……
[20150921 16:07:02.158 0] 数据库连接释放开始……
[20150921 16:07:02.159 0] 数据库连接释放完毕……
[20150921 16:07:02.159 0] 数据库连接释放开始……
[20150921 16:07:02.159 0] 数据库连接释放完毕……
[20150921 16:07:02.160 0] 数据库连接释放开始……
[20150921 16:07:02.161 0] 数据库连接释放完毕……
[20150921 16:07:02.161 0] 数据库连接释放开始……
[20150921 16:07:02.161 0] 数据库连接释放完毕……
[20150921 16:07:02.162 0] 数据库连接释放开始……
[20150921 16:07:02.162 0] 数据库连接释放完毕……
[20150921 16:07:02.162 0] 数据库连接释放开始……
[20150921 16:07:02.163 0] 数据库连接释放完毕……
[20150921 16:07:02.163 0] 数据库连接释放开始……
[20150921 16:07:02.163 0] 数据库连接释放完毕……
[20150921 16:07:02.163 0] 数据库连接释放开始……
[20150921 16:07:02.164 0] 数据库连接释放完毕……
[20150921 16:07:02.164 0] 数据库连接释放开始……
[20150921 16:07:02.165 0] 数据库连接释放完毕……
[20150921 16:07:02.165 0] 数据库连接释放开始……
[20150921 16:07:02.166 0] 数据库连接释放完毕……
[20150921 16:07:02.166 0] 数据库连接释放开始……
[20150921 16:07:02.166 0] 数据库连接释放完毕……
[20150921 16:07:02.167 0] 数据库连接释放开始……
[20150921 16:07:02.167 0] 数据库连接释放完毕……
[20150921 16:07:02.167 0] 数据库连接释放开始……
[20150921 16:07:02.167 0] 数据库连接释放完毕……
[20150921 16:07:02.168 0] 数据库连接释放开始……
[20150921 16:07:02.168 0] 数据库连接释放完毕……
[20150921 16:07:02.168 0] 数据库连接释放开始……
[20150921 16:07:02.169 0] 数据库连接释放完毕……
[20150921 16:07:02.169 0] 数据库连接释放开始……
[20150921 16:07:02.169 0] 数据库连接释放完毕……
[20150921 16:07:02.170 0] 数据库连接释放开始……
[20150921 16:07:02.170 0] 数据库连接释放完毕……
[20150921 16:07:02.170 0] 数据库连接释放开始……
[20150921 16:07:02.171 0] 数据库连接释放完毕……
[20150921 16:07:02.171 0] 数据库连接释放开始……
[20150921 16:07:02.171 0] 数据库连接释放完毕……
[20150921 16:07:02.172 0] 数据库连接释放开始……
[20150921 16:07:02.172 0] 数据库连接释放完毕……
[20150921 16:07:02.172 0] 数据库连接释放开始……
[20150921 16:07:02.172 0] 数据库连接释放完毕……
[20150921 16:07:02.173 0] 数据库连接释放开始……
[20150921 16:07:02.173 0] 数据库连接释放完毕……
[20150921 16:07:02.173 0] 数据库连接释放开始……
[20150921 16:07:02.174 0] 数据库连接释放完毕……
[20150921 16:07:02.174 0] 数据库连接释放开始……
[20150921 16:07:02.174 0] 数据库连接释放完毕……
[20150921 16:07:02.175 0] 数据库连接释放开始……
[20150921 16:07:02.175 0] 数据库连接释放完毕……
[20150921 16:07:02.175 0] 数据库连接释放开始……
[20150921 16:07:02.175 0] 数据库连接释放完毕……
[20150921 16:07:02.176 0] 数据库连接释放开始……
[20150921 16:07:02.176 0] 数据库连接释放完毕……
[20150921 16:07:02.177 0] 数据库连接释放开始……
[20150921 16:07:02.177 0] 数据库连接释放完毕……
[20150921 16:07:02.178 0] 数据库连接释放开始……
[20150921 16:07:02.178 0] 数据库连接释放完毕……
[20150921 16:07:02.178 0] 数据库连接释放开始……
[20150921 16:07:02.179 0] 数据库连接释放完毕……
[20150921 16:07:02.179 0] 数据库连接释放开始……
[20150921 16:07:02.179 0] 数据库连接释放完毕……
[20150921 16:07:02.179 0] 数据库连接释放开始……
[20150921 16:07:02.180 0] 数据库连接释放完毕……
[20150921 16:07:02.181 0] 数据库连接释放开始……
[20150921 16:07:02.181 0] 数据库连接释放完毕……
[20150921 16:07:02.182 0] 数据库连接释放开始……
[20150921 16:07:02.182 0] 数据库连接释放完毕……
[20150921 16:07:02.182 0] 数据库连接释放开始……
[20150921 16:07:02.183 0] 数据库连接释放完毕……
[20150921 16:07:02.183 0] 数据库连接释放开始……
[20150921 16:07:02.183 0] 数据库连接释放完毕……
[20150921 16:07:02.184 0] 数据库连接释放开始……
[20150921 16:07:02.184 0] 数据库连接释放完毕……
[20150921 16:07:02.184 0] 数据库连接释放开始……
[20150921 16:07:02.184 0] 数据库连接释放完毕……
[20150921 16:07:02.185 0] 数据库连接释放开始……
[20150921 16:07:02.185 0] 数据库连接释放完毕……
[20150921 16:07:02.185 0] 数据库连接释放开始……
[20150921 16:07:02.186 0] 数据库连接释放完毕……
[20150921 16:07:02.186 0] 数据库连接释放开始……
[20150921 16:07:02.186 0] 数据库连接释放完毕……
[20150921 16:07:02.187 0] 数据库连接释放开始……
[20150921 16:07:02.187 0] 数据库连接释放完毕……
[20150921 16:07:02.187 0] 数据库连接释放开始……
[20150921 16:07:02.188 0] 数据库连接释放完毕……
[20150921 16:07:02.188 0] 数据库连接释放开始……
[20150921 16:07:02.188 0] 数据库连接释放完毕……
[20150921 16:07:02.188 0] 数据库连接释放开始……
[20150921 16:07:02.189 0] 数据库连接释放完毕……
[20150921 16:07:02.189 0] 数据库连接释放开始……
[20150921 16:07:02.189 0] 数据库连接释放完毕……
[20150921 16:07:02.190 0] 数据库连接释放开始……
[20150921 16:07:02.190 0] 数据库连接释放完毕……
[20150921 16:07:02.190 0] 数据库连接释放开始……
[20150921 16:07:02.191 0] 数据库连接释放完毕……
[20150921 16:07:02.191 0] 数据库连接释放开始……
[20150921 16:07:02.191 0] 数据库连接释放完毕……
[20150921 16:07:02.191 0] 数据库连接释放开始……
[20150921 16:07:02.192 0] 数据库连接释放完毕……
[20150921 16:07:02.192 0] 数据库连接释放开始……
[20150921 16:07:02.192 0] 数据库连接释放完毕……
[20150921 16:07:02.193 0] 数据库连接释放开始……
[20150921 16:07:02.194 0] 数据库连接释放完毕……
[20150921 16:07:02.194 0] 数据库连接释放开始……
[20150921 16:07:02.195 0] 数据库连接释放完毕……
[20150921 16:07:02.195 0] 数据库连接释放开始……
[20150921 16:07:02.195 0] 数据库连接释放完毕……
[20150921 16:07:02.196 0] 数据库连接释放开始……
[20150921 16:07:02.196 0] 数据库连接释放完毕……
[20150921 16:07:02.196 0] 数据库连接释放开始……
[20150921 16:07:02.197 0] 数据库连接释放完毕……
[20150921 16:07:02.197 0] 数据库连接释放开始……
[20150921 16:07:02.197 0] 数据库连接释放完毕……
[20150921 16:07:02.197 0] 数据库连接释放开始……
[20150921 16:07:02.198 0] 数据库连接释放完毕……
[20150921 16:07:02.198 0] 数据库连接释放开始……
[20150921 16:07:02.199 0] 数据库连接释放完毕……
[20150921 16:07:02.199 0] 数据库连接释放开始……
[20150921 16:07:02.199 0] 数据库连接释放完毕……
[20150921 16:07:02.200 0] 数据库连接释放开始……
[20150921 16:07:02.200 0] 数据库连接释放完毕……
[20150921 16:07:02.200 0] 数据库连接释放开始……
[20150921 16:07:02.201 0] 数据库连接释放完毕……
[20150921 16:07:02.201 0] 数据库连接释放开始……
[20150921 16:07:02.201 0] 数据库连接释放完毕……
[20150921 16:07:02.202 0] 数据库连接释放开始……
[20150921 16:07:02.202 0] 数据库连接释放完毕……
[20150921 16:07:02.202 0] 数据库连接释放开始……
[20150921 16:07:02.202 0] 数据库连接释放完毕……
[20150921 16:07:02.203 0] 数据库连接释放开始……
[20150921 16:07:02.203 0] 数据库连接释放完毕……
[20150921 16:07:02.203 0] 数据库连接释放开始……
[20150921 16:07:02.204 0] 数据库连接释放完毕……
[20150921 16:07:02.204 0] 数据库连接释放开始……
[20150921 16:07:02.204 0] 数据库连接释放完毕……
[20150921 16:07:02.204 0] 数据库连接释放开始……
[20150921 16:07:02.205 0] 数据库连接释放完毕……
[20150921 16:07:02.205 0] 数据库连接释放开始……
[20150921 16:07:02.205 0] 数据库连接释放完毕……
[20150921 16:07:02.206 0] 数据库连接释放开始……
[20150921 16:07:02.206 0] 数据库连接释放完毕……
[20150921 16:07:02.206 0] 数据库连接释放开始……
[20150921 16:07:02.207 0] 数据库连接释放完毕……
[20150921 16:07:02.207 0] 数据库连接释放开始……
[20150921 16:07:02.207 0] 数据库连接释放完毕……
[20150921 16:07:02.207 0] 数据库连接释放开始……
[20150921 16:07:02.208 0] 数据库连接释放完毕……
[20150921 16:07:02.208 0] 数据库连接释放开始……
[20150921 16:07:02.208 0] 数据库连接释放完毕……
[20150921 16:07:02.209 0] 数据库连接释放开始……
[20150921 16:07:02.209 0] 数据库连接释放完毕……
[20150921 16:07:02.209 0] 数据库连接释放开始……
[20150921 16:07:02.210 0] 数据库连接释放完毕……
[20150921 16:07:02.210 0] 数据库连接释放开始……
[20150921 16:07:02.211 0] 数据库连接释放完毕……
[20150921 16:07:02.211 0] 数据库连接释放开始……
[20150921 16:07:02.211 0] 数据库连接释放完毕……
[20150921 16:07:02.211 0] 数据库连接释放开始……
[20150921 16:07:02.212 0] 数据库连接释放完毕……
[20150921 16:07:02.212 0] 数据库连接释放开始……
[20150921 16:07:02.212 0] 数据库连接释放完毕……
[20150921 16:07:02.213 0] 数据库连接释放开始……
[20150921 16:07:02.213 0] 数据库连接释放完毕……
[20150921 16:07:02.213 0] 数据库连接释放开始……
[20150921 16:07:02.213 0] 数据库连接释放完毕……
[20150921 16:07:02.214 0] 数据库连接释放开始……
[20150921 16:07:02.214 0] 数据库连接释放完毕……
[20150921 16:07:02.214 0] 数据库连接释放开始……
[20150921 16:07:02.215 0] 数据库连接释放完毕……
[20150921 16:07:02.215 0] 数据库连接释放开始……
[20150921 16:07:02.215 0] 数据库连接释放完毕……
[20150921 16:07:02.216 0] 数据库连接释放开始……
[20150921 16:07:02.216 0] 数据库连接释放完毕……
[20150921 16:07:02.216 0] 数据库连接释放开始……
[20150921 16:07:02.217 0] 数据库连接释放完毕……
[20150921 16:07:02.217 0] 数据库连接释放开始……
[20150921 16:07:02.217 0] 数据库连接释放完毕……
[20150921 16:07:02.217 0] 数据库连接释放开始……
[20150921 16:07:02.218 0] 数据库连接释放完毕……
[20150921 16:07:02.218 0] 数据库连接释放开始……
[20150921 16:07:02.218 0] 数据库连接释放完毕……
[20150921 16:07:02.219 0] 数据库连接释放开始……
[20150921 16:07:02.219 0] 数据库连接释放完毕……
[20150921 16:07:02.219 0] 数据库连接释放开始……
[20150921 16:07:02.220 0] 数据库连接释放完毕……
[20150921 16:07:02.220 0] 数据库连接释放开始……
[20150921 16:07:02.220 0] 数据库连接释放完毕……
[20150921 16:07:02.221 0] 数据库连接释放开始……
[20150921 16:07:02.221 0] 数据库连接释放完毕……
[20150921 16:07:02.221 0] 数据库连接释放开始……
[20150921 16:07:02.221 0] 数据库连接释放完毕……
[20150921 16:07:02.222 0] 数据库连接释放开始……
[20150921 16:07:02.222 0] 数据库连接释放完毕……
[20150921 16:07:02.222 0] 数据库连接释放开始……
[20150921 16:07:02.223 0] 数据库连接释放完毕……
[20150921 16:07:02.223 0] 数据库连接释放开始……
[20150921 16:07:02.223 0] 数据库连接释放完毕……
[20150921 16:07:02.224 0] 数据库连接释放开始……
[20150921 16:07:02.224 0] 数据库连接释放完毕……
[20150921 16:07:02.224 0] 数据库连接释放开始……
[20150921 16:07:02.224 0] 数据库连接释放完毕……
[20150921 16:07:02.225 0] 数据库连接释放开始……
[20150921 16:07:02.225 0] 数据库连接释放完毕……
[20150921 16:07:02.225 0] 数据库连接释放开始……
[20150921 16:07:02.226 0] 数据库连接释放完毕……
[20150921 16:07:02.226 0] 数据库连接释放开始……
[20150921 16:07:02.227 0] 数据库连接释放完毕……
[20150921 16:07:02.227 0] 数据库连接释放开始……
[20150921 16:07:02.228 0] 数据库连接释放完毕……
[20150921 16:07:02.228 0] 数据库连接释放开始……
[20150921 16:07:02.229 0] 数据库连接释放完毕……
[20150921 16:07:02.229 0] 数据库连接释放开始……
[20150921 16:07:02.230 0] 数据库连接释放完毕……
[20150921 16:07:02.231 0] 数据库连接释放开始……
[20150921 16:07:02.231 0] 数据库连接释放完毕……
[20150921 16:07:02.231 0] 数据库连接释放开始……
[20150921 16:07:02.232 0] 数据库连接释放完毕……
[20150921 16:07:02.232 0] 数据库连接释放开始……
[20150921 16:07:02.232 0] 数据库连接释放完毕……
[20150921 16:07:02.232 0] 数据库连接释放开始……
[20150921 16:07:02.233 0] 数据库连接释放完毕……
[20150921 16:07:02.233 0] 数据库连接释放开始……
[20150921 16:07:02.233 0] 数据库连接释放完毕……
[20150921 16:07:02.234 0] 数据库连接释放开始……
[20150921 16:07:02.234 0] 数据库连接释放完毕……
[20150921 16:07:02.234 0] 数据库连接释放开始……
[20150921 16:07:02.235 0] 数据库连接释放完毕……
[20150921 16:07:02.235 0] 数据库连接释放开始……
[20150921 16:07:02.235 0] 数据库连接释放完毕……
[20150921 16:07:02.236 0] 数据库连接释放开始……
[20150921 16:07:02.236 0] 数据库连接释放完毕……
[20150921 16:07:02.236 0] 数据库连接释放开始……
[20150921 16:07:02.237 0] 数据库连接释放完毕……
[20150921 16:07:02.237 0] 数据库连接释放开始……
[20150921 16:07:02.237 0] 数据库连接释放完毕……
[20150921 16:07:02.238 0] 数据库连接释放开始……
[20150921 16:07:02.238 0] 数据库连接释放完毕……
[20150921 16:07:02.238 0] 数据库连接释放开始……
[20150921 16:07:02.238 0] 数据库连接释放完毕……
[20150921 16:07:02.239 0] 数据库连接释放开始……
[20150921 16:07:02.239 0] 数据库连接释放完毕……
[20150921 16:07:02.239 0] 数据库连接释放开始……
[20150921 16:07:02.240 0] 数据库连接释放完毕……
[20150921 16:07:02.240 0] 数据库连接释放开始……
[20150921 16:07:02.240 0] 数据库连接释放完毕……
[20150921 16:07:02.241 0] 数据库连接释放开始……
[20150921 16:07:02.241 0] 数据库连接释放完毕……
[20150921 16:07:02.241 0] 数据库连接释放开始……
[20150921 16:07:02.242 0] 数据库连接释放完毕……
[20150921 16:07:02.242 0] 数据库连接释放开始……
[20150921 16:07:02.242 0] 数据库连接释放完毕……
[20150921 16:07:02.243 0] 数据库连接释放开始……
[20150921 16:07:02.243 0] 数据库连接释放完毕……
[20150921 16:07:02.243 0] 数据库连接释放开始……
[20150921 16:07:02.244 0] 数据库连接释放完毕……
[20150921 16:07:02.244 0] 数据库连接释放开始……
[20150921 16:07:02.244 0] 数据库连接释放完毕……
[20150921 16:07:02.245 0] 数据库连接释放开始……
[20150921 16:07:02.245 0] 数据库连接释放完毕……
[20150921 16:07:02.245 0] 数据库连接释放开始……
[20150921 16:07:02.246 0] 数据库连接释放完毕……
[20150921 16:07:02.246 0] 数据库连接释放开始……
[20150921 16:07:02.246 0] 数据库连接释放完毕……
[20150921 16:07:02.247 0] 数据库连接释放开始……
[20150921 16:07:02.247 0] 数据库连接释放完毕……
[20150921 16:07:02.247 0] 数据库连接释放开始……
[20150921 16:07:02.247 0] 数据库连接释放完毕……
[20150921 16:07:02.248 0] 数据库连接释放开始……
[20150921 16:07:02.248 0] 数据库连接释放完毕……
[20150921 16:07:02.248 0] 数据库连接释放开始……
[20150921 16:07:02.249 0] 数据库连接释放完毕……
[20150921 16:07:02.249 0] 数据库连接释放开始……
[20150921 16:07:02.249 0] 数据库连接释放完毕……
[20150921 16:07:02.250 0] 数据库连接释放开始……
[20150921 16:07:02.250 0] 数据库连接释放完毕……
[20150921 16:07:02.250 0] 数据库连接释放开始……
[20150921 16:07:02.251 0] 数据库连接释放完毕……
[20150921 16:07:02.251 0] 数据库连接释放开始……
[20150921 16:07:02.251 0] 数据库连接释放完毕……
[20150921 16:07:02.252 0] 数据库连接释放开始……
[20150921 16:07:02.252 0] 数据库连接释放完毕……
[20150921 16:07:02.252 0] 数据库连接释放开始……
[20150921 16:07:02.252 0] 数据库连接释放完毕……
[20150921 16:07:02.253 0] 数据库连接释放开始……
[20150921 16:07:02.253 0] 数据库连接释放完毕……
[20150921 16:07:02.253 0] 数据库连接释放开始……
[20150921 16:07:02.254 0] 数据库连接释放完毕……
[20150921 16:07:02.254 0] 数据库连接释放开始……
[20150921 16:07:02.254 0] 数据库连接释放完毕……
[20150921 16:07:02.254 0] 数据库连接释放开始……
[20150921 16:07:02.255 0] 数据库连接释放完毕……
[20150921 16:07:02.255 0] 数据库连接释放开始……
[20150921 16:07:02.255 0] 数据库连接释放完毕……
[20150921 16:07:02.256 0] 数据库连接释放开始……
[20150921 16:07:02.256 0] 数据库连接释放完毕……
[20150921 16:07:02.256 0] 数据库连接释放开始……
[20150921 16:07:02.257 0] 数据库连接释放完毕……
[20150921 16:07:02.257 0] 数据库连接释放开始……
[20150921 16:07:02.257 0] 数据库连接释放完毕……
[20150921 16:07:02.258 0] 数据库连接释放开始……
[20150921 16:07:02.258 0] 数据库连接释放完毕……
[20150921 16:07:02.258 0] 数据库连接释放开始……
[20150921 16:07:02.258 0] 数据库连接释放完毕……
[20150921 16:07:02.259 0] 数据库连接释放开始……
[20150921 16:07:02.260 0] 数据库连接释放完毕……
[20150921 16:07:02.260 0] 数据库连接释放开始……
[20150921 16:07:02.261 0] 数据库连接释放完毕……
[20150921 16:07:02.261 0] 数据库连接释放开始……
[20150921 16:07:02.261 0] 数据库连接释放完毕……
[20150921 16:07:02.262 0] 数据库连接释放开始……
[20150921 16:07:02.262 0] 数据库连接释放完毕……
[20150921 16:07:02.263 0] 数据库连接释放开始……
[20150921 16:07:02.263 0] 数据库连接释放完毕……
[20150921 16:07:02.264 0] 数据库连接释放开始……
[20150921 16:07:02.264 0] 数据库连接释放完毕……
[20150921 16:07:02.265 0] 数据库连接释放开始……
[20150921 16:07:02.265 0] 数据库连接释放完毕……
[20150921 16:07:02.266 0] 数据库连接释放开始……
[20150921 16:07:02.266 0] 数据库连接释放完毕……
[20150921 16:07:02.267 0] 数据库连接释放开始……
[20150921 16:07:02.267 0] 数据库连接释放完毕……
[20150921 16:07:02.268 0] 数据库连接释放开始……
[20150921 16:07:02.268 0] 数据库连接释放完毕……
[20150921 16:07:02.269 0] 数据库连接释放开始……
[20150921 16:07:02.269 0] 数据库连接释放完毕……
[20150921 16:07:02.270 0] 数据库连接释放开始……
[20150921 16:07:02.270 0] 数据库连接释放完毕……
[20150921 16:07:02.271 0] 数据库连接释放开始……
[20150921 16:07:02.271 0] 数据库连接释放完毕……
[20150921 16:07:02.272 0] 数据库连接释放开始……
[20150921 16:07:02.272 0] 数据库连接释放完毕……
[20150921 16:07:02.273 0] 数据库连接释放开始……
[20150921 16:07:02.273 0] 数据库连接释放完毕……
[20150921 16:07:02.274 0] 数据库连接释放开始……
[20150921 16:07:02.276 0] 数据库连接释放完毕……
[20150921 16:07:02.278 0] 数据库连接释放开始……
[20150921 16:07:02.280 0] 数据库连接释放完毕……
[20150921 16:07:02.280 0] 数据库连接释放开始……
[20150921 16:07:02.280 0] 数据库连接释放完毕……
[20150921 16:07:02.281 0] 数据库连接释放开始……
[20150921 16:07:02.281 0] 数据库连接释放完毕……
[20150921 16:07:02.281 0] 数据库连接释放开始……
[20150921 16:07:02.282 0] 数据库连接释放完毕……
[20150921 16:07:02.282 0] 数据库连接释放开始……
[20150921 16:07:02.282 0] 数据库连接释放完毕……
[20150921 16:07:02.283 0] 数据库连接释放开始……
[20150921 16:07:02.283 0] 数据库连接释放完毕……
[20150921 16:07:02.283 0] 数据库连接释放开始……
[20150921 16:07:02.284 0] 数据库连接释放完毕……
[20150921 16:07:02.284 0] 数据库连接释放开始……
[20150921 16:07:02.284 0] 数据库连接释放完毕……
[20150921 16:07:02.284 0] 数据库连接释放开始……
[20150921 16:07:02.285 0] 数据库连接释放完毕……
[20150921 16:07:02.285 0] 数据库连接释放开始……
[20150921 16:07:02.285 0] 数据库连接释放完毕……
[20150921 16:07:02.286 0] 数据库连接释放开始……
[20150921 16:07:02.286 0] 数据库连接释放完毕……
[20150921 16:07:02.286 0] 数据库连接释放开始……
[20150921 16:07:02.287 0] 数据库连接释放完毕……
[20150921 16:07:02.287 0] 数据库连接释放开始……
[20150921 16:07:02.287 0] 数据库连接释放完毕……
[20150921 16:07:02.288 0] 数据库连接释放开始……
[20150921 16:07:02.288 0] 数据库连接释放完毕……
[20150921 16:07:02.288 0] 数据库连接释放开始……
[20150921 16:07:02.289 0] 数据库连接释放完毕……
[20150921 16:07:02.289 0] 数据库连接释放开始……
[20150921 16:07:02.289 0] 数据库连接释放完毕……
[20150921 16:07:02.289 0] 数据库连接释放开始……
[20150921 16:07:02.290 0] 数据库连接释放完毕……
[20150921 16:07:02.290 0] 数据库连接释放开始……
[20150921 16:07:02.291 0] 数据库连接释放完毕……
[20150921 16:07:02.291 0] 数据库连接释放开始……
[20150921 16:07:02.291 0] 数据库连接释放完毕……
[20150921 16:07:02.292 0] 数据库连接释放开始……
[20150921 16:07:02.292 0] 数据库连接释放完毕……
[20150921 16:07:02.292 0] 数据库连接释放开始……
[20150921 16:07:02.293 0] 数据库连接释放完毕……
[20150921 16:07:02.293 0] 数据库连接释放开始……
[20150921 16:07:02.294 0] 数据库连接释放完毕……
[20150921 16:07:02.294 0] 数据库连接释放开始……
[20150921 16:07:02.294 0] 数据库连接释放完毕……
[20150921 16:07:02.295 0] 数据库连接释放开始……
[20150921 16:07:02.295 0] 数据库连接释放完毕……
[20150921 16:07:02.295 0] 数据库连接释放开始……
[20150921 16:07:02.295 0] 数据库连接释放完毕……
[20150921 16:07:02.296 0] 数据库连接释放开始……
[20150921 16:07:02.296 0] 数据库连接释放完毕……
[20150921 16:07:02.296 0] 数据库连接释放开始……
[20150921 16:07:02.297 0] 数据库连接释放完毕……
[20150921 16:07:02.297 0] 数据库连接释放开始……
[20150921 16:07:02.297 0] 数据库连接释放完毕……
[20150921 16:07:02.298 0] 数据库连接释放开始……
[20150921 16:07:02.298 0] 数据库连接释放完毕……
[20150921 16:07:02.298 0] 数据库连接释放开始……
[20150921 16:07:02.299 0] 数据库连接释放完毕……
[20150921 16:07:02.299 0] 数据库连接释放开始……
[20150921 16:07:02.299 0] 数据库连接释放完毕……
[20150921 16:07:02.300 0] 数据库连接释放开始……
[20150921 16:07:02.300 0] 数据库连接释放完毕……
[20150921 16:07:02.300 0] 数据库连接释放开始……
[20150921 16:07:02.301 0] 数据库连接释放完毕……
[20150921 16:07:02.301 0] 数据库连接释放开始……
[20150921 16:07:02.302 0] 数据库连接释放完毕……
[20150921 16:07:02.302 0] 数据库连接释放开始……
[20150921 16:07:02.302 0] 数据库连接释放完毕……
[20150921 16:07:02.303 0] 数据库连接释放开始……
[20150921 16:07:02.303 0] 数据库连接释放完毕……
[20150921 16:07:02.303 0] 数据库连接释放开始……
[20150921 16:07:02.304 0] 数据库连接释放完毕……
[20150921 16:07:02.304 0] 数据库连接释放开始……
[20150921 16:07:02.304 0] 数据库连接释放完毕……
[20150921 16:07:02.305 0] 数据库连接释放开始……
[20150921 16:07:02.305 0] 数据库连接释放完毕……
[20150921 16:07:02.305 0] 数据库连接释放开始……
[20150921 16:07:02.306 0] 数据库连接释放完毕……
[20150921 16:07:02.306 0] 数据库连接释放开始……
[20150921 16:07:02.306 0] 数据库连接释放完毕……
[20150921 16:07:02.306 0] 数据库连接释放开始……
[20150921 16:07:02.307 0] 数据库连接释放完毕……
[20150921 16:07:02.307 0] 数据库连接释放开始……
[20150921 16:07:02.307 0] 数据库连接释放完毕……
[20150921 16:07:02.308 0] 数据库连接释放开始……
[20150921 16:07:02.308 0] 数据库连接释放完毕……
[20150921 16:07:02.308 0] 数据库连接释放开始……
[20150921 16:07:02.308 0] 数据库连接释放完毕……
[20150921 16:07:02.309 0] 数据库连接释放开始……
[20150921 16:07:02.309 0] 数据库连接释放完毕……
[20150921 16:07:02.309 0] 数据库连接释放开始……
[20150921 16:07:02.310 0] 数据库连接释放完毕……
[20150921 16:07:02.310 0] 数据库连接释放开始……
[20150921 16:07:02.311 0] 数据库连接释放完毕……
[20150921 16:07:02.311 0] 数据库连接释放开始……
[20150921 16:07:02.311 0] 数据库连接释放完毕……
[20150921 16:07:02.311 0] 数据库连接释放开始……
[20150921 16:07:02.312 0] 数据库连接释放完毕……
[20150921 16:07:02.312 0] 数据库连接释放开始……
[20150921 16:07:02.312 0] 数据库连接释放完毕……
[20150921 16:07:02.313 0] 数据库连接释放开始……
[20150921 16:07:02.313 0] 数据库连接释放完毕……
[20150921 16:07:02.314 0] 数据库连接释放开始……
[20150921 16:07:02.314 0] 数据库连接释放完毕……
[20150921 16:07:02.315 0] 数据库连接释放开始……
[20150921 16:07:02.315 0] 数据库连接释放完毕……
[20150921 16:07:02.315 0] 数据库连接释放开始……
[20150921 16:07:02.315 0] 数据库连接释放完毕……
[20150921 16:07:02.316 0] 数据库连接释放开始……
[20150921 16:07:02.316 0] 数据库连接释放完毕……
[20150921 16:07:02.316 0] 数据库连接释放开始……
[20150921 16:07:02.317 0] 数据库连接释放完毕……
[20150921 16:07:02.317 0] 数据库连接释放开始……
[20150921 16:07:02.317 0] 数据库连接释放完毕……
[20150921 16:07:02.318 0] 数据库连接释放开始……
[20150921 16:07:02.318 0] 数据库连接释放完毕……
[20150921 16:07:02.318 0] 数据库连接释放开始……
[20150921 16:07:02.319 0] 数据库连接释放完毕……
[20150921 16:07:02.319 0] 数据库连接释放开始……
[20150921 16:07:02.319 0] 数据库连接释放完毕……
[20150921 16:07:02.320 0] 数据库连接释放开始……
[20150921 16:07:02.320 0] 数据库连接释放完毕……
[20150921 16:07:02.321 0] 数据库连接释放开始……
[20150921 16:07:02.321 0] 数据库连接释放完毕……
[20150921 16:07:02.321 0] 数据库连接释放开始……
[20150921 16:07:02.322 0] 数据库连接释放完毕……
[20150921 16:07:02.322 0] 数据库连接释放开始……
[20150921 16:07:02.323 0] 数据库连接释放完毕……
[20150921 16:07:02.323 0] 数据库连接释放开始……
[20150921 16:07:02.324 0] 数据库连接释放完毕……
[20150921 16:07:02.324 0] 数据库连接释放开始……
[20150921 16:07:02.325 0] 数据库连接释放完毕……
[20150921 16:07:02.325 0] 数据库连接释放开始……
[20150921 16:07:02.326 0] 数据库连接释放完毕……
[20150921 16:07:02.326 0] 数据库连接释放开始……
[20150921 16:07:02.327 0] 数据库连接释放完毕……
[20150921 16:07:02.327 0] 数据库连接释放开始……
[20150921 16:07:02.327 0] 数据库连接释放完毕……
[20150921 16:07:02.328 0] 数据库连接释放开始……
[20150921 16:07:02.328 0] 数据库连接释放完毕……
[20150921 16:07:02.328 0] 数据库连接释放开始……
[20150921 16:07:02.329 0] 数据库连接释放完毕……
[20150921 16:07:02.329 0] 数据库连接释放开始……
[20150921 16:07:02.329 0] 数据库连接释放完毕……
[20150921 16:07:02.330 0] 数据库连接释放开始……
[20150921 16:07:02.330 0] 数据库连接释放完毕……
[20150921 16:07:02.330 0] 数据库连接释放开始……
[20150921 16:07:02.331 0] 数据库连接释放完毕……
[20150921 16:07:02.331 0] 数据库连接释放开始……
[20150921 16:07:02.331 0] 数据库连接释放完毕……
[20150921 16:07:02.332 0] 数据库连接释放开始……
[20150921 16:07:02.332 0] 数据库连接释放完毕……
[20150921 16:07:02.332 0] 数据库连接释放开始……
[20150921 16:07:02.333 0] 数据库连接释放完毕……
[20150921 16:07:02.333 0] 数据库连接释放开始……
[20150921 16:07:02.334 0] 数据库连接释放完毕……
[20150921 16:07:02.334 0] 数据库连接释放开始……
[20150921 16:07:02.334 0] 数据库连接释放完毕……
[20150921 16:07:02.335 0] 数据库连接释放开始……
[20150921 16:07:02.335 0] 数据库连接释放完毕……
[20150921 16:07:02.336 0] 数据库连接释放开始……
[20150921 16:07:02.336 0] 数据库连接释放完毕……
[20150921 16:07:02.336 0] 数据库连接释放开始……
[20150921 16:07:02.337 0] 数据库连接释放完毕……
[20150921 16:07:02.337 0] 数据库连接释放开始……
[20150921 16:07:02.337 0] 数据库连接释放完毕……
[20150921 16:07:02.338 0] 数据库连接释放开始……
[20150921 16:07:02.338 0] 数据库连接释放完毕……
[20150921 16:07:02.338 0] 数据库连接释放开始……
[20150921 16:07:02.339 0] 数据库连接释放完毕……
[20150921 16:07:02.339 0] 数据库连接释放开始……
[20150921 16:07:02.339 0] 数据库连接释放完毕……
[20150921 16:07:02.339 0] 数据库连接释放开始……
[20150921 16:07:02.340 0] 数据库连接释放完毕……
[20150921 16:07:02.341 0] 数据库连接释放开始……
[20150921 16:07:02.341 0] 数据库连接释放完毕……
[20150921 16:07:02.341 0] 数据库连接释放开始……
[20150921 16:07:02.342 0] 数据库连接释放完毕……
[20150921 16:07:02.342 0] 数据库连接释放开始……
[20150921 16:07:02.343 0] 数据库连接释放完毕……
[20150921 16:07:02.343 0] 数据库连接释放开始……
[20150921 16:07:02.344 0] 数据库连接释放完毕……
[20150921 16:07:02.344 0] 数据库连接释放开始……
[20150921 16:07:02.344 0] 数据库连接释放完毕……
[20150921 16:07:02.345 0] 数据库连接释放开始……
[20150921 16:07:02.345 0] 数据库连接释放完毕……
[20150921 16:07:02.345 0] 数据库连接释放开始……
[20150921 16:07:02.346 0] 数据库连接释放完毕……
[20150921 16:07:02.346 0] 数据库连接释放开始……
[20150921 16:07:02.347 0] 数据库连接释放完毕……
[20150921 16:07:02.347 0] 数据库连接释放开始……
[20150921 16:07:02.347 0] 数据库连接释放完毕……
[20150921 16:07:02.348 0] 数据库连接释放开始……
[20150921 16:07:02.348 0] 数据库连接释放完毕……
[20150921 16:07:02.349 0] 数据库连接释放开始……
[20150921 16:07:02.349 0] 数据库连接释放完毕……
[20150921 16:07:02.349 0] 数据库连接释放开始……
[20150921 16:07:02.350 0] 数据库连接释放完毕……
[20150921 16:07:02.350 0] 数据库连接释放开始……
[20150921 16:07:02.350 0] 数据库连接释放完毕……
[20150921 16:07:02.351 0] 数据库连接释放开始……
[20150921 16:07:02.351 0] 数据库连接释放完毕……
[20150921 16:07:02.352 0] 数据库连接释放开始……
[20150921 16:07:02.352 0] 数据库连接释放完毕……
[20150921 16:07:02.353 0] 数据库连接释放开始……
[20150921 16:07:02.353 0] 数据库连接释放完毕……
[20150921 16:07:02.353 0] 数据库连接释放开始……
[20150921 16:07:02.354 0] 数据库连接释放完毕……
[20150921 16:07:02.354 0] 数据库连接释放开始……
[20150921 16:07:02.355 0] 数据库连接释放完毕……
[20150921 16:07:02.355 0] 数据库连接释放开始……
[20150921 16:07:02.356 0] 数据库连接释放完毕……
[20150921 16:07:02.356 0] 数据库连接释放开始……
[20150921 16:07:02.356 0] 数据库连接释放完毕……
[20150921 16:07:02.357 0] 数据库连接释放开始……
[20150921 16:07:02.357 0] 数据库连接释放完毕……
[20150921 16:07:02.357 0] 数据库连接释放开始……
[20150921 16:07:02.358 0] 数据库连接释放完毕……
[20150921 16:07:02.358 0] 数据库连接释放开始……
[20150921 16:07:02.359 0] 数据库连接释放完毕……
[20150921 16:07:02.359 0] 数据库连接释放开始……
[20150921 16:07:02.359 0] 数据库连接释放完毕……
[20150921 16:07:02.360 0] 数据库连接释放开始……
[20150921 16:07:02.361 0] 数据库连接释放完毕……
[20150921 16:07:02.361 0] 数据库连接释放开始……
[20150921 16:07:02.361 0] 数据库连接释放完毕……
[20150921 16:07:02.362 0] 数据库连接释放开始……
[20150921 16:07:02.362 0] 数据库连接释放完毕……
[20150921 16:07:02.362 0] 数据库连接释放开始……
[20150921 16:07:02.363 0] 数据库连接释放完毕……
[20150921 16:07:02.363 0] 数据库连接释放开始……
[20150921 16:07:02.363 0] 数据库连接释放完毕……
[20150921 16:07:02.364 0] 数据库连接释放开始……
[20150921 16:07:02.364 0] 数据库连接释放完毕……
[20150921 16:07:02.364 0] 数据库连接释放开始……
[20150921 16:07:02.365 0] 数据库连接释放完毕……
[20150921 16:07:02.365 0] 数据库连接释放开始……
[20150921 16:07:02.365 0] 数据库连接释放完毕……
[20150921 16:07:02.365 0] 数据库连接释放开始……
[20150921 16:07:02.366 0] 数据库连接释放完毕……
[20150921 16:07:02.366 0] 数据库连接释放开始……
[20150921 16:07:02.366 0] 数据库连接释放完毕……
[20150921 16:07:02.367 0] 数据库连接释放开始……
[20150921 16:07:02.368 0] 数据库连接释放完毕……
[20150921 16:07:02.368 0] 数据库连接释放开始……
[20150921 16:07:02.368 0] 数据库连接释放完毕……
[20150921 16:07:02.369 0] 数据库连接释放开始……
[20150921 16:07:02.369 0] 数据库连接释放完毕……
[20150921 16:07:02.369 0] 数据库连接释放开始……
[20150921 16:07:02.370 0] 数据库连接释放完毕……
[20150921 16:07:02.370 0] 数据库连接释放开始……
[20150921 16:07:02.370 0] 数据库连接释放完毕……
[20150921 16:07:02.370 0] 数据库连接释放开始……
[20150921 16:07:02.371 0] 数据库连接释放完毕……
[20150921 16:07:02.371 0] 数据库连接释放开始……
[20150921 16:07:02.371 0] 数据库连接释放完毕……
[20150921 16:07:02.372 0] 数据库连接释放开始……
[20150921 16:07:02.372 0] 数据库连接释放完毕……
[20150921 16:07:02.372 0] 数据库连接释放开始……
[20150921 16:07:02.373 0] 数据库连接释放完毕……
[20150921 16:07:02.373 0] 数据库连接释放开始……
[20150921 16:07:02.374 0] 数据库连接释放完毕……
[20150921 16:07:02.374 0] 数据库连接释放开始……
[20150921 16:07:02.374 0] 数据库连接释放完毕……
[20150921 16:07:02.376 0] 数据库连接释放开始……
[20150921 16:07:02.376 0] 数据库连接释放完毕……
[20150921 16:07:02.377 0] 数据库连接释放开始……
[20150921 16:07:02.377 0] 数据库连接释放完毕……
[20150921 16:07:02.378 0] 数据库连接释放开始……
[20150921 16:07:02.378 0] 数据库连接释放完毕……
[20150921 16:07:02.378 0] 数据库连接释放开始……
[20150921 16:07:02.379 0] 数据库连接释放完毕……
[20150921 16:07:02.379 0] 数据库连接释放开始……
[20150921 16:07:02.380 0] 数据库连接释放完毕……
[20150921 16:07:02.380 0] 数据库连接释放开始……
[20150921 16:07:02.381 0] 数据库连接释放完毕……
[20150921 16:07:02.381 0] 数据库连接释放开始……
[20150921 16:07:02.381 0] 数据库连接释放完毕……
[20150921 16:07:02.382 0] 数据库连接释放开始……
[20150921 16:07:02.382 0] 数据库连接释放完毕……
[20150921 16:07:02.382 0] 数据库连接释放开始……
[20150921 16:07:02.383 0] 数据库连接释放完毕……
[20150921 16:07:02.383 0] 数据库连接释放开始……
[20150921 16:07:02.383 0] 数据库连接释放完毕……
[20150921 16:07:02.384 0] 数据库连接释放开始……
[20150921 16:07:02.384 0] 数据库连接释放完毕……
[20150921 16:07:02.384 0] 数据库连接释放开始……
[20150921 16:07:02.384 0] 数据库连接释放完毕……
[20150921 16:07:02.385 0] 数据库连接释放开始……
[20150921 16:07:02.386 0] 数据库连接释放完毕……
[20150921 16:07:02.387 0] 数据库连接释放开始……
[20150921 16:07:02.387 0] 数据库连接释放完毕……
[20150921 16:07:02.387 0] 数据库连接释放开始……
[20150921 16:07:02.388 0] 数据库连接释放完毕……
[20150921 16:07:02.388 0] 数据库连接释放开始……
[20150921 16:07:02.388 0] 数据库连接释放完毕……
[20150921 16:07:02.388 0] 数据库连接释放开始……
[20150921 16:07:02.389 0] 数据库连接释放完毕……
[20150921 16:07:02.389 0] 数据库连接释放开始……
[20150921 16:07:02.389 0] 数据库连接释放完毕……
[20150921 16:07:02.390 0] 数据库连接释放开始……
[20150921 16:07:02.390 0] 数据库连接释放完毕……
[20150921 16:07:02.390 0] 数据库连接释放开始……
[20150921 16:07:02.390 0] 数据库连接释放完毕……
[20150921 16:07:02.391 0] 数据库连接释放开始……
[20150921 16:07:02.391 0] 数据库连接释放完毕……
[20150921 16:07:02.391 0] 数据库连接释放开始……
[20150921 16:07:02.392 0] 数据库连接释放完毕……
[20150921 16:07:02.392 0] 数据库连接释放开始……
[20150921 16:07:02.392 0] 数据库连接释放完毕……
[20150921 16:07:02.393 0] 数据库连接释放开始……
[20150921 16:07:02.393 0] 数据库连接释放完毕……
[20150921 16:07:02.394 0] 数据库连接释放开始……
[20150921 16:07:02.394 0] 数据库连接释放完毕……
[20150921 16:07:02.394 0] 数据库连接释放开始……
[20150921 16:07:02.395 0] 数据库连接释放完毕……
[20150921 16:07:02.395 0] 数据库连接释放开始……
[20150921 16:07:02.395 0] 数据库连接释放完毕……
[20150921 16:07:02.396 0] 数据库连接释放开始……
[20150921 16:07:02.396 0] 数据库连接释放完毕……
[20150921 16:07:02.397 0] 数据库连接释放开始……
[20150921 16:07:02.397 0] 数据库连接释放完毕……
[20150921 16:07:02.397 0] 数据库连接释放开始……
[20150921 16:07:02.397 0] 数据库连接释放完毕……
[20150921 16:07:02.398 0] 数据库连接释放开始……
[20150921 16:07:02.398 0] 数据库连接释放完毕……
[20150921 16:07:02.399 0] 数据库连接释放开始……
[20150921 16:07:02.399 0] 数据库连接释放完毕……
[20150921 16:07:02.399 0] 数据库连接释放开始……
[20150921 16:07:02.400 0] 数据库连接释放完毕……
[20150921 16:07:02.400 0] 数据库连接释放开始……
[20150921 16:07:02.400 0] 数据库连接释放完毕……
[20150921 16:07:02.401 0] 数据库连接释放开始……
[20150921 16:07:02.401 0] 数据库连接释放完毕……
[20150921 16:07:02.402 0] 数据库连接释放开始……
[20150921 16:07:02.402 0] 数据库连接释放完毕……
[20150921 16:07:02.403 0] 数据库连接释放开始……
[20150921 16:07:02.403 0] 数据库连接释放完毕……
[20150921 16:07:02.403 0] 数据库连接释放开始……
[20150921 16:07:02.404 0] 数据库连接释放完毕……
[20150921 16:07:02.404 0] 数据库连接释放开始……
[20150921 16:07:02.404 0] 数据库连接释放完毕……
[20150921 16:07:02.405 0] 数据库连接释放开始……
[20150921 16:07:02.405 0] 数据库连接释放完毕……
[20150921 16:07:02.405 0] 数据库连接释放开始……
[20150921 16:07:02.406 0] 数据库连接释放完毕……
[20150921 16:07:02.406 0] 数据库连接释放开始……
[20150921 16:07:02.407 0] 数据库连接释放完毕……
[20150921 16:07:02.407 0] 数据库连接释放开始……
[20150921 16:07:02.407 0] 数据库连接释放完毕……
[20150921 16:07:02.408 0] 数据库连接释放开始……
[20150921 16:07:02.408 0] 数据库连接释放完毕……
[20150921 16:07:02.409 0] 数据库连接释放开始……
[20150921 16:07:02.409 0] 数据库连接释放完毕……
[20150921 16:07:02.409 0] 数据库连接释放开始……
[20150921 16:07:02.410 0] 数据库连接释放完毕……
[20150921 16:07:02.411 0] 数据库连接释放开始……
[20150921 16:07:02.411 0] 数据库连接释放完毕……
[20150921 16:07:02.411 0] 数据库连接释放开始……
[20150921 16:07:02.412 0] 数据库连接释放完毕……
[20150921 16:07:02.412 0] 数据库连接释放开始……
[20150921 16:07:02.412 0] 数据库连接释放完毕……
[20150921 16:07:02.412 0] 数据库连接释放开始……
[20150921 16:07:02.413 0] 数据库连接释放完毕……
[20150921 16:07:02.413 0] 数据库连接释放开始……
[20150921 16:07:02.413 0] 数据库连接释放完毕……
[20150921 16:07:02.414 0] 数据库连接释放开始……
[20150921 16:07:02.415 0] 数据库连接释放完毕……
[20150921 16:07:02.415 0] 数据库连接释放开始……
[20150921 16:07:02.416 0] 数据库连接释放完毕……
[20150921 16:07:02.417 0] 数据库连接释放开始……
[20150921 16:07:02.417 0] 数据库连接释放完毕……
[20150921 16:07:02.418 0] 数据库连接释放开始……
[20150921 16:07:02.418 0] 数据库连接释放完毕……
[20150921 16:07:02.419 0] 数据库连接释放开始……
[20150921 16:07:02.419 0] 数据库连接释放完毕……
[20150921 16:07:02.420 0] 数据库连接释放开始……
[20150921 16:07:02.420 0] 数据库连接释放完毕……
[20150921 16:07:02.420 0] 数据库连接释放开始……
[20150921 16:07:02.421 0] 数据库连接释放完毕……
[20150921 16:07:02.421 0] 数据库连接释放开始……
[20150921 16:07:02.421 0] 数据库连接释放完毕……
[20150921 16:07:02.422 0] 数据库连接释放开始……
[20150921 16:07:02.422 0] 数据库连接释放完毕……
[20150921 16:07:02.422 0] 数据库连接释放开始……
[20150921 16:07:02.423 0] 数据库连接释放完毕……
[20150921 16:07:02.423 0] 数据库连接释放开始……
[20150921 16:07:02.423 0] 数据库连接释放完毕……
[20150921 16:07:02.424 0] 数据库连接释放开始……
[20150921 16:07:02.424 0] 数据库连接释放完毕……
[20150921 16:07:02.424 0] 数据库连接释放开始……
[20150921 16:07:02.424 0] 数据库连接释放完毕……
[20150921 16:07:02.425 0] 数据库连接释放开始……
[20150921 16:07:02.425 0] 数据库连接释放完毕……
[20150921 16:07:02.425 0] 数据库连接释放开始……
[20150921 16:07:02.426 0] 数据库连接释放完毕……
[20150921 16:07:02.426 0] 数据库连接释放开始……
[20150921 16:07:02.427 0] 数据库连接释放完毕……
[20150921 16:07:02.427 0] 数据库连接释放开始……
[20150921 16:07:02.428 0] 数据库连接释放完毕……
[20150921 16:07:02.428 0] 数据库连接释放开始……
[20150921 16:07:02.428 0] 数据库连接释放完毕……
[20150921 16:07:02.429 0] 数据库连接释放开始……
[20150921 16:07:02.429 0] 数据库连接释放完毕……
[20150921 16:07:02.430 0] 数据库连接释放开始……
[20150921 16:07:02.430 0] 数据库连接释放完毕……
[20150921 16:07:02.431 0] 数据库连接释放开始……
[20150921 16:07:02.431 0] 数据库连接释放完毕……
[20150921 16:07:02.431 0] 数据库连接释放开始……
[20150921 16:07:02.432 0] 数据库连接释放完毕……
[20150921 16:07:02.432 0] 数据库连接释放开始……
[20150921 16:07:02.432 0] 数据库连接释放完毕……
[20150921 16:07:02.433 0] 数据库连接释放开始……
[20150921 16:07:02.433 0] 数据库连接释放完毕……
[20150921 16:07:02.433 0] 数据库连接释放开始……
[20150921 16:07:02.433 0] 数据库连接释放完毕……
[20150921 16:07:02.434 0] 数据库连接释放开始……
[20150921 16:07:02.434 0] 数据库连接释放完毕……
[20150921 16:07:02.434 0] 数据库连接释放开始……
[20150921 16:07:02.435 0] 数据库连接释放完毕……
[20150921 16:07:02.435 0] 数据库连接释放开始……
[20150921 16:07:02.436 0] 数据库连接释放完毕……
[20150921 16:07:02.436 0] 数据库连接释放开始……
[20150921 16:07:02.436 0] 数据库连接释放完毕……
[20150921 16:07:02.437 0] 数据库连接释放开始……
[20150921 16:07:02.437 0] 数据库连接释放完毕……
[20150921 16:07:02.437 0] 数据库连接释放开始……
[20150921 16:07:02.437 0] 数据库连接释放完毕……
[20150921 16:07:02.438 0] 数据库连接释放开始……
[20150921 16:07:02.438 0] 数据库连接释放完毕……
[20150921 16:07:02.439 0] 数据库连接释放开始……
[20150921 16:07:02.439 0] 数据库连接释放完毕……
[20150921 16:07:02.439 0] 数据库连接释放开始……
[20150921 16:07:02.440 0] 数据库连接释放完毕……
[20150921 16:07:02.440 0] 数据库连接释放开始……
[20150921 16:07:02.440 0] 数据库连接释放完毕……
[20150921 16:07:02.441 0] 数据库连接释放开始……
[20150921 16:07:02.441 0] 数据库连接释放完毕……
[20150921 16:07:02.441 0] 数据库连接释放开始……
[20150921 16:07:02.441 0] 数据库连接释放完毕……
[20150921 16:07:02.442 0] 数据库连接释放开始……
[20150921 16:07:02.442 0] 数据库连接释放完毕……
[20150921 16:07:02.442 0] 数据库连接释放开始……
[20150921 16:07:02.443 0] 数据库连接释放完毕……
[20150921 16:07:02.443 0] 数据库连接释放开始……
[20150921 16:07:02.444 0] 数据库连接释放完毕……
[20150921 16:07:02.444 0] 数据库连接释放开始……
[20150921 16:07:02.445 0] 数据库连接释放完毕……
[20150921 16:07:02.445 0] 数据库连接释放开始……
[20150921 16:07:02.445 0] 数据库连接释放完毕……
[20150921 16:07:02.446 0] 数据库连接释放开始……
[20150921 16:07:02.446 0] 数据库连接释放完毕……
[20150921 16:07:02.446 0] 数据库连接释放开始……
[20150921 16:07:02.447 0] 数据库连接释放完毕……
[20150921 16:07:02.447 0] 数据库连接释放开始……
[20150921 16:07:02.448 0] 数据库连接释放完毕……
[20150921 16:07:02.448 0] 数据库连接释放开始……
[20150921 16:07:02.449 0] 数据库连接释放完毕……
[20150921 16:07:02.449 0] 数据库连接释放开始……
[20150921 16:07:02.449 0] 数据库连接释放完毕……
[20150921 16:07:02.450 0] 数据库连接释放开始……
[20150921 16:07:02.450 0] 数据库连接释放完毕……
[20150921 16:07:02.450 0] 数据库连接释放开始……
[20150921 16:07:02.451 0] 数据库连接释放完毕……
[20150921 16:07:02.451 0] 数据库连接释放开始……
[20150921 16:07:02.452 0] 数据库连接释放完毕……
[20150921 16:07:02.452 0] 数据库连接释放开始……
[20150921 16:07:02.452 0] 数据库连接释放完毕……
[20150921 16:07:02.453 0] 数据库连接释放开始……
[20150921 16:07:02.453 0] 数据库连接释放完毕……
[20150921 16:07:02.453 0] 数据库连接释放开始……
[20150921 16:07:02.454 0] 数据库连接释放完毕……
[20150921 16:07:02.454 0] 数据库连接释放开始……
[20150921 16:07:02.454 0] 数据库连接释放完毕……
[20150921 16:07:02.455 0] 数据库连接释放开始……
[20150921 16:07:02.455 0] 数据库连接释放完毕……
[20150921 16:07:02.455 0] 数据库连接释放开始……
[20150921 16:07:02.456 0] 数据库连接释放完毕……
[20150921 16:07:02.456 0] 数据库连接释放开始……
[20150921 16:07:02.456 0] 数据库连接释放完毕……
[20150921 16:07:02.457 0] 数据库连接释放开始……
[20150921 16:07:02.457 0] 数据库连接释放完毕……
[20150921 16:07:02.458 0] 数据库连接释放开始……
[20150921 16:07:02.458 0] 数据库连接释放完毕……
[20150921 16:07:02.458 0] 数据库连接释放开始……
[20150921 16:07:02.459 0] 数据库连接释放完毕……
[20150921 16:07:02.459 0] 数据库连接释放开始……
[20150921 16:07:02.460 0] 数据库连接释放完毕……
[20150921 16:07:02.460 0] 数据库连接释放开始……
[20150921 16:07:02.461 0] 数据库连接释放完毕……
[20150921 16:07:02.462 0] 数据库连接释放开始……
[20150921 16:07:02.462 0] 数据库连接释放完毕……
[20150921 16:07:02.462 0] 数据库连接释放开始……
[20150921 16:07:02.463 0] 数据库连接释放完毕……
[20150921 16:07:02.463 0] 数据库连接释放开始……
[20150921 16:07:02.463 0] 数据库连接释放完毕……
[20150921 16:07:02.464 0] 数据库连接释放开始……
[20150921 16:07:02.464 0] 数据库连接释放完毕……
[20150921 16:07:02.464 0] 数据库连接释放开始……
[20150921 16:07:02.464 0] 数据库连接释放完毕……
[20150921 16:07:02.465 0] 数据库连接释放开始……
[20150921 16:07:02.465 0] 数据库连接释放完毕……
[20150921 16:07:02.465 0] 数据库连接释放开始……
[20150921 16:07:02.466 0] 数据库连接释放完毕……
[20150921 16:07:02.466 0] 数据库连接释放开始……
[20150921 16:07:02.466 0] 数据库连接释放完毕……
[20150921 16:07:02.467 0] 数据库连接释放开始……
[20150921 16:07:02.467 0] 数据库连接释放完毕……
[20150921 16:07:02.467 0] 数据库连接释放开始……
[20150921 16:07:02.468 0] 数据库连接释放完毕……
[20150921 16:07:02.468 0] 数据库连接释放开始……
[20150921 16:07:02.468 0] 数据库连接释放完毕……
[20150921 16:07:02.468 0] 数据库连接释放开始……
[20150921 16:07:02.469 0] 数据库连接释放完毕……
[20150921 16:07:02.469 0] 数据库连接释放开始……
[20150921 16:07:02.469 0] 数据库连接释放完毕……
[20150921 16:07:02.470 0] 数据库连接释放开始……
[20150921 16:07:02.470 0] 数据库连接释放完毕……
[20150921 16:07:02.470 0] 数据库连接释放开始……
[20150921 16:07:02.471 0] 数据库连接释放完毕……
[20150921 16:07:02.471 0] 数据库连接释放开始……
[20150921 16:07:02.471 0] 数据库连接释放完毕……
[20150921 16:07:02.472 0] 数据库连接释放开始……
[20150921 16:07:02.472 0] 数据库连接释放完毕……
[20150921 16:07:02.472 0] 数据库连接释放开始……
[20150921 16:07:02.473 0] 数据库连接释放完毕……
[20150921 16:07:02.473 0] 数据库连接释放开始……
[20150921 16:07:02.473 0] 数据库连接释放完毕……
[20150921 16:07:02.473 0] 数据库连接释放开始……
[20150921 16:07:02.474 0] 数据库连接释放完毕……
[20150921 16:07:02.474 0] 数据库连接释放开始……
[20150921 16:07:02.474 0] 数据库连接释放完毕……
[20150921 16:07:02.475 0] 数据库连接释放开始……
[20150921 16:07:02.475 0] 数据库连接释放完毕……
[20150921 16:07:02.475 0] 数据库连接释放开始……
[20150921 16:07:02.475 0] 数据库连接释放完毕……
[20150921 16:07:02.476 0] 数据库连接释放开始……
[20150921 16:07:02.476 0] 数据库连接释放完毕……
[20150921 16:07:02.477 0] 数据库连接释放开始……
[20150921 16:07:02.478 0] 数据库连接释放完毕……
[20150921 16:07:02.478 0] 数据库连接释放开始……
[20150921 16:07:02.478 0] 数据库连接释放完毕……
[20150921 16:07:02.479 0] 数据库连接释放开始……
[20150921 16:07:02.479 0] 数据库连接释放完毕……
[20150921 16:07:02.479 0] 数据库连接释放开始……
[20150921 16:07:02.479 0] 数据库连接释放完毕……
[20150921 16:07:02.480 0] 数据库连接释放开始……
[20150921 16:07:02.480 0] 数据库连接释放完毕……
[20150921 16:07:02.480 0] 数据库连接释放开始……
[20150921 16:07:02.481 0] 数据库连接释放完毕……
[20150921 16:07:02.481 0] 数据库连接释放开始……
[20150921 16:07:02.481 0] 数据库连接释放完毕……
[20150921 16:07:02.482 0] 数据库连接释放开始……
[20150921 16:07:02.482 0] 数据库连接释放完毕……
[20150921 16:07:02.482 0] 数据库连接释放开始……
[20150921 16:07:02.482 0] 数据库连接释放完毕……
[20150921 16:07:02.483 0] 数据库连接释放开始……
[20150921 16:07:02.483 0] 数据库连接释放完毕……
[20150921 16:07:02.483 0] 数据库连接释放开始……
[20150921 16:07:02.484 0] 数据库连接释放完毕……
[20150921 16:07:02.484 0] 数据库连接释放开始……
[20150921 16:07:02.484 0] 数据库连接释放完毕……
[20150921 16:07:02.484 0] 数据库连接释放开始……
[20150921 16:07:02.485 0] 数据库连接释放完毕……
[20150921 16:07:02.485 0] 数据库连接释放开始……
[20150921 16:07:02.485 0] 数据库连接释放完毕……
[20150921 16:07:02.486 0] 数据库连接释放开始……
[20150921 16:07:02.486 0] 数据库连接释放完毕……
[20150921 16:07:02.486 0] 数据库连接释放开始……
[20150921 16:07:02.487 0] 数据库连接释放完毕……
[20150921 16:07:02.487 0] 数据库连接释放开始……
[20150921 16:07:02.487 0] 数据库连接释放完毕……
[20150921 16:07:02.487 0] 数据库连接释放开始……
[20150921 16:07:02.488 0] 数据库连接释放完毕……
[20150921 16:07:02.488 0] 数据库连接释放开始……
[20150921 16:07:02.488 0] 数据库连接释放完毕……
[20150921 16:07:02.489 0] 数据库连接释放开始……
[20150921 16:07:02.489 0] 数据库连接释放完毕……
[20150921 16:07:02.489 0] 数据库连接释放开始……
[20150921 16:07:02.490 0] 数据库连接释放完毕……
[20150921 16:07:02.490 0] 数据库连接释放开始……
[20150921 16:07:02.490 0] 数据库连接释放完毕……
[20150921 16:07:02.490 0] 数据库连接释放开始……
[20150921 16:07:02.491 0] 数据库连接释放完毕……
[20150921 16:07:02.491 0] 数据库连接释放开始……
[20150921 16:07:02.491 0] 数据库连接释放完毕……
[20150921 16:07:02.492 0] 数据库连接释放开始……
[20150921 16:07:02.492 0] 数据库连接释放完毕……
[20150921 16:07:02.492 0] 数据库连接释放开始……
[20150921 16:07:02.493 0] 数据库连接释放完毕……
[20150921 16:07:02.494 0] 数据库连接释放开始……
[20150921 16:07:02.494 0] 数据库连接释放完毕……
[20150921 16:07:02.494 0] 数据库连接释放开始……
[20150921 16:07:02.495 0] 数据库连接释放完毕……
[20150921 16:07:02.495 0] 数据库连接释放开始……
[20150921 16:07:02.495 0] 数据库连接释放完毕……
[20150921 16:07:02.495 0] 数据库连接释放开始……
[20150921 16:07:02.496 0] 数据库连接释放完毕……
[20150921 16:07:02.496 0] 数据库连接释放开始……
[20150921 16:07:02.496 0] 数据库连接释放完毕……
[20150921 16:07:02.497 0] 数据库连接释放开始……
[20150921 16:07:02.497 0] 数据库连接释放完毕……
[20150921 16:07:02.497 0] 数据库连接释放开始……
[20150921 16:07:02.498 0] 数据库连接释放完毕……
[20150921 16:07:02.498 0] 数据库连接释放开始……
[20150921 16:07:02.499 0] 数据库连接释放完毕……
[20150921 16:07:02.499 0] 数据库连接释放开始……
[20150921 16:07:02.500 0] 数据库连接释放完毕……
[20150921 16:07:02.500 0] 数据库连接释放开始……
[20150921 16:07:02.500 0] 数据库连接释放完毕……
[20150921 16:07:02.501 0] 数据库连接释放开始……
[20150921 16:07:02.501 0] 数据库连接释放完毕……
[20150921 16:07:02.501 0] 数据库连接释放开始……
[20150921 16:07:02.502 0] 数据库连接释放完毕……
[20150921 16:07:02.502 0] 数据库连接释放开始……
[20150921 16:07:02.502 0] 数据库连接释放完毕……
[20150921 16:07:02.502 0] 数据库连接释放开始……
[20150921 16:07:02.503 0] 数据库连接释放完毕……
[20150921 16:07:02.503 0] 数据库连接释放开始……
[20150921 16:07:02.503 0] 数据库连接释放完毕……
[20150921 16:07:02.504 0] 数据库连接释放开始……
[20150921 16:07:02.504 0] 数据库连接释放完毕……
[20150921 16:07:02.504 0] 数据库连接释放开始……
[20150921 16:07:02.505 0] 数据库连接释放完毕……
[20150921 16:07:02.505 0] 数据库连接释放开始……
[20150921 16:07:02.505 0] 数据库连接释放完毕……
[20150921 16:07:02.506 0] 数据库连接释放开始……
[20150921 16:07:02.506 0] 数据库连接释放完毕……
[20150921 16:07:02.506 0] 数据库连接释放开始……
[20150921 16:07:02.507 0] 数据库连接释放完毕……
[20150921 16:07:02.507 0] 数据库连接释放开始……
[20150921 16:07:02.507 0] 数据库连接释放完毕……
[20150921 16:07:02.508 0] 数据库连接释放开始……
[20150921 16:07:02.508 0] 数据库连接释放完毕……
[20150921 16:07:02.509 0] 数据库连接释放开始……
[20150921 16:07:02.509 0] 数据库连接释放完毕……
[20150921 16:07:02.510 0] 数据库连接释放开始……
[20150921 16:07:02.511 0] 数据库连接释放完毕……
[20150921 16:07:02.511 0] 数据库连接释放开始……
[20150921 16:07:02.512 0] 数据库连接释放完毕……
[20150921 16:07:02.512 0] 数据库连接释放开始……
[20150921 16:07:02.512 0] 数据库连接释放完毕……
[20150921 16:07:02.513 0] 数据库连接释放开始……
[20150921 16:07:02.513 0] 数据库连接释放完毕……
[20150921 16:07:02.513 0] 数据库连接释放开始……
[20150921 16:07:02.514 0] 数据库连接释放完毕……
[20150921 16:07:02.514 0] 数据库连接释放开始……
[20150921 16:07:02.514 0] 数据库连接释放完毕……
[20150921 16:07:02.515 0] 数据库连接释放开始……
[20150921 16:07:02.515 0] 数据库连接释放完毕……
[20150921 16:07:02.515 0] 数据库连接释放开始……
[20150921 16:07:02.515 0] 数据库连接释放完毕……
[20150921 16:07:02.516 0] 数据库连接释放开始……
[20150921 16:07:02.516 0] 数据库连接释放完毕……
[20150921 16:07:02.516 0] 数据库连接释放开始……
[20150921 16:07:02.517 0] 数据库连接释放完毕……
[20150921 16:07:02.517 0] 数据库连接释放开始……
[20150921 16:07:02.517 0] 数据库连接释放完毕……
[20150921 16:07:02.518 0] 数据库连接释放开始……
[20150921 16:07:02.518 0] 数据库连接释放完毕……
[20150921 16:07:02.518 0] 数据库连接释放开始……
[20150921 16:07:02.519 0] 数据库连接释放完毕……
[20150921 16:07:02.519 0] 数据库连接释放开始……
[20150921 16:07:02.519 0] 数据库连接释放完毕……
[20150921 16:07:02.520 0] 数据库连接释放开始……
[20150921 16:07:02.520 0] 数据库连接释放完毕……
[20150921 16:07:02.520 0] 数据库连接释放开始……
[20150921 16:07:02.521 0] 数据库连接释放完毕……
[20150921 16:07:02.521 0] 数据库连接释放开始……
[20150921 16:07:02.522 0] 数据库连接释放完毕……
[20150921 16:07:02.522 0] 数据库连接释放开始……
[20150921 16:07:02.522 0] 数据库连接释放完毕……
[20150921 16:07:02.522 0] 数据库连接释放开始……
[20150921 16:07:02.523 0] 数据库连接释放完毕……
[20150921 16:07:02.523 0] 数据库连接释放开始……
[20150921 16:07:02.523 0] 数据库连接释放完毕……
[20150921 16:07:02.524 0] 数据库连接释放开始……
[20150921 16:07:02.524 0] 数据库连接释放完毕……
[20150921 16:07:02.524 0] 数据库连接释放开始……
[20150921 16:07:02.525 0] 数据库连接释放完毕……
[20150921 16:07:02.525 0] 数据库连接释放开始……
[20150921 16:07:02.525 0] 数据库连接释放完毕……
[20150921 16:07:02.525 0] 数据库连接释放开始……
[20150921 16:07:02.526 0] 数据库连接释放完毕……
[20150921 16:07:02.527 0] 数据库连接释放开始……
[20150921 16:07:02.528 0] 数据库连接释放完毕……
[20150921 16:07:02.528 0] 数据库连接释放开始……
[20150921 16:07:02.528 0] 数据库连接释放完毕……
[20150921 16:07:02.529 0] 数据库连接释放开始……
[20150921 16:07:02.529 0] 数据库连接释放完毕……
[20150921 16:07:02.529 0] 数据库连接释放开始……
[20150921 16:07:02.530 0] 数据库连接释放完毕……
[20150921 16:07:02.530 0] 数据库连接释放开始……
[20150921 16:07:02.530 0] 数据库连接释放完毕……
[20150921 16:07:02.531 0] 数据库连接释放开始……
[20150921 16:07:02.531 0] 数据库连接释放完毕……
[20150921 16:07:02.531 0] 数据库连接释放开始……
[20150921 16:07:02.531 0] 数据库连接释放完毕……
[20150921 16:07:02.532 0] 数据库连接释放开始……
[20150921 16:07:02.532 0] 数据库连接释放完毕……
[20150921 16:07:02.532 0] 数据库连接释放开始……
[20150921 16:07:02.533 0] 数据库连接释放完毕……
[20150921 16:07:02.533 0] 数据库连接释放开始……
[20150921 16:07:02.533 0] 数据库连接释放完毕……
[20150921 16:07:02.534 0] 数据库连接释放开始……
[20150921 16:07:02.534 0] 数据库连接释放完毕……
[20150921 16:07:02.534 0] 数据库连接释放开始……
[20150921 16:07:02.534 0] 数据库连接释放完毕……
[20150921 16:07:02.535 0] 数据库连接释放开始……
[20150921 16:07:02.535 0] 数据库连接释放完毕……
[20150921 16:07:02.535 0] 数据库连接释放开始……
[20150921 16:07:02.536 0] 数据库连接释放完毕……
[20150921 16:07:02.536 0] 数据库连接释放开始……
[20150921 16:07:02.536 0] 数据库连接释放完毕……
[20150921 16:07:02.537 0] 数据库连接释放开始……
[20150921 16:07:02.537 0] 数据库连接释放完毕……
[20150921 16:07:02.537 0] 数据库连接释放开始……
[20150921 16:07:02.537 0] 数据库连接释放完毕……
[20150921 16:07:02.538 0] 数据库连接释放开始……
[20150921 16:07:02.538 0] 数据库连接释放完毕……
[20150921 16:07:02.538 0] 数据库连接释放开始……
[20150921 16:07:02.539 0] 数据库连接释放完毕……
[20150921 16:07:02.539 0] 数据库连接释放开始……
[20150921 16:07:02.539 0] 数据库连接释放完毕……
[20150921 16:07:02.539 0] 数据库连接释放开始……
[20150921 16:07:02.540 0] 数据库连接释放完毕……
[20150921 16:07:02.540 0] 数据库连接释放开始……
[20150921 16:07:02.540 0] 数据库连接释放完毕……
[20150921 16:07:02.541 0] 数据库连接释放开始……
[20150921 16:07:02.541 0] 数据库连接释放完毕……
[20150921 16:07:02.541 0] 数据库连接释放开始……
[20150921 16:07:02.542 0] 数据库连接释放完毕……
[20150921 16:07:02.542 0] 数据库连接释放开始……
[20150921 16:07:02.544 0] 数据库连接释放完毕……
[20150921 16:07:02.544 0] 数据库连接释放开始……
[20150921 16:07:02.544 0] 数据库连接释放完毕……
[20150921 16:07:02.545 0] 数据库连接释放开始……
[20150921 16:07:02.545 0] 数据库连接释放完毕……
[20150921 16:07:02.545 0] 数据库连接释放开始……
[20150921 16:07:02.546 0] 数据库连接释放完毕……
[20150921 16:07:02.546 0] 数据库连接释放开始……
[20150921 16:07:02.546 0] 数据库连接释放完毕……
[20150921 16:07:02.547 0] 数据库连接释放开始……
[20150921 16:07:02.547 0] 数据库连接释放完毕……
[20150921 16:07:02.547 0] 数据库连接释放开始……
[20150921 16:07:02.547 0] 数据库连接释放完毕……
[20150921 16:07:02.548 0] 数据库连接释放开始……
[20150921 16:07:02.548 0] 数据库连接释放完毕……
[20150921 16:07:02.548 0] 数据库连接释放开始……
[20150921 16:07:02.549 0] 数据库连接释放完毕……
[20150921 16:07:02.549 0] 数据库连接释放开始……
[20150921 16:07:02.549 0] 数据库连接释放完毕……
[20150921 16:07:02.550 0] 数据库连接释放开始……
[20150921 16:07:02.550 0] 数据库连接释放完毕……
[20150921 16:07:02.550 0] 数据库连接释放开始……
[20150921 16:07:02.550 0] 数据库连接释放完毕……
[20150921 16:07:02.551 0] 数据库连接释放开始……
[20150921 16:07:02.551 0] 数据库连接释放完毕……
[20150921 16:07:02.551 0] 数据库连接释放开始……
[20150921 16:07:02.552 0] 数据库连接释放完毕……
[20150921 16:07:02.552 0] 数据库连接释放开始……
[20150921 16:07:02.552 0] 数据库连接释放完毕……
[20150921 16:07:02.553 0] 数据库连接释放开始……
[20150921 16:07:02.553 0] 数据库连接释放完毕……
[20150921 16:07:02.553 0] 数据库连接释放开始……
[20150921 16:07:02.554 0] 数据库连接释放完毕……
[20150921 16:07:02.554 0] 数据库连接释放开始……
[20150921 16:07:02.555 0] 数据库连接释放完毕……
[20150921 16:07:02.555 0] 数据库连接释放开始……
[20150921 16:07:02.555 0] 数据库连接释放完毕……
[20150921 16:07:02.555 0] 数据库连接释放开始……
[20150921 16:07:02.556 0] 数据库连接释放完毕……
[20150921 16:07:02.556 0] 数据库连接释放开始……
[20150921 16:07:02.556 0] 数据库连接释放完毕……
[20150921 16:07:02.557 0] 数据库连接释放开始……
[20150921 16:07:02.557 0] 数据库连接释放完毕……
[20150921 16:07:02.557 0] 数据库连接释放开始……
[20150921 16:07:02.557 0] 数据库连接释放完毕……
[20150921 16:07:02.558 0] 数据库连接释放开始……
[20150921 16:07:02.558 0] 数据库连接释放完毕……
[20150921 16:07:02.558 0] 数据库连接释放开始……
[20150921 16:07:02.559 0] 数据库连接释放完毕……
[20150921 16:07:02.559 0] 数据库连接释放开始……
[20150921 16:07:02.560 0] 数据库连接释放完毕……
[20150921 16:07:02.560 0] 数据库连接释放开始……
[20150921 16:07:02.561 0] 数据库连接释放完毕……
[20150921 16:07:02.561 0] 数据库连接释放开始……
[20150921 16:07:02.561 0] 数据库连接释放完毕……
[20150921 16:07:02.562 0] 数据库连接释放开始……
[20150921 16:07:02.562 0] 数据库连接释放完毕……
[20150921 16:07:02.562 0] 数据库连接释放开始……
[20150921 16:07:02.563 0] 数据库连接释放完毕……
[20150921 16:07:02.563 0] 数据库连接释放开始……
[20150921 16:07:02.563 0] 数据库连接释放完毕……
[20150921 16:07:02.563 0] 数据库连接释放开始……
[20150921 16:07:02.564 0] 数据库连接释放完毕……
[20150921 16:07:02.564 0] 数据库连接释放开始……
[20150921 16:07:02.564 0] 数据库连接释放完毕……
[20150921 16:07:02.565 0] 数据库连接释放开始……
[20150921 16:07:02.565 0] 数据库连接释放完毕……
[20150921 16:07:02.565 0] 数据库连接释放开始……
[20150921 16:07:02.566 0] 数据库连接释放完毕……
[20150921 16:07:02.566 0] 数据库连接释放开始……
[20150921 16:07:02.566 0] 数据库连接释放完毕……
[20150921 16:07:02.566 0] 数据库连接释放开始……
[20150921 16:07:02.567 0] 数据库连接释放完毕……
[20150921 16:07:02.567 0] 数据库连接释放开始……
[20150921 16:07:02.567 0] 数据库连接释放完毕……
[20150921 16:07:02.568 0] 数据库连接释放开始……
[20150921 16:07:02.568 0] 数据库连接释放完毕……
[20150921 16:07:02.568 0] 数据库连接释放开始……
[20150921 16:07:02.569 0] 数据库连接释放完毕……
[20150921 16:07:02.569 0] 数据库连接释放开始……
[20150921 16:07:02.569 0] 数据库连接释放完毕……
[20150921 16:07:02.570 0] 数据库连接释放开始……
[20150921 16:07:02.571 0] 数据库连接释放完毕……
[20150921 16:07:02.571 0] 数据库连接释放开始……
[20150921 16:07:02.571 0] 数据库连接释放完毕……
[20150921 16:07:02.572 0] 数据库连接释放开始……
[20150921 16:07:02.572 0] 数据库连接释放完毕……
[20150921 16:07:02.573 0] 数据库连接释放开始……
[20150921 16:07:02.573 0] 数据库连接释放完毕……
[20150921 16:07:02.573 0] 数据库连接释放开始……
[20150921 16:07:02.574 0] 数据库连接释放完毕……
[20150921 16:07:02.574 0] 数据库连接释放开始……
[20150921 16:07:02.574 0] 数据库连接释放完毕……
[20150921 16:07:02.575 0] 数据库连接释放开始……
[20150921 16:07:02.575 0] 数据库连接释放完毕……
[20150921 16:07:02.575 0] 数据库连接释放开始……
[20150921 16:07:02.575 0] 数据库连接释放完毕……
[20150921 16:07:02.576 0] 数据库连接释放开始……
[20150921 16:07:02.576 0] 数据库连接释放完毕……
[20150921 16:07:02.577 0] 数据库连接释放开始……
[20150921 16:07:02.578 0] 数据库连接释放完毕……
[20150921 16:07:02.578 0] 数据库连接释放开始……
[20150921 16:07:02.578 0] 数据库连接释放完毕……
[20150921 16:07:02.579 0] 数据库连接释放开始……
[20150921 16:07:02.579 0] 数据库连接释放完毕……
[20150921 16:07:02.579 0] 数据库连接释放开始……
[20150921 16:07:02.580 0] 数据库连接释放完毕……
[20150921 16:07:02.580 0] 数据库连接释放开始……
[20150921 16:07:02.580 0] 数据库连接释放完毕……
[20150921 16:07:02.580 0] 数据库连接释放开始……
[20150921 16:07:02.581 0] 数据库连接释放完毕……
[20150921 16:07:02.581 0] 数据库连接释放开始……
[20150921 16:07:02.581 0] 数据库连接释放完毕……
[20150921 16:07:02.582 0] 数据库连接释放开始……
[20150921 16:07:02.582 0] 数据库连接释放完毕……
[20150921 16:07:02.582 0] 数据库连接释放开始……
[20150921 16:07:02.583 0] 数据库连接释放完毕……
[20150921 16:07:02.583 0] 数据库连接释放开始……
[20150921 16:07:02.583 0] 数据库连接释放完毕……
[20150921 16:07:02.583 0] 数据库连接释放开始……
[20150921 16:07:02.584 0] 数据库连接释放完毕……
[20150921 16:07:02.584 0] 数据库连接释放开始……
[20150921 16:07:02.584 0] 数据库连接释放完毕……
[20150921 16:07:02.585 0] 数据库连接释放开始……
[20150921 16:07:02.585 0] 数据库连接释放完毕……
[20150921 16:07:02.585 0] 数据库连接释放开始……
[20150921 16:07:02.586 0] 数据库连接释放完毕……
[20150921 16:07:02.586 0] 数据库连接释放开始……
[20150921 16:07:02.586 0] 数据库连接释放完毕……
[20150921 16:07:02.587 0] 数据库连接释放开始……
[20150921 16:07:02.587 0] 数据库连接释放完毕……
[20150921 16:07:02.587 0] 数据库连接释放开始……
[20150921 16:07:02.588 0] 数据库连接释放完毕……
[20150921 16:07:02.588 0] 数据库连接释放开始……
[20150921 16:07:02.588 0] 数据库连接释放完毕……
[20150921 16:07:02.589 0] 数据库连接释放开始……
[20150921 16:07:02.589 0] 数据库连接释放完毕……
[20150921 16:07:02.589 0] 数据库连接释放开始……
[20150921 16:07:02.589 0] 数据库连接释放完毕……
[20150921 16:07:02.590 0] 数据库连接释放开始……
[20150921 16:07:02.590 0] 数据库连接释放完毕……
[20150921 16:07:02.590 0] 数据库连接释放开始……
[20150921 16:07:02.591 0] 数据库连接释放完毕……
[20150921 16:07:02.591 0] 数据库连接释放开始……
[20150921 16:07:02.591 0] 数据库连接释放完毕……
[20150921 16:07:02.592 0] 数据库连接释放开始……
[20150921 16:07:02.592 0] 数据库连接释放完毕……
[20150921 16:07:02.592 0] 数据库连接释放开始……
[20150921 16:07:02.593 0] 数据库连接释放完毕……
[20150921 16:07:02.594 0] 数据库连接释放开始……
[20150921 16:07:02.594 0] 数据库连接释放完毕……
[20150921 16:07:02.594 0] 数据库连接释放开始……
[20150921 16:07:02.595 0] 数据库连接释放完毕……
[20150921 16:07:02.595 0] 数据库连接释放开始……
[20150921 16:07:02.595 0] 数据库连接释放完毕……
[20150921 16:07:02.596 0] 数据库连接释放开始……
[20150921 16:07:02.596 0] 数据库连接释放完毕……
[20150921 16:07:02.596 0] 数据库连接释放开始……
[20150921 16:07:02.597 0] 数据库连接释放完毕……
[20150921 16:07:02.597 0] 数据库连接释放开始……
[20150921 16:07:02.597 0] 数据库连接释放完毕……
[20150921 16:07:02.597 0] 数据库连接释放开始……
[20150921 16:07:02.598 0] 数据库连接释放完毕……
[20150921 16:07:02.598 0] 数据库连接释放开始……
[20150921 16:07:02.598 0] 数据库连接释放完毕……
[20150921 16:07:02.599 0] 数据库连接释放开始……
[20150921 16:07:02.599 0] 数据库连接释放完毕……
[20150921 16:07:02.599 0] 数据库连接释放开始……
[20150921 16:07:02.600 0] 数据库连接释放完毕……
[20150921 16:07:02.600 0] 数据库连接释放开始……
[20150921 16:07:02.600 0] 数据库连接释放完毕……
[20150921 16:07:02.600 0] 数据库连接释放开始……
[20150921 16:07:02.602 0] 数据库连接释放完毕……
[20150921 16:07:02.603 0] 数据库连接释放开始……
[20150921 16:07:02.603 0] 数据库连接释放完毕……
[20150921 16:07:02.603 0] 数据库连接释放开始……
[20150921 16:07:02.604 0] 数据库连接释放完毕……
[20150921 16:07:02.604 0] 数据库连接释放开始……
[20150921 16:07:02.604 0] 数据库连接释放完毕……
[20150921 16:07:02.605 0] 数据库连接释放开始……
[20150921 16:07:02.605 0] 数据库连接释放完毕……
[20150921 16:07:02.605 0] 数据库连接释放开始……
[20150921 16:07:02.606 0] 数据库连接释放完毕……
[20150921 16:07:02.606 0] 数据库连接释放开始……
[20150921 16:07:02.606 0] 数据库连接释放完毕……
[20150921 16:07:02.607 0] 数据库连接释放开始……
[20150921 16:07:02.607 0] 数据库连接释放完毕……
[20150921 16:07:02.607 0] 数据库连接释放开始……
[20150921 16:07:02.608 0] 数据库连接释放完毕……
[20150921 16:07:02.608 0] 数据库连接释放开始……
[20150921 16:07:02.608 0] 数据库连接释放完毕……
[20150921 16:07:02.608 0] 数据库连接释放开始……
[20150921 16:07:02.609 0] 数据库连接释放完毕……
[20150921 16:07:02.609 0] 数据库连接释放开始……
[20150921 16:07:02.609 0] 数据库连接释放完毕……
[20150921 16:07:02.610 0] 数据库连接释放开始……
[20150921 16:07:02.610 0] 数据库连接释放完毕……
[20150921 16:07:02.611 0] 数据库连接释放开始……
[20150921 16:07:02.611 0] 数据库连接释放完毕……
[20150921 16:07:02.611 0] 数据库连接释放开始……
[20150921 16:07:02.612 0] 数据库连接释放完毕……
[20150921 16:07:02.612 0] 数据库连接释放开始……
[20150921 16:07:02.612 0] 数据库连接释放完毕……
[20150921 16:07:02.612 0] 数据库连接释放开始……
[20150921 16:07:02.613 0] 数据库连接释放完毕……
[20150921 16:07:02.613 0] 数据库连接释放开始……
[20150921 16:07:02.613 0] 数据库连接释放完毕……
[20150921 16:07:02.614 0] 数据库连接释放开始……
[20150921 16:07:02.614 0] 数据库连接释放完毕……
[20150921 16:07:02.614 0] 数据库连接释放开始……
[20150921 16:07:02.615 0] 数据库连接释放完毕……
[20150921 16:07:02.615 0] 数据库连接释放开始……
[20150921 16:07:02.616 0] 数据库连接释放完毕……
[20150921 16:07:02.616 0] 数据库连接释放开始……
[20150921 16:07:02.617 0] 数据库连接释放完毕……
[20150921 16:07:02.618 0] 数据库连接释放开始……
[20150921 16:07:02.618 0] 数据库连接释放完毕……
[20150921 16:07:02.619 0] 数据库连接释放开始……
[20150921 16:07:02.619 0] 数据库连接释放完毕……
[20150921 16:07:02.619 0] 数据库连接释放开始……
[20150921 16:07:02.620 0] 数据库连接释放完毕……
[20150921 16:07:02.620 0] 数据库连接释放开始……
[20150921 16:07:02.621 0] 数据库连接释放完毕……
[20150921 16:07:02.621 0] 数据库连接释放开始……
[20150921 16:07:02.621 0] 数据库连接释放完毕……
[20150921 16:07:02.622 0] 数据库连接释放开始……
[20150921 16:07:02.622 0] 数据库连接释放完毕……
[20150921 16:07:02.622 0] 数据库连接释放开始……
[20150921 16:07:02.623 0] 数据库连接释放完毕……
[20150921 16:07:02.623 0] 数据库连接释放开始……
[20150921 16:07:02.623 0] 数据库连接释放完毕……
[20150921 16:07:02.624 0] 数据库连接释放开始……
[20150921 16:07:02.624 0] 数据库连接释放完毕……
[20150921 16:07:02.624 0] 数据库连接释放开始……
[20150921 16:07:02.625 0] 数据库连接释放完毕……
[20150921 16:07:02.625 0] 数据库连接释放开始……
[20150921 16:07:02.625 0] 数据库连接释放完毕……
[20150921 16:07:02.625 0] 数据库连接释放开始……
[20150921 16:07:02.626 0] 数据库连接释放完毕……
[20150921 16:07:02.627 0] 数据库连接释放开始……
[20150921 16:07:02.627 0] 数据库连接释放完毕……
[20150921 16:07:02.627 0] 数据库连接释放开始……
[20150921 16:07:02.628 0] 数据库连接释放完毕……
[20150921 16:07:02.629 0] 数据库连接释放开始……
[20150921 16:07:02.629 0] 数据库连接释放完毕……
[20150921 16:07:02.629 0] 数据库连接释放开始……
[20150921 16:07:02.668 0] 数据库连接释放完毕……
[20150921 16:07:02.668 0] 数据库连接释放开始……
[20150921 16:07:02.669 0] 数据库连接释放完毕……
[20150921 16:07:02.669 0] 数据库连接释放开始……
[20150921 16:07:02.669 0] 数据库连接释放完毕……
[20150921 16:07:02.670 0] 数据库连接释放开始……
[20150921 16:07:02.670 0] 数据库连接释放完毕……
[20150921 16:07:02.670 0] 数据库连接释放开始……
[20150921 16:07:02.671 0] 数据库连接释放完毕……
[20150921 16:07:02.671 0] 数据库连接释放开始……
[20150921 16:07:02.671 0] 数据库连接释放完毕……
[20150921 16:07:02.672 0] 数据库连接释放开始……
[20150921 16:07:02.672 0] 数据库连接释放完毕……
[20150921 16:07:02.672 0] 数据库连接释放开始……
[20150921 16:07:02.673 0] 数据库连接释放完毕……
[20150921 16:07:02.673 0] 数据库连接释放开始……
[20150921 16:07:02.673 0] 数据库连接释放完毕……
[20150921 16:07:02.673 0] 数据库连接释放开始……
[20150921 16:07:02.674 0] 数据库连接释放完毕……
[20150921 16:07:02.674 0] 数据库连接释放开始……
[20150921 16:07:02.674 0] 数据库连接释放完毕……
[20150921 16:07:02.675 0] 数据库连接释放开始……
[20150921 16:07:02.675 0] 数据库连接释放完毕……
[20150921 16:07:02.675 0] 数据库连接释放开始……
[20150921 16:07:02.676 0] 数据库连接释放完毕……
[20150921 16:07:02.676 0] 数据库连接释放开始……
[20150921 16:07:02.676 0] 数据库连接释放完毕……
[20150921 16:07:02.677 0] 数据库连接释放开始……
[20150921 16:07:02.677 0] 数据库连接释放完毕……
[20150921 16:07:02.677 0] 数据库连接释放开始……
[20150921 16:07:02.677 0] 数据库连接释放完毕……
[20150921 16:07:02.678 0] 数据库连接释放开始……
[20150921 16:07:02.678 0] 数据库连接释放完毕……
[20150921 16:07:02.678 0] 数据库连接释放开始……
[20150921 16:07:02.679 0] 数据库连接释放完毕……
[20150921 16:07:02.679 0] 数据库连接释放开始……
[20150921 16:07:02.679 0] 数据库连接释放完毕……
[20150921 16:07:02.680 0] 数据库连接释放开始……
[20150921 16:07:02.680 0] 数据库连接释放完毕……
[20150921 16:07:02.681 0] 数据库连接释放开始……
[20150921 16:07:02.681 0] 数据库连接释放完毕……
[20150921 16:07:02.681 0] 数据库连接释放开始……
[20150921 16:07:02.682 0] 数据库连接释放完毕……
[20150921 16:07:02.682 0] 数据库连接释放开始……
[20150921 16:07:02.682 0] 数据库连接释放完毕……
[20150921 16:07:02.683 0] 数据库连接释放开始……
[20150921 16:07:02.683 0] 数据库连接释放完毕……
[20150921 16:07:02.683 0] 数据库连接释放开始……
[20150921 16:07:02.684 0] 数据库连接释放完毕……
[20150921 16:07:02.684 0] 数据库连接释放开始……
[20150921 16:07:02.684 0] 数据库连接释放完毕……
[20150921 16:07:02.685 0] 数据库连接释放开始……
[20150921 16:07:02.685 0] 数据库连接释放完毕……
[20150921 16:07:02.685 0] 数据库连接释放开始……
[20150921 16:07:02.686 0] 数据库连接释放完毕……
[20150921 16:07:02.686 0] 数据库连接释放开始……
[20150921 16:07:02.686 0] 数据库连接释放完毕……
[20150921 16:07:02.686 0] 数据库连接释放开始……
[20150921 16:07:02.687 0] 数据库连接释放完毕……
[20150921 16:07:02.687 0] 数据库连接释放开始……
[20150921 16:07:02.687 0] 数据库连接释放完毕……
[20150921 16:07:02.688 0] 数据库连接释放开始……
[20150921 16:07:02.688 0] 数据库连接释放完毕……
[20150921 16:07:02.688 0] 数据库连接释放开始……
[20150921 16:07:02.689 0] 数据库连接释放完毕……
[20150921 16:07:02.689 0] 数据库连接释放开始……
[20150921 16:07:02.689 0] 数据库连接释放完毕……
[20150921 16:07:02.690 0] 数据库连接释放开始……
[20150921 16:07:02.690 0] 数据库连接释放完毕……
[20150921 16:07:02.690 0] 数据库连接释放开始……
[20150921 16:07:02.690 0] 数据库连接释放完毕……
[20150921 16:07:02.691 0] 数据库连接释放开始……
[20150921 16:07:02.691 0] 数据库连接释放完毕……
[20150921 16:07:02.691 0] 数据库连接释放开始……
[20150921 16:07:02.692 0] 数据库连接释放完毕……
[20150921 16:07:02.692 0] 数据库连接释放开始……
[20150921 16:07:02.692 0] 数据库连接释放完毕……
[20150921 16:07:02.693 0] 数据库连接释放开始……
[20150921 16:07:02.693 0] 数据库连接释放完毕……
[20150921 16:07:02.693 0] 数据库连接释放开始……
[20150921 16:07:02.694 0] 数据库连接释放完毕……
[20150921 16:07:02.694 0] 数据库连接释放开始……
[20150921 16:07:02.694 0] 数据库连接释放完毕……
[20150921 16:07:02.695 0] 数据库连接释放开始……
[20150921 16:07:02.695 0] 数据库连接释放完毕……
[20150921 16:07:02.696 0] 数据库连接释放开始……
[20150921 16:07:02.696 0] 数据库连接释放完毕……
[20150921 16:07:02.697 0] 数据库连接释放开始……
[20150921 16:07:02.697 0] 数据库连接释放完毕……
[20150921 16:07:02.697 0] 数据库连接释放开始……
[20150921 16:07:02.698 0] 数据库连接释放完毕……
[20150921 16:07:02.698 0] 数据库连接释放开始……
[20150921 16:07:02.698 0] 数据库连接释放完毕……
[20150921 16:07:02.699 0] 数据库连接释放开始……
[20150921 16:07:02.699 0] 数据库连接释放完毕……
[20150921 16:07:02.700 0] 数据库连接释放开始……
[20150921 16:07:02.700 0] 数据库连接释放完毕……
[20150921 16:07:02.701 0] 数据库连接释放开始……
[20150921 16:07:02.701 0] 数据库连接释放完毕……
[20150921 16:07:02.701 0] 数据库连接释放开始……
[20150921 16:07:02.702 0] 数据库连接释放完毕……
[20150921 16:07:02.702 0] 数据库连接释放开始……
[20150921 16:07:02.702 0] 数据库连接释放完毕……
[20150921 16:07:02.702 0] 数据库连接释放开始……
[20150921 16:07:02.703 0] 数据库连接释放完毕……
[20150921 16:07:02.703 0] 数据库连接释放开始……
[20150921 16:07:02.703 0] 数据库连接释放完毕……
[20150921 16:07:02.704 0] 数据库连接释放开始……
[20150921 16:07:02.704 0] 数据库连接释放完毕……
[20150921 16:07:02.704 0] 数据库连接释放开始……
[20150921 16:07:02.704 0] 数据库连接释放完毕……
[20150921 16:07:02.705 0] 数据库连接释放开始……
[20150921 16:07:02.705 0] 数据库连接释放完毕……
[20150921 16:07:02.705 0] 数据库连接释放开始……
[20150921 16:07:02.706 0] 数据库连接释放完毕……
[20150921 16:07:02.706 0] 数据库连接释放开始……
[20150921 16:07:02.706 0] 数据库连接释放完毕……
[20150921 16:07:02.707 0] 数据库连接释放开始……
[20150921 16:07:02.707 0] 数据库连接释放完毕……
[20150921 16:07:02.707 0] 数据库连接释放开始……
[20150921 16:07:02.707 0] 数据库连接释放完毕……
[20150921 16:07:02.708 0] 数据库连接释放开始……
[20150921 16:07:02.708 0] 数据库连接释放完毕……
[20150921 16:07:02.708 0] 数据库连接释放开始……
[20150921 16:07:02.709 0] 数据库连接释放完毕……
[20150921 16:07:02.709 0] 数据库连接释放开始……
[20150921 16:07:02.709 0] 数据库连接释放完毕……
[20150921 16:07:02.710 0] 数据库连接释放开始……
[20150921 16:07:02.710 0] 数据库连接释放完毕……
[20150921 16:07:02.710 0] 数据库连接释放开始……
[20150921 16:07:02.711 0] 数据库连接释放完毕……
[20150921 16:07:02.711 0] 数据库连接释放开始……
[20150921 16:07:02.711 0] 数据库连接释放完毕……
[20150921 16:07:02.712 0] 数据库连接释放开始……
[20150921 16:07:02.712 0] 数据库连接释放完毕……
[20150921 16:07:02.712 0] 数据库连接释放开始……
[20150921 16:07:02.713 0] 数据库连接释放完毕……
[20150921 16:07:02.713 0] 数据库连接释放开始……
[20150921 16:07:02.714 0] 数据库连接释放完毕……
[20150921 16:07:02.714 0] 数据库连接释放开始……
[20150921 16:07:02.714 0] 数据库连接释放完毕……
[20150921 16:07:02.715 0] 数据库连接释放开始……
[20150921 16:07:02.715 0] 数据库连接释放完毕……
[20150921 16:07:02.715 0] 数据库连接释放开始……
[20150921 16:07:02.716 0] 数据库连接释放完毕……
[20150921 16:07:02.716 0] 数据库连接释放开始……
[20150921 16:07:02.716 0] 数据库连接释放完毕……
[20150921 16:07:02.716 0] 数据库连接释放开始……
[20150921 16:07:02.717 0] 数据库连接释放完毕……
[20150921 16:07:02.717 0] 数据库连接释放开始……
[20150921 16:07:02.717 0] 数据库连接释放完毕……
[20150921 16:07:02.718 0] 数据库连接释放开始……
[20150921 16:07:02.718 0] 数据库连接释放完毕……
[20150921 16:07:02.718 0] 数据库连接释放开始……
[20150921 16:07:02.719 0] 数据库连接释放完毕……
[20150921 16:07:02.719 0] 数据库连接释放开始……
[20150921 16:07:02.719 0] 数据库连接释放完毕……
[20150921 16:07:02.720 0] 数据库连接释放开始……
[20150921 16:07:02.720 0] 数据库连接释放完毕……
[20150921 16:07:02.720 0] 数据库连接释放开始……
[20150921 16:07:02.721 0] 数据库连接释放完毕……
[20150921 16:07:02.721 0] 数据库连接释放开始……
[20150921 16:07:02.721 0] 数据库连接释放完毕……
[20150921 16:07:02.722 0] 数据库连接释放开始……
[20150921 16:07:02.722 0] 数据库连接释放完毕……
[20150921 16:07:02.722 0] 数据库连接释放开始……
[20150921 16:07:02.722 0] 数据库连接释放完毕……
[20150921 16:07:02.723 0] 数据库连接释放开始……
[20150921 16:07:02.723 0] 数据库连接释放完毕……
[20150921 16:07:02.723 0] 数据库连接释放开始……
[20150921 16:07:02.724 0] 数据库连接释放完毕……
[20150921 16:07:02.724 0] 数据库连接释放开始……
[20150921 16:07:02.724 0] 数据库连接释放完毕……
[20150921 16:07:02.725 0] 数据库连接释放开始……
[20150921 16:07:02.725 0] 数据库连接释放完毕……
[20150921 16:07:02.725 0] 数据库连接释放开始……
[20150921 16:07:02.726 0] 数据库连接释放完毕……
[20150921 16:07:02.726 0] 数据库连接释放开始……
[20150921 16:07:02.726 0] 数据库连接释放完毕……
[20150921 16:07:02.726 0] 数据库连接释放开始……
[20150921 16:07:02.727 0] 数据库连接释放完毕……
[20150921 16:07:02.727 0] 数据库连接释放开始……
[20150921 16:07:02.727 0] 数据库连接释放完毕……
[20150921 16:07:02.728 0] 数据库连接释放开始……
[20150921 16:07:02.728 0] 数据库连接释放完毕……
[20150921 16:07:02.729 0] 数据库连接释放开始……
[20150921 16:07:02.729 0] 数据库连接释放完毕……
[20150921 16:07:02.729 0] 数据库连接释放开始……
[20150921 16:07:02.729 0] 数据库连接释放完毕……
[20150921 16:07:02.730 0] 数据库连接释放开始……
[20150921 16:07:02.730 0] 数据库连接释放完毕……
[20150921 16:07:02.730 0] 数据库连接释放开始……
[20150921 16:07:02.731 0] 数据库连接释放完毕……
[20150921 16:07:02.731 0] 数据库连接释放开始……
[20150921 16:07:02.731 0] 数据库连接释放完毕……
[20150921 16:07:02.732 0] 数据库连接释放开始……
[20150921 16:07:02.732 0] 数据库连接释放完毕……
[20150921 16:07:02.732 0] 数据库连接释放开始……
[20150921 16:07:02.733 0] 数据库连接释放完毕……
[20150921 16:07:02.733 0] 数据库连接释放开始……
[20150921 16:07:02.733 0] 数据库连接释放完毕……
[20150921 16:07:02.733 0] 数据库连接释放开始……
[20150921 16:07:02.734 0] 数据库连接释放完毕……
[20150921 16:07:02.734 0] 数据库连接释放开始……
[20150921 16:07:02.734 0] 数据库连接释放完毕……
[20150921 16:07:02.735 0] 数据库连接释放开始……
[20150921 16:07:02.735 0] 数据库连接释放完毕……
[20150921 16:07:02.735 0] 数据库连接释放开始……
[20150921 16:07:02.736 0] 数据库连接释放完毕……
[20150921 16:07:02.736 0] 数据库连接释放开始……
[20150921 16:07:02.736 0] 数据库连接释放完毕……
[20150921 16:07:02.737 0] 数据库连接释放开始……
[20150921 16:07:02.737 0] 数据库连接释放完毕……
[20150921 16:07:02.737 0] 数据库连接释放开始……
[20150921 16:07:02.738 0] 数据库连接释放完毕……
[20150921 16:07:02.738 0] 数据库连接释放开始……
[20150921 16:07:02.738 0] 数据库连接释放完毕……
[20150921 16:07:02.738 0] 数据库连接释放开始……
[20150921 16:07:02.739 0] 数据库连接释放完毕……
[20150921 16:07:02.739 0] 数据库连接释放开始……
[20150921 16:07:02.739 0] 数据库连接释放完毕……
[20150921 16:07:02.740 0] 数据库连接释放开始……
[20150921 16:07:02.740 0] 数据库连接释放完毕……
[20150921 16:07:02.740 0] 数据库连接释放开始……
[20150921 16:07:02.741 0] 数据库连接释放完毕……
[20150921 16:07:02.741 0] 数据库连接释放开始……
[20150921 16:07:02.741 0] 数据库连接释放完毕……
[20150921 16:07:02.742 0] 数据库连接释放开始……
[20150921 16:07:02.742 0] 数据库连接释放完毕……
[20150921 16:07:02.743 0] 数据库连接释放开始……
[20150921 16:07:02.743 0] 数据库连接释放完毕……
[20150921 16:07:02.743 0] 数据库连接释放开始……
[20150921 16:07:02.744 0] 数据库连接释放完毕……
[20150921 16:07:02.744 0] 数据库连接释放开始……
[20150921 16:07:02.744 0] 数据库连接释放完毕……
[20150921 16:07:02.745 0] 数据库连接释放开始……
[20150921 16:07:02.745 0] 数据库连接释放完毕……
[20150921 16:07:02.745 0] 数据库连接释放开始……
[20150921 16:07:02.746 0] 数据库连接释放完毕……
[20150921 16:07:02.746 0] 数据库连接释放开始……
[20150921 16:07:02.746 0] 数据库连接释放完毕……
[20150921 16:07:02.746 0] 数据库连接释放开始……
[20150921 16:07:02.747 0] 数据库连接释放完毕……
[20150921 16:07:02.747 0] 数据库连接释放开始……
[20150921 16:07:02.748 0] 数据库连接释放完毕……
[20150921 16:07:02.748 0] 数据库连接释放开始……
[20150921 16:07:02.748 0] 数据库连接释放完毕……
[20150921 16:07:02.749 0] 数据库连接释放开始……
[20150921 16:07:02.749 0] 数据库连接释放完毕……
[20150921 16:07:02.750 0] 数据库连接释放开始……
[20150921 16:07:02.750 0] 数据库连接释放完毕……
[20150921 16:07:02.750 0] 数据库连接释放开始……
[20150921 16:07:02.751 0] 数据库连接释放完毕……
[20150921 16:07:02.751 0] 数据库连接释放开始……
[20150921 16:07:02.751 0] 数据库连接释放完毕……
[20150921 16:07:02.751 0] 数据库连接释放开始……
[20150921 16:07:02.752 0] 数据库连接释放完毕……
[20150921 16:07:02.752 0] 数据库连接释放开始……
[20150921 16:07:02.752 0] 数据库连接释放完毕……
[20150921 16:07:02.753 0] 数据库连接释放开始……
[20150921 16:07:02.753 0] 数据库连接释放完毕……
[20150921 16:07:02.753 0] 数据库连接释放开始……
[20150921 16:07:02.754 0] 数据库连接释放完毕……
[20150921 16:07:02.754 0] 数据库连接释放开始……
[20150921 16:07:02.754 0] 数据库连接释放完毕……
[20150921 16:07:02.755 0] 数据库连接释放开始……
[20150921 16:07:02.755 0] 数据库连接释放完毕……
[20150921 16:07:02.755 0] 数据库连接释放开始……
[20150921 16:07:02.755 0] 数据库连接释放完毕……
[20150921 16:07:02.756 0] 数据库连接释放开始……
[20150921 16:07:02.756 0] 数据库连接释放完毕……
[20150921 16:07:02.756 0] 数据库连接释放开始……
[20150921 16:07:02.757 0] 数据库连接释放完毕……
[20150921 16:07:02.757 0] 数据库连接释放开始……
[20150921 16:07:02.758 0] 数据库连接释放完毕……
[20150921 16:07:02.758 0] 数据库连接释放开始……
[20150921 16:07:02.758 0] 数据库连接释放完毕……
[20150921 16:07:02.759 0] 数据库连接释放开始……
[20150921 16:07:02.759 0] 数据库连接释放完毕……
[20150921 16:07:02.759 0] 数据库连接释放开始……
[20150921 16:07:03.019 0] 数据库连接释放完毕……
