[20150814 14:24:08]当前在线数: 0
[20150814 14:24:51]当前在线数: 0
[20150814 14:25:51]当前在线数: 0
[20150814 14:26:22]当前在线数: 0
[20150814 14:27:55]当前在线数: 0
[20150814 14:28:30]当前在线数: 0
[20150814 14:29:30]当前在线数: 0
[20150814 14:30:30]当前在线数: 0
[20150814 14:31:30]当前在线数: 0
[20150814 14:32:30]当前在线数: 0
[20150814 14:33:30]当前在线数: 0
[20150814 14:34:30]当前在线数: 0
[20150814 14:35:30]当前在线数: 0
[20150814 14:36:30]当前在线数: 0
[20150814 15:51:50]当前在线数: 0
[20150814 15:52:50]当前在线数: 0
[20150814 15:53:50]当前在线数: 0
[20150814 15:54:50]当前在线数: 0
[20150814 15:55:50]当前在线数: 0
[20150814 15:56:50]当前在线数: 0
[20150814 15:57:50]当前在线数: 0
[20150814 15:58:50]当前在线数: 0
[20150814 15:59:50]当前在线数: 0
[20150814 16:00:50]当前在线数: 0
[20150814 16:01:50]当前在线数: 0
[20150814 16:02:50]当前在线数: 0
[20150814 16:03:50]当前在线数: 0
[20150814 16:04:50]当前在线数: 0
[20150814 16:05:50]当前在线数: 0
[20150814 16:06:50]当前在线数: 0
[20150814 16:07:50]当前在线数: 0
[20150814 16:08:50]当前在线数: 0
[20150814 16:09:50]当前在线数: 0
[20150814 16:10:50]当前在线数: 0
[20150814 16:11:50]当前在线数: 0
[20150814 16:12:50]当前在线数: 0
[20150814 16:13:50]当前在线数: 0
[20150814 16:14:50]当前在线数: 0
[20150814 16:15:50]当前在线数: 0
[20150814 16:16:50]当前在线数: 0
[20150814 16:17:50]当前在线数: 0
[20150814 16:18:50]当前在线数: 0
[20150814 16:19:50]当前在线数: 0
[20150814 16:20:50]当前在线数: 0
[20150814 16:21:50]当前在线数: 0
[20150814 16:22:50]当前在线数: 0
[20150814 16:23:50]当前在线数: 0
[20150814 16:24:50]当前在线数: 0
[20150814 16:25:50]当前在线数: 0
[20150814 16:26:50]当前在线数: 0
[20150814 16:27:50]当前在线数: 0
[20150814 16:28:50]当前在线数: 0
[20150814 16:29:50]当前在线数: 0
[20150814 16:30:50]当前在线数: 0
[20150814 16:31:50]当前在线数: 0
[20150814 16:32:50]当前在线数: 0
[20150814 16:33:50]当前在线数: 0
[20150814 16:34:50]当前在线数: 0
[20150814 16:35:50]当前在线数: 0
[20150814 16:36:50]当前在线数: 0
[20150814 16:37:50]当前在线数: 0
[20150814 16:38:50]当前在线数: 0
[20150814 16:39:50]当前在线数: 0
[20150814 16:40:50]当前在线数: 0
[20150814 16:41:50]当前在线数: 0
[20150814 16:42:50]当前在线数: 0
[20150814 16:43:50]当前在线数: 0
[20150814 16:44:50]当前在线数: 0
[20150814 16:45:50]当前在线数: 0
[20150814 16:46:50]当前在线数: 0
[20150814 16:47:50]当前在线数: 0
[20150814 16:48:50]当前在线数: 0
[20150814 16:49:50]当前在线数: 0
[20150814 16:50:50]当前在线数: 0
[20150814 16:51:50]当前在线数: 0
[20150814 16:52:50]当前在线数: 0
[20150814 16:53:50]当前在线数: 0
[20150814 16:54:50]当前在线数: 0
[20150814 16:55:50]当前在线数: 0
[20150814 16:56:50]当前在线数: 0
[20150814 16:57:50]当前在线数: 0
[20150814 16:58:50]当前在线数: 0
[20150814 16:59:50]当前在线数: 0
[20150814 17:00:50]当前在线数: 0
[20150814 17:01:50]当前在线数: 0
[20150814 17:02:50]当前在线数: 0
[20150814 17:03:50]当前在线数: 0
[20150814 17:04:50]当前在线数: 0
[20150814 17:05:50]当前在线数: 0
[20150814 17:06:50]当前在线数: 0
[20150814 17:07:50]当前在线数: 0
[20150814 17:08:50]当前在线数: 0
[20150814 17:09:50]当前在线数: 0
[20150814 17:10:50]当前在线数: 0
[20150814 17:11:50]当前在线数: 0
[20150814 17:12:50]当前在线数: 0
[20150814 17:13:50]当前在线数: 0
[20150814 17:14:50]当前在线数: 0
[20150814 17:15:50]当前在线数: 0
[20150814 17:16:50]当前在线数: 0
[20150814 17:17:50]当前在线数: 0
[20150814 17:18:50]当前在线数: 0
[20150814 17:19:50]当前在线数: 0
[20150814 17:20:50]当前在线数: 0
[20150814 17:21:50]当前在线数: 0
[20150814 17:22:50]当前在线数: 0
[20150814 17:23:50]当前在线数: 0
[20150814 17:24:50]当前在线数: 0
[20150814 17:25:50]当前在线数: 0
[20150814 17:26:50]当前在线数: 0
[20150814 17:27:50]当前在线数: 0
[20150814 17:28:50]当前在线数: 0
[20150814 17:29:50]当前在线数: 0
[20150814 17:30:50]当前在线数: 0
[20150814 17:31:50]当前在线数: 0
[20150814 17:32:50]当前在线数: 0
[20150814 17:33:50]当前在线数: 0
[20150814 17:34:50]当前在线数: 0
[20150814 17:35:50]当前在线数: 0
[20150814 17:36:50]当前在线数: 0
[20150814 17:37:50]当前在线数: 0
[20150814 17:38:50]当前在线数: 0
[20150814 17:39:50]当前在线数: 0
[20150814 17:40:50]当前在线数: 0
[20150814 17:41:50]当前在线数: 0
[20150814 17:42:50]当前在线数: 0
[20150814 17:43:50]当前在线数: 0
[20150814 17:44:50]当前在线数: 0
[20150814 17:45:50]当前在线数: 0
[20150814 17:46:50]当前在线数: 0
[20150814 17:47:50]当前在线数: 0
[20150814 17:48:50]当前在线数: 0
[20150814 17:49:50]当前在线数: 0
[20150814 17:50:50]当前在线数: 0
[20150814 17:51:50]当前在线数: 0
[20150814 17:52:50]当前在线数: 0
[20150814 17:53:50]当前在线数: 0
[20150814 17:54:50]当前在线数: 0
[20150814 17:55:50]当前在线数: 0
[20150814 17:56:50]当前在线数: 0
